#
# A fatal error has been detected by the Java Runtime Environment:
#
#  EXCEPTION_ACCESS_VIOLATION (0xc0000005) at pc=0x00007ff8fd546587, pid=28012, tid=31416
#
# JRE version: OpenJDK Runtime Environment Corretto-21.0.6.7.1 (21.0.6+7) (build 21.0.6+7-LTS)
# Java VM: OpenJDK 64-Bit Server VM Corretto-21.0.6.7.1 (21.0.6+7-LTS, mixed mode, sharing, tiered, compressed oops, compressed class ptrs, g1 gc, windows-amd64)
# Problematic frame:
# C  [glass.dll+0x26587]
#
# No core dump will be written. Minidumps are not enabled by default on client versions of Windows
#
# If you would like to submit a bug report, please visit:
#   https://github.com/corretto/corretto-21/issues/
#

---------------  S U M M A R Y ------------

Command Line: -javaagent:C:\Users\e093379\AppData\Local\JetBrains\IntelliJ IDEA 2024.3.1\lib\idea_rt.jar=53239:C:\Users\e093379\AppData\Local\JetBrains\IntelliJ IDEA 2024.3.1\bin -Dfile.encoding=UTF-8 -Dsun.stdout.encoding=UTF-8 -Dsun.stderr.encoding=UTF-8 --module-path=C:\.m2\repository\org\openjfx\javafx-controls\21\javafx-controls-21-win.jar;C:\.m2\repository\org\openjfx\javafx-base\21\javafx-base-21-win.jar;C:\Users\e093379\Desktop\Project_IHM\Project_IHM1\target\classes;C:\.m2\repository\org\openjfx\javafx-fxml\21\javafx-fxml-21-win.jar;C:\.m2\repository\org\openjfx\javafx-graphics\21\javafx-graphics-21-win.jar -Djdk.module.main=com.example.project_ihm com.example.project_ihm/com.example.project_ihm.Main

Host: 13th Gen Intel(R) Core(TM) i7-13800H, 20 cores, 31G,  Windows 11 , 64 bit Build 22621 (10.0.22621.5262)
Time: Mon Jun  9 20:34:42 2025 Paris, Madrid (heure duild 22621 (10.0.22621.5262) elapsed time: 3.969735 seconds (0d 0h 0m 3s)

---------------  T H R E A D  ---------------

Current thread (0x0000027c34dc3c60):  VMThread "VM Thread"          [id=31416, stack(0x000000f809b00000,0x000000f809c00000) (1024K)]

Stack: [0x000000f809b00000,0x000000f809c00000],  sp=0x000000f809bfeec0,  free space=1019k
Native frames: (J=compiled Java code, j=interpreted, Vv=VM code, C=native code)
C  [glass.dll+0x26587]


siginfo: EXCEPTION_ACCESS_VIOLATION (0xc0000005), reading address 0x0000000000000000


Registers:
RAX=0x0000000000000000, RBX=0x0000027c34dd13ba, RCX=0x0000027c34dc3c60, RDX=0x000000f809bfeec0
RSP=0x000000f809bfeec0, RBP=0x0000027c7efb8448, RSI=0x000000f809bfefc8, RDI=0x0000027c7efb8420
R8 =0x0000000000010002, R9 =0x0000027c7efb8420, R10=0x85f13e9656da4870, R11=0x000000f809bfee50
R12=0x00007ff8fd543ed0, R13=0x00007ff86a3061c0, R14=0x0000e1e010bd6c6d, R15=0x0000027c7efb8420
RIP=0x00007ff8fd546587, EFLAGS=0x0000000000010206

XMM[0]=0x0000000000000000 0x0000000000000000
XMM[1]=0x0000000000000000 0x000000f809bfdb70
XMM[2]=0x0000000000000000 0x0000000000000000
XMM[3]=0x0000000000000000 0x0000000000000000
XMM[4]=0x0000000000000000 0x0000000000000000
XMM[5]=0x0000000000000000 0x0000000000000000
XMM[6]=0x0000000000000000 0x0000000000000000
XMM[7]=0x0000000000000000 0x404e000000000000
XMM[8]=0x0000000000000000 0x0000000000000000
XMM[9]=0x0000000000000000 0x0000000000000000
XMM[10]=0x0000000000000000 0x0000000000000000
XMM[11]=0x0000000000000000 0x0000000000000000
XMM[12]=0x0000000000000000 0x0000000000000000
XMM[13]=0x0000000000000000 0x0000000000000000
XMM[14]=0x0000000000000000 0x0000000000000000
XMM[15]=0x0000000000000000 0x0000000000000000
  MXCSR=0x00001fa0


Register to memory mapping:

RAX=0x0 is null
RBX=0x0000027c34dd13ba is a global jni handle
RCX=0x0000027c34dc3c60 points into unknown readable memory: 0x00007ff86a104ca0 | a0 4c 10 6a f8 7f 00 00
RDX=0x000000f809bfeec0 points into unknown readable memory: 0x0000000000000000 | 00 00 00 00 00 00 00 00
RSP=0x000000f809bfeec0 points into unknown readable memory: 0x0000000000000000 | 00 00 00 00 00 00 00 00
RBP=0x0000027c7efb8448 points into unknown readable memory: 0x0000e1e010bd6c6d | 6d 6c bd 10 e0 e1 00 00
RSI=0x000000f809bfefc8 points into unknown readable memory: 0x000000f809bfefb0 | b0 ef bf 09 f8 00 00 00
RDI=0x0000027c7efb8420 points into unknown readable memory: 0x873de1e01f4273c7 | c7 73 42 1f e0 e1 3d 87
R8 =0x0000000000010002 is an unknown value
R9 =0x0000027c7efb8420 points into unknown readable memory: 0x873de1e01f4273c7 | c7 73 42 1f e0 e1 3d 87
R10=0x85f13e9656da4870 is an unknown value
R11=0x000000f809bfee50 points into unknown readable memory: 0x0000027c7efb8420 | 20 84 fb 7e 7c 02 00 00
R12=0x00007ff8fd543ed0 glass.dll
R13=0x00007ff86a3061c0 jvm.dll
R14=0x0000e1e010bd6c6d is an unknown value
R15=0x0000027c7efb8420 points into unknown readable memory: 0x873de1e01f4273c7 | c7 73 42 1f e0 e1 3d 87

Top of Stack: (sp=0x000000f809bfeec0)
0x000000f809bfeec0:   0000000000000000 000000f809bfefc8
0x000000f809bfeed0:   00007ff86a3061c0 00007ff8fd543ed0
0x000000f809bfeee0:   0000027c7efb8428 00007ff934553a93
0x000000f809bfeef0:   0000027c7efb8420 0000027c00000000
0x000000f809bfef00:   0000027c7efb8448 000000f809bfefc8
0x000000f809bfef10:   fffffffffffffffe 0000000000000000
0x000000f809bfef20:   0000000000000001 00007ff8fd520000
0x000000f809bfef30:   000000f809bfefb8 00007ff93452042e
0x000000f809bfef40:   0000000000000000 000000f809bfefc8
0x000000f809bfef50:   000000f809bff2b0 0000000000000001
0x000000f809bfef60:   0000000000000001 00007ff93451dddd
0x000000f809bfef70:   0000000000000000 00007ff8fd5436c9
0x000000f809bfef80:   00007ff933f465e0 000000f809bfefb8
0x000000f809bfef90:   fffffffffffffffe 000000f809bfef80
0x000000f809bfefa0:   0000000000000000 00007ff8fd543d5d
0x000000f809bfefb0:   00007ff8fd55a008 00007ff900000002
0x000000f809bfefc0:   0000000000000002 000000f809bfefb0
0x000000f809bfefd0:   000074022240ce00 00007ff937198b13
0x000000f809bfefe0:   0000000000000000 00007ff8fd543e82
0x000000f809bfeff0:   0000000000000001 000000007ffe0385
0x000000f809bff000:   000000f809bff2b0 0000000000000001
0x000000f809bff010:   0000027c1060eae8 00007ff92b55fe77
0x000000f809bff020:   0000027c00000001 0000000000000016
0x000000f809bff030:   00007ff8fd520000 000000007ffe0384
0x000000f809bff040:   0000000000000000 00007ff937198baf
0x000000f809bff050:   00007ff8fd520000 0000000000000000
0x000000f809bff060:   0000000000000001 000000007ffe0385
0x000000f809bff070:   0000000000000000 00007ff9371c17f9
0x000000f809bff080:   000014c6b4730c00 0000000000000014
0x000000f809bff090:   00007ff8fd543ed0 0000000000000000
0x000000f809bff0a0:   0000000000000000 000000f808e57000
0x000000f809bff0b0:   0000027c7ed06020 00007ff9371c15b6 

Instructions: (pc=0x00007ff8fd546587)
0x00007ff8fd546487:   8b 4d 58 e8 8d cf ff ff 48 8b 4d 60 e8 84 cf ff
0x00007ff8fd546497:   ff 48 8b 95 80 00 00 00 48 8b 8d 18 01 00 00 e8
0x00007ff8fd5464a7:   76 c4 ff ff 33 d2 33 c9 e8 cc e1 ff ff 90 48 89
0x00007ff8fd5464b7:   54 24 10 55 48 83 ec 20 48 8b ea 48 b8 00 00 00
0x00007ff8fd5464c7:   00 00 00 00 00 48 83 c4 20 5d c3 cc 40 55 48 8b
0x00007ff8fd5464d7:   ea 48 8b 01 33 c9 81 38 05 00 00 c0 0f 94 c1 8b
0x00007ff8fd5464e7:   c1 5d c3 cc 40 55 48 83 ec 20 48 8b ea 8a 4d 40
0x00007ff8fd5464f7:   48 83 c4 20 5d e9 73 d3 ff ff cc 40 55 48 83 ec
0x00007ff8fd546507:   20 48 8b ea 8a 4d 20 e8 61 d3 ff ff 90 48 83 c4
0x00007ff8fd546517:   20 5d c3 cc 40 55 48 83 ec 20 48 8b ea 48 83 c4
0x00007ff8fd546527:   20 5d e9 c2 d1 ff ff cc 40 55 48 83 ec 30 48 8b
0x00007ff8fd546537:   ea 48 8b 01 8b 10 48 89 4c 24 28 89 54 24 20 4c
0x00007ff8fd546547:   8d 0d 63 d6 ff ff 4c 8b 45 70 8b 55 68 48 8b 4d
0x00007ff8fd546557:   60 e8 03 d1 ff ff 90 48 83 c4 30 5d c3 cc cc cc
0x00007ff8fd546567:   cc cc cc cc cc cc cc cc cc 40 53 48 83 ec 20 48
0x00007ff8fd546577:   8b 1d 8b 34 01 00 48 85 db 74 16 e8 89 8f ff ff
0x00007ff8fd546587:   4c 8b 00 48 8b d3 48 8b c8 41 ff 90 b0 00 00 00
0x00007ff8fd546597:   90 48 83 c4 20 5b c3 cc cc 40 53 48 83 ec 20 48
0x00007ff8fd5465a7:   8b 1d fb 35 01 00 48 85 db 74 57 b8 ff ff ff ff
0x00007ff8fd5465b7:   f0 0f c1 43 10 83 f8 01 75 3d 48 85 db 74 38 48
0x00007ff8fd5465c7:   8b 0b 48 85 c9 74 0d ff 15 d4 0c 00 00 48 c7 03
0x00007ff8fd5465d7:   00 00 00 00 48 8b 4b 08 48 85 c9 74 0d e8 33 ce
0x00007ff8fd5465e7:   ff ff 48 c7 43 08 00 00 00 00 ba 18 00 00 00 48
0x00007ff8fd5465f7:   8b cb e8 1e ce ff ff 48 c7 05 9f 35 01 00 00 00
0x00007ff8fd546607:   00 00 48 83 c4 20 5b c3 cc 40 53 48 83 ec 20 48
0x00007ff8fd546617:   8b 1d 6b 35 01 00 48 85 db 74 57 b8 ff ff ff ff
0x00007ff8fd546627:   f0 0f c1 43 10 83 f8 01 75 3d 48 85 db 74 38 48
0x00007ff8fd546637:   8b 0b 48 85 c9 74 0d ff 15 64 0c 00 00 48 c7 03
0x00007ff8fd546647:   00 00 00 00 48 8b 4b 08 48 85 c9 74 0d e8 c3 cd
0x00007ff8fd546657:   ff ff 48 c7 43 08 00 00 00 00 ba 18 00 00 00 48
0x00007ff8fd546667:   8b cb e8 ae cd ff ff 48 c7 05 0f 35 01 00 00 00
0x00007ff8fd546677:   00 00 48 83 c4 20 5b c3 cc 40 53 48 83 ec 20 48 


Stack slot to memory mapping:

stack at sp + 0 slots: 0x0 is null
stack at sp + 1 slots: 0x000000f809bfefc8 points into unknown readable memory: 0x000000f809bfefb0 | b0 ef bf 09 f8 00 00 00
stack at sp + 2 slots: 0x00007ff86a3061c0 jvm.dll
stack at sp + 3 slots: 0x00007ff8fd543ed0 glass.dll
stack at sp + 4 slots: 0x0000027c7efb8428 points into unknown readable memory: 0x0000e1e010bd6c6d | 6d 6c bd 10 e0 e1 00 00
stack at sp + 5 slots: 0x00007ff934553a93 ucrtbase.dll
stack at sp + 6 slots: 0x0000027c7efb8420 points into unknown readable memory: 0x873de1e01f4273c7 | c7 73 42 1f e0 e1 3d 87
stack at sp + 7 slots: 0x0000027c00000000 points into unknown readable memory: 0x0000000000000000 | 00 00 00 00 00 00 00 00

VM_Operation (0x000000f80bdf9be0): Exit, mode: safepoint, requested by thread 0x0000027c020e8da0


---------------  P R O C E S S  ---------------

Threads class SMR info:
_java_thread_list=0x0000027c7ecc3930, length=25, elements={
0x0000027c12afc780, 0x0000027c34dde3b0, 0x0000027c34ddf2c0, 0x0000027c34de2700,
0x0000027c34de6170, 0x0000027c34de72e0, 0x0000027c34de9bd0, 0x0000027c34dec960,
0x0000027c34df5810, 0x0000027c790809c0, 0x0000027c7918b7d0, 0x0000027c7918be70,
0x0000027c79222ea0, 0x0000027c79bbbcf0, 0x0000027c7e115c40, 0x0000027c7e994ed0,
0x0000027c7e90b550, 0x0000027c7ef21160, 0x0000027c7ece5ef0, 0x0000027c7ece9180,
0x0000027c020ea150, 0x0000027c020e8da0, 0x0000027c021b4a70, 0x0000027c021b5790,
0x0000027c021b5e20
}

Java Threads: ( => current thread )
  0x0000027c12afc780 JavaThread "main"                              [_thread_blocked, id=24616, stack(0x000000f809400000,0x000000f809500000) (1024K)]
  0x0000027c34dde3b0 JavaThread "Reference Handler"          daemon [_thread_blocked, id=27280, stack(0x000000f809c00000,0x000000f809d00000) (1024K)]
  0x0000027c34ddf2c0 JavaThread "Finalizer"                  daemon [_thread_blocked, id=17536, stack(0x000000f809d00000,0x000000f809e00000) (1024K)]
  0x0000027c34de2700 JavaThread "Signal Dispatcher"          daemon [_thread_blocked, id=37388, stack(0x000000f809e00000,0x000000f809f00000) (1024K)]
  0x0000027c34de6170 JavaThread "Attach Listener"            daemon [_thread_blocked, id=27804, stack(0x000000f809f00000,0x000000f80a000000) (1024K)]
  0x0000027c34de72e0 JavaThread "Service Thread"             daemon [_thread_blocked, id=3260, stack(0x000000f80a000000,0x000000f80a100000) (1024K)]
  0x0000027c34de9bd0 JavaThread "Monitor Deflation Thread"   daemon [_thread_blocked, id=19788, stack(0x000000f80a100000,0x000000f80a200000) (1024K)]
  0x0000027c34dec960 JavaThread "C2 CompilerThread0"         daemon [_thread_blocked, id=33160, stack(0x000000f80a200000,0x000000f80a300000) (1024K)]
  0x0000027c34df5810 JavaThread "C1 CompilerThread0"         daemon [_thread_blocked, id=37020, stack(0x000000f80a300000,0x000000f80a400000) (1024K)]
  0x0000027c790809c0 JavaThread "Common-Cleaner"             daemon [_thread_blocked, id=15488, stack(0x000000f80a400000,0x000000f80a500000) (1024K)]
  0x0000027c7918b7d0 JavaThread "C1 CompilerThread1"         daemon [_thread_blocked, id=11912, stack(0x000000f80a500000,0x000000f80a600000) (1024K)]
  0x0000027c7918be70 JavaThread "C1 CompilerThread2"         daemon [_thread_blocked, id=34812, stack(0x000000f80a600000,0x000000f80a700000) (1024K)]
  0x0000027c79222ea0 JavaThread "C1 CompilerThread3"         daemon [_thread_blocked, id=31840, stack(0x000000f80a800000,0x000000f80a900000) (1024K)]
  0x0000027c79bbbcf0 JavaThread "Monitor Ctrl-Break"         daemon [_thread_in_native, id=16324, stack(0x000000f80ac00000,0x000000f80ad00000) (1024K)]
  0x0000027c7e115c40 JavaThread "Notification Thread"        daemon [_thread_blocked, id=9856, stack(0x000000f80ad00000,0x000000f80ae00000) (1024K)]
  0x0000027c7e994ed0 JavaThread "QuantumRenderer-0"          daemon [_thread_blocked, id=9340, stack(0x000000f80af00000,0x000000f80b000000) (1024K)]
  0x0000027c7e90b550 JavaThread "RMI TCP Accept-0"           daemon [_thread_in_native, id=9020, stack(0x000000f80bb00000,0x000000f80bc00000) (1024K)]
  0x0000027c7ef21160 JavaThread "RMI TCP Connection(1)-192.168.1.70" daemon [_thread_in_vm, id=3180, stack(0x000000f80bc00000,0x000000f80bd00000) (1024K)]
  0x0000027c7ece5ef0 JavaThread "RMI Scheduler(0)"           daemon [_thread_blocked, id=34644, stack(0x000000f80c100000,0x000000f80c200000) (1024K)]
  0x0000027c7ece9180 JavaThread "JMX server connection timeout 46" daemon [_thread_blocked, id=27344, stack(0x000000f80c200000,0x000000f80c300000) (1024K)]
  0x0000027c020ea150 JavaThread "InvokeLaterDispatcher"      daemon [_thread_blocked, id=33148, stack(0x000000f80ae00000,0x000000f80af00000) (1024K)]
  0x0000027c020e8da0 JavaThread "JavaFX Application Thread"         [_thread_blocked, id=31168, stack(0x000000f80bd00000,0x000000f80be00000) (1024K)]
  0x0000027c021b4a70 JavaThread "JavaFX-Launcher"                   [_thread_blocked, id=31324, stack(0x000000f80a900000,0x000000f80aa00000) (1024K)]
  0x0000027c021b5790 JavaThread "Thread-2"                   daemon [_thread_in_native, id=24816, stack(0x000000f80a700000,0x000000f80a800000) (1024K)]
  0x0000027c021b5e20 JavaThread "Prism Font Disposer"        daemon [_thread_blocked, id=12552, stack(0x000000f80cf00000,0x000000f80d000000) (1024K)]
Total: 25

Other Threads:
=>0x0000027c34dc3c60 VMThread "VM Thread"                           [id=31416, stack(0x000000f809b00000,0x000000f809c00000) (1024K)]
  0x0000027c34c60670 WorkerThread "GC Thread#0"                     [id=22032, stack(0x000000f809500000,0x000000f809600000) (1024K)]
  0x0000027c7e8fa950 WorkerThread "GC Thread#1"                     [id=3720, stack(0x000000f80b000000,0x000000f80b100000) (1024K)]
  0x0000027c7e8f3ea0 WorkerThread "GC Thread#2"                     [id=3984, stack(0x000000f80b100000,0x000000f80b200000) (1024K)]
  0x0000027c7e8f4240 WorkerThread "GC Thread#3"                     [id=7344, stack(0x000000f80b200000,0x000000f80b300000) (1024K)]
  0x0000027c7e4a1dc0 WorkerThread "GC Thread#4"                     [id=17128, stack(0x000000f80b300000,0x000000f80b400000) (1024K)]
  0x0000027c7e4a2160 WorkerThread "GC Thread#5"                     [id=33508, stack(0x000000f80b400000,0x000000f80b500000) (1024K)]
  0x0000027c7e243ce0 WorkerThread "GC Thread#6"                     [id=30640, stack(0x000000f80b500000,0x000000f80b600000) (1024K)]
  0x0000027c7e244080 WorkerThread "GC Thread#7"                     [id=24004, stack(0x000000f80b600000,0x000000f80b700000) (1024K)]
  0x0000027c7e2448a0 WorkerThread "GC Thread#8"                     [id=16568, stack(0x000000f80b700000,0x000000f80b800000) (1024K)]
  0x0000027c7e49b890 WorkerThread "GC Thread#9"                     [id=19736, stack(0x000000f80b800000,0x000000f80b900000) (1024K)]
  0x0000027c7e49b150 WorkerThread "GC Thread#10"                    [id=31588, stack(0x000000f80b900000,0x000000f80ba00000) (1024K)]
  0x0000027c7e49c710 WorkerThread "GC Thread#11"                    [id=38216, stack(0x000000f80ba00000,0x000000f80bb00000) (1024K)]
  0x0000027c0ca20050 WorkerThread "GC Thread#12"                    [id=27696, stack(0x000000f80cc00000,0x000000f80cd00000) (1024K)]
  0x0000027c0ca20b30 WorkerThread "GC Thread#13"                    [id=29220, stack(0x000000f80cd00000,0x000000f80ce00000) (1024K)]
  0x0000027c0ca203f0 WorkerThread "GC Thread#14"                    [id=30776, stack(0x000000f80ce00000,0x000000f80cf00000) (1024K)]
  0x0000027c12b744e0 ConcurrentGCThread "G1 Main Marker"            terminated
  0x0000027c12b74fe0 WorkerThread "G1 Conc#0"                       [id=2592, stack(0x000000f809700000,0x000000f809800000) (1024K)]
  0x0000027c12bbeb90 ConcurrentGCThread "G1 Refine#0"               terminated
  0x0000027c34d04860 ConcurrentGCThread "G1 Service"                terminated
Total: 20

Threads with active compile tasks:
Total: 0

VM state: at safepoint (shutting down)

VM Mutex/Monitor currently owned by a thread:  ([mutex/lock_event])
[0x00007ff86a2de320] Threads_lock - owner thread: 0x0000027c34dc3c60
[0x00007ff86a2de420] Heap_lock - owner thread: 0x0000027c020e8da0

Heap address: 0x0000000605400000, size: 8108 MB, Compressed Oops mode: Zero based, Oop shift amount: 3

CDS archive(s) mapped at: [0x0000027c38000000-0x0000027c38c80000-0x0000027c38c80000), size 13107200, SharedBaseAddress: 0x0000027c38000000, ArchiveRelocationMode: 1.
Compressed class space mapped at: 0x0000027c39000000-0x0000027c79000000, reserved size: 1073741824
Narrow klass base: 0x0000027c38000000, Narrow klass shift: 0, Narrow klass range: 0x100000000

GC Precious Log:
 CardTable entry size: 512
 Card Set container configuration: InlinePtr #cards 4 size 8 Array Of Cards #cards 32 size 80 Howl #buckets 8 coarsen threshold 7372 Howl Bitmap #cards 1024 size 144 coarsen threshold 921 Card regions per heap region 1 cards per card region 8192
 CPUs: 20 total, 20 available
 Memory: 32424M
 Large Page Support: Disabled
 NUMA Support: Disabled
 Compressed Oops: Enabled (Zero based)
 Heap Region Size: 4M
 Heap Min Capacity: 8M
 Heap Initial Capacity: 508M
 Heap Max Capacity: 8108M
 Pre-touch: Disabled
 Parallel Workers: 15
 Concurrent Workers: 4
 Concurrent Refinement Workers: 15
 Periodic GC: Disabled

Heap:
 garbage-first heap   total 520192K, used 19764K [0x0000000605400000, 0x0000000800000000)
  region size 4096K, 6 young (24576K), 2 survivors (8192K)
 Metaspace       used 18336K, committed 18752K, reserved 1114112K
  class space    used 2430K, committed 2624K, reserved 1048576K

Heap Regions: E=young(eden), S=young(survivor), O=old, HS=humongous(starts), HC=humongous(continues), CS=collection set, F=free, TAMS=top-at-mark-start, PB=parsable bottom
|   0|0x0000000605400000, 0x0000000605400000, 0x0000000605800000|  0%| F|  |TAMS 0x0000000605400000| PB 0x0000000605400000| Untracked 
|   1|0x0000000605800000, 0x0000000605800000, 0x0000000605c00000|  0%| F|  |TAMS 0x0000000605800000| PB 0x0000000605800000| Untracked 
|   2|0x0000000605c00000, 0x0000000605c00000, 0x0000000606000000|  0%| F|  |TAMS 0x0000000605c00000| PB 0x0000000605c00000| Untracked 
|   3|0x0000000606000000, 0x0000000606000000, 0x0000000606400000|  0%| F|  |TAMS 0x0000000606000000| PB 0x0000000606000000| Untracked 
|   4|0x0000000606400000, 0x0000000606400000, 0x0000000606800000|  0%| F|  |TAMS 0x0000000606400000| PB 0x0000000606400000| Untracked 
|   5|0x0000000606800000, 0x0000000606800000, 0x0000000606c00000|  0%| F|  |TAMS 0x0000000606800000| PB 0x0000000606800000| Untracked 
|   6|0x0000000606c00000, 0x0000000606c00000, 0x0000000607000000|  0%| F|  |TAMS 0x0000000606c00000| PB 0x0000000606c00000| Untracked 
|   7|0x0000000607000000, 0x0000000607000000, 0x0000000607400000|  0%| F|  |TAMS 0x0000000607000000| PB 0x0000000607000000| Untracked 
|   8|0x0000000607400000, 0x0000000607400000, 0x0000000607800000|  0%| F|  |TAMS 0x0000000607400000| PB 0x0000000607400000| Untracked 
|   9|0x0000000607800000, 0x0000000607800000, 0x0000000607c00000|  0%| F|  |TAMS 0x0000000607800000| PB 0x0000000607800000| Untracked 
|  10|0x0000000607c00000, 0x0000000607c00000, 0x0000000608000000|  0%| F|  |TAMS 0x0000000607c00000| PB 0x0000000607c00000| Untracked 
|  11|0x0000000608000000, 0x0000000608000000, 0x0000000608400000|  0%| F|  |TAMS 0x0000000608000000| PB 0x0000000608000000| Untracked 
|  12|0x0000000608400000, 0x0000000608400000, 0x0000000608800000|  0%| F|  |TAMS 0x0000000608400000| PB 0x0000000608400000| Untracked 
|  13|0x0000000608800000, 0x0000000608800000, 0x0000000608c00000|  0%| F|  |TAMS 0x0000000608800000| PB 0x0000000608800000| Untracked 
|  14|0x0000000608c00000, 0x0000000608c00000, 0x0000000609000000|  0%| F|  |TAMS 0x0000000608c00000| PB 0x0000000608c00000| Untracked 
|  15|0x0000000609000000, 0x0000000609000000, 0x0000000609400000|  0%| F|  |TAMS 0x0000000609000000| PB 0x0000000609000000| Untracked 
|  16|0x0000000609400000, 0x0000000609400000, 0x0000000609800000|  0%| F|  |TAMS 0x0000000609400000| PB 0x0000000609400000| Untracked 
|  17|0x0000000609800000, 0x0000000609800000, 0x0000000609c00000|  0%| F|  |TAMS 0x0000000609800000| PB 0x0000000609800000| Untracked 
|  18|0x0000000609c00000, 0x0000000609c00000, 0x000000060a000000|  0%| F|  |TAMS 0x0000000609c00000| PB 0x0000000609c00000| Untracked 
|  19|0x000000060a000000, 0x000000060a000000, 0x000000060a400000|  0%| F|  |TAMS 0x000000060a000000| PB 0x000000060a000000| Untracked 
|  20|0x000000060a400000, 0x000000060a400000, 0x000000060a800000|  0%| F|  |TAMS 0x000000060a400000| PB 0x000000060a400000| Untracked 
|  21|0x000000060a800000, 0x000000060a800000, 0x000000060ac00000|  0%| F|  |TAMS 0x000000060a800000| PB 0x000000060a800000| Untracked 
|  22|0x000000060ac00000, 0x000000060ac00000, 0x000000060b000000|  0%| F|  |TAMS 0x000000060ac00000| PB 0x000000060ac00000| Untracked 
|  23|0x000000060b000000, 0x000000060b000000, 0x000000060b400000|  0%| F|  |TAMS 0x000000060b000000| PB 0x000000060b000000| Untracked 
|  24|0x000000060b400000, 0x000000060b400000, 0x000000060b800000|  0%| F|  |TAMS 0x000000060b400000| PB 0x000000060b400000| Untracked 
|  25|0x000000060b800000, 0x000000060b800000, 0x000000060bc00000|  0%| F|  |TAMS 0x000000060b800000| PB 0x000000060b800000| Untracked 
|  26|0x000000060bc00000, 0x000000060bc00000, 0x000000060c000000|  0%| F|  |TAMS 0x000000060bc00000| PB 0x000000060bc00000| Untracked 
|  27|0x000000060c000000, 0x000000060c000000, 0x000000060c400000|  0%| F|  |TAMS 0x000000060c000000| PB 0x000000060c000000| Untracked 
|  28|0x000000060c400000, 0x000000060c400000, 0x000000060c800000|  0%| F|  |TAMS 0x000000060c400000| PB 0x000000060c400000| Untracked 
|  29|0x000000060c800000, 0x000000060c800000, 0x000000060cc00000|  0%| F|  |TAMS 0x000000060c800000| PB 0x000000060c800000| Untracked 
|  30|0x000000060cc00000, 0x000000060cc00000, 0x000000060d000000|  0%| F|  |TAMS 0x000000060cc00000| PB 0x000000060cc00000| Untracked 
|  31|0x000000060d000000, 0x000000060d000000, 0x000000060d400000|  0%| F|  |TAMS 0x000000060d000000| PB 0x000000060d000000| Untracked 
|  32|0x000000060d400000, 0x000000060d400000, 0x000000060d800000|  0%| F|  |TAMS 0x000000060d400000| PB 0x000000060d400000| Untracked 
|  33|0x000000060d800000, 0x000000060d800000, 0x000000060dc00000|  0%| F|  |TAMS 0x000000060d800000| PB 0x000000060d800000| Untracked 
|  34|0x000000060dc00000, 0x000000060dc00000, 0x000000060e000000|  0%| F|  |TAMS 0x000000060dc00000| PB 0x000000060dc00000| Untracked 
|  35|0x000000060e000000, 0x000000060e000000, 0x000000060e400000|  0%| F|  |TAMS 0x000000060e000000| PB 0x000000060e000000| Untracked 
|  36|0x000000060e400000, 0x000000060e400000, 0x000000060e800000|  0%| F|  |TAMS 0x000000060e400000| PB 0x000000060e400000| Untracked 
|  37|0x000000060e800000, 0x000000060e800000, 0x000000060ec00000|  0%| F|  |TAMS 0x000000060e800000| PB 0x000000060e800000| Untracked 
|  38|0x000000060ec00000, 0x000000060ec00000, 0x000000060f000000|  0%| F|  |TAMS 0x000000060ec00000| PB 0x000000060ec00000| Untracked 
|  39|0x000000060f000000, 0x000000060f000000, 0x000000060f400000|  0%| F|  |TAMS 0x000000060f000000| PB 0x000000060f000000| Untracked 
|  40|0x000000060f400000, 0x000000060f400000, 0x000000060f800000|  0%| F|  |TAMS 0x000000060f400000| PB 0x000000060f400000| Untracked 
|  41|0x000000060f800000, 0x000000060f800000, 0x000000060fc00000|  0%| F|  |TAMS 0x000000060f800000| PB 0x000000060f800000| Untracked 
|  42|0x000000060fc00000, 0x000000060fc00000, 0x0000000610000000|  0%| F|  |TAMS 0x000000060fc00000| PB 0x000000060fc00000| Untracked 
|  43|0x0000000610000000, 0x0000000610000000, 0x0000000610400000|  0%| F|  |TAMS 0x0000000610000000| PB 0x0000000610000000| Untracked 
|  44|0x0000000610400000, 0x0000000610400000, 0x0000000610800000|  0%| F|  |TAMS 0x0000000610400000| PB 0x0000000610400000| Untracked 
|  45|0x0000000610800000, 0x0000000610800000, 0x0000000610c00000|  0%| F|  |TAMS 0x0000000610800000| PB 0x0000000610800000| Untracked 
|  46|0x0000000610c00000, 0x0000000610c00000, 0x0000000611000000|  0%| F|  |TAMS 0x0000000610c00000| PB 0x0000000610c00000| Untracked 
|  47|0x0000000611000000, 0x0000000611000000, 0x0000000611400000|  0%| F|  |TAMS 0x0000000611000000| PB 0x0000000611000000| Untracked 
|  48|0x0000000611400000, 0x0000000611400000, 0x0000000611800000|  0%| F|  |TAMS 0x0000000611400000| PB 0x0000000611400000| Untracked 
|  49|0x0000000611800000, 0x0000000611800000, 0x0000000611c00000|  0%| F|  |TAMS 0x0000000611800000| PB 0x0000000611800000| Untracked 
|  50|0x0000000611c00000, 0x0000000611c00000, 0x0000000612000000|  0%| F|  |TAMS 0x0000000611c00000| PB 0x0000000611c00000| Untracked 
|  51|0x0000000612000000, 0x0000000612000000, 0x0000000612400000|  0%| F|  |TAMS 0x0000000612000000| PB 0x0000000612000000| Untracked 
|  52|0x0000000612400000, 0x0000000612400000, 0x0000000612800000|  0%| F|  |TAMS 0x0000000612400000| PB 0x0000000612400000| Untracked 
|  53|0x0000000612800000, 0x0000000612800000, 0x0000000612c00000|  0%| F|  |TAMS 0x0000000612800000| PB 0x0000000612800000| Untracked 
|  54|0x0000000612c00000, 0x0000000612c00000, 0x0000000613000000|  0%| F|  |TAMS 0x0000000612c00000| PB 0x0000000612c00000| Untracked 
|  55|0x0000000613000000, 0x0000000613000000, 0x0000000613400000|  0%| F|  |TAMS 0x0000000613000000| PB 0x0000000613000000| Untracked 
|  56|0x0000000613400000, 0x0000000613400000, 0x0000000613800000|  0%| F|  |TAMS 0x0000000613400000| PB 0x0000000613400000| Untracked 
|  57|0x0000000613800000, 0x0000000613800000, 0x0000000613c00000|  0%| F|  |TAMS 0x0000000613800000| PB 0x0000000613800000| Untracked 
|  58|0x0000000613c00000, 0x0000000613c00000, 0x0000000614000000|  0%| F|  |TAMS 0x0000000613c00000| PB 0x0000000613c00000| Untracked 
|  59|0x0000000614000000, 0x0000000614000000, 0x0000000614400000|  0%| F|  |TAMS 0x0000000614000000| PB 0x0000000614000000| Untracked 
|  60|0x0000000614400000, 0x0000000614400000, 0x0000000614800000|  0%| F|  |TAMS 0x0000000614400000| PB 0x0000000614400000| Untracked 
|  61|0x0000000614800000, 0x0000000614800000, 0x0000000614c00000|  0%| F|  |TAMS 0x0000000614800000| PB 0x0000000614800000| Untracked 
|  62|0x0000000614c00000, 0x0000000614c00000, 0x0000000615000000|  0%| F|  |TAMS 0x0000000614c00000| PB 0x0000000614c00000| Untracked 
|  63|0x0000000615000000, 0x0000000615000000, 0x0000000615400000|  0%| F|  |TAMS 0x0000000615000000| PB 0x0000000615000000| Untracked 
|  64|0x0000000615400000, 0x0000000615400000, 0x0000000615800000|  0%| F|  |TAMS 0x0000000615400000| PB 0x0000000615400000| Untracked 
|  65|0x0000000615800000, 0x0000000615800000, 0x0000000615c00000|  0%| F|  |TAMS 0x0000000615800000| PB 0x0000000615800000| Untracked 
|  66|0x0000000615c00000, 0x0000000615c00000, 0x0000000616000000|  0%| F|  |TAMS 0x0000000615c00000| PB 0x0000000615c00000| Untracked 
|  67|0x0000000616000000, 0x0000000616000000, 0x0000000616400000|  0%| F|  |TAMS 0x0000000616000000| PB 0x0000000616000000| Untracked 
|  68|0x0000000616400000, 0x0000000616400000, 0x0000000616800000|  0%| F|  |TAMS 0x0000000616400000| PB 0x0000000616400000| Untracked 
|  69|0x0000000616800000, 0x0000000616800000, 0x0000000616c00000|  0%| F|  |TAMS 0x0000000616800000| PB 0x0000000616800000| Untracked 
|  70|0x0000000616c00000, 0x0000000616c00000, 0x0000000617000000|  0%| F|  |TAMS 0x0000000616c00000| PB 0x0000000616c00000| Untracked 
|  71|0x0000000617000000, 0x0000000617000000, 0x0000000617400000|  0%| F|  |TAMS 0x0000000617000000| PB 0x0000000617000000| Untracked 
|  72|0x0000000617400000, 0x0000000617400000, 0x0000000617800000|  0%| F|  |TAMS 0x0000000617400000| PB 0x0000000617400000| Untracked 
|  73|0x0000000617800000, 0x0000000617800000, 0x0000000617c00000|  0%| F|  |TAMS 0x0000000617800000| PB 0x0000000617800000| Untracked 
|  74|0x0000000617c00000, 0x0000000617c00000, 0x0000000618000000|  0%| F|  |TAMS 0x0000000617c00000| PB 0x0000000617c00000| Untracked 
|  75|0x0000000618000000, 0x0000000618000000, 0x0000000618400000|  0%| F|  |TAMS 0x0000000618000000| PB 0x0000000618000000| Untracked 
|  76|0x0000000618400000, 0x0000000618400000, 0x0000000618800000|  0%| F|  |TAMS 0x0000000618400000| PB 0x0000000618400000| Untracked 
|  77|0x0000000618800000, 0x0000000618800000, 0x0000000618c00000|  0%| F|  |TAMS 0x0000000618800000| PB 0x0000000618800000| Untracked 
|  78|0x0000000618c00000, 0x0000000618c00000, 0x0000000619000000|  0%| F|  |TAMS 0x0000000618c00000| PB 0x0000000618c00000| Untracked 
|  79|0x0000000619000000, 0x0000000619000000, 0x0000000619400000|  0%| F|  |TAMS 0x0000000619000000| PB 0x0000000619000000| Untracked 
|  80|0x0000000619400000, 0x0000000619400000, 0x0000000619800000|  0%| F|  |TAMS 0x0000000619400000| PB 0x0000000619400000| Untracked 
|  81|0x0000000619800000, 0x0000000619800000, 0x0000000619c00000|  0%| F|  |TAMS 0x0000000619800000| PB 0x0000000619800000| Untracked 
|  82|0x0000000619c00000, 0x0000000619c00000, 0x000000061a000000|  0%| F|  |TAMS 0x0000000619c00000| PB 0x0000000619c00000| Untracked 
|  83|0x000000061a000000, 0x000000061a000000, 0x000000061a400000|  0%| F|  |TAMS 0x000000061a000000| PB 0x000000061a000000| Untracked 
|  84|0x000000061a400000, 0x000000061a400000, 0x000000061a800000|  0%| F|  |TAMS 0x000000061a400000| PB 0x000000061a400000| Untracked 
|  85|0x000000061a800000, 0x000000061a800000, 0x000000061ac00000|  0%| F|  |TAMS 0x000000061a800000| PB 0x000000061a800000| Untracked 
|  86|0x000000061ac00000, 0x000000061ac00000, 0x000000061b000000|  0%| F|  |TAMS 0x000000061ac00000| PB 0x000000061ac00000| Untracked 
|  87|0x000000061b000000, 0x000000061b000000, 0x000000061b400000|  0%| F|  |TAMS 0x000000061b000000| PB 0x000000061b000000| Untracked 
|  88|0x000000061b400000, 0x000000061b400000, 0x000000061b800000|  0%| F|  |TAMS 0x000000061b400000| PB 0x000000061b400000| Untracked 
|  89|0x000000061b800000, 0x000000061b800000, 0x000000061bc00000|  0%| F|  |TAMS 0x000000061b800000| PB 0x000000061b800000| Untracked 
|  90|0x000000061bc00000, 0x000000061bc00000, 0x000000061c000000|  0%| F|  |TAMS 0x000000061bc00000| PB 0x000000061bc00000| Untracked 
|  91|0x000000061c000000, 0x000000061c000000, 0x000000061c400000|  0%| F|  |TAMS 0x000000061c000000| PB 0x000000061c000000| Untracked 
|  92|0x000000061c400000, 0x000000061c400000, 0x000000061c800000|  0%| F|  |TAMS 0x000000061c400000| PB 0x000000061c400000| Untracked 
|  93|0x000000061c800000, 0x000000061c800000, 0x000000061cc00000|  0%| F|  |TAMS 0x000000061c800000| PB 0x000000061c800000| Untracked 
|  94|0x000000061cc00000, 0x000000061cc00000, 0x000000061d000000|  0%| F|  |TAMS 0x000000061cc00000| PB 0x000000061cc00000| Untracked 
|  95|0x000000061d000000, 0x000000061d000000, 0x000000061d400000|  0%| F|  |TAMS 0x000000061d000000| PB 0x000000061d000000| Untracked 
|  96|0x000000061d400000, 0x000000061d400000, 0x000000061d800000|  0%| F|  |TAMS 0x000000061d400000| PB 0x000000061d400000| Untracked 
|  97|0x000000061d800000, 0x000000061d800000, 0x000000061dc00000|  0%| F|  |TAMS 0x000000061d800000| PB 0x000000061d800000| Untracked 
|  98|0x000000061dc00000, 0x000000061dc00000, 0x000000061e000000|  0%| F|  |TAMS 0x000000061dc00000| PB 0x000000061dc00000| Untracked 
|  99|0x000000061e000000, 0x000000061e000000, 0x000000061e400000|  0%| F|  |TAMS 0x000000061e000000| PB 0x000000061e000000| Untracked 
| 100|0x000000061e400000, 0x000000061e400000, 0x000000061e800000|  0%| F|  |TAMS 0x000000061e400000| PB 0x000000061e400000| Untracked 
| 101|0x000000061e800000, 0x000000061e800000, 0x000000061ec00000|  0%| F|  |TAMS 0x000000061e800000| PB 0x000000061e800000| Untracked 
| 102|0x000000061ec00000, 0x000000061ec00000, 0x000000061f000000|  0%| F|  |TAMS 0x000000061ec00000| PB 0x000000061ec00000| Untracked 
| 103|0x000000061f000000, 0x000000061f000000, 0x000000061f400000|  0%| F|  |TAMS 0x000000061f000000| PB 0x000000061f000000| Untracked 
| 104|0x000000061f400000, 0x000000061f400000, 0x000000061f800000|  0%| F|  |TAMS 0x000000061f400000| PB 0x000000061f400000| Untracked 
| 105|0x000000061f800000, 0x000000061f800000, 0x000000061fc00000|  0%| F|  |TAMS 0x000000061f800000| PB 0x000000061f800000| Untracked 
| 106|0x000000061fc00000, 0x000000061fc00000, 0x0000000620000000|  0%| F|  |TAMS 0x000000061fc00000| PB 0x000000061fc00000| Untracked 
| 107|0x0000000620000000, 0x0000000620000000, 0x0000000620400000|  0%| F|  |TAMS 0x0000000620000000| PB 0x0000000620000000| Untracked 
| 108|0x0000000620400000, 0x0000000620400000, 0x0000000620800000|  0%| F|  |TAMS 0x0000000620400000| PB 0x0000000620400000| Untracked 
| 109|0x0000000620800000, 0x0000000620800000, 0x0000000620c00000|  0%| F|  |TAMS 0x0000000620800000| PB 0x0000000620800000| Untracked 
| 110|0x0000000620c00000, 0x0000000620c00000, 0x0000000621000000|  0%| F|  |TAMS 0x0000000620c00000| PB 0x0000000620c00000| Untracked 
| 111|0x0000000621000000, 0x0000000621000000, 0x0000000621400000|  0%| F|  |TAMS 0x0000000621000000| PB 0x0000000621000000| Untracked 
| 112|0x0000000621400000, 0x0000000621400000, 0x0000000621800000|  0%| F|  |TAMS 0x0000000621400000| PB 0x0000000621400000| Untracked 
| 113|0x0000000621800000, 0x0000000621800000, 0x0000000621c00000|  0%| F|  |TAMS 0x0000000621800000| PB 0x0000000621800000| Untracked 
| 114|0x0000000621c00000, 0x0000000621c00000, 0x0000000622000000|  0%| F|  |TAMS 0x0000000621c00000| PB 0x0000000621c00000| Untracked 
| 115|0x0000000622000000, 0x000000062234d2f0, 0x0000000622400000| 82%| S|CS|TAMS 0x0000000622000000| PB 0x0000000622000000| Complete 
| 116|0x0000000622400000, 0x0000000622800000, 0x0000000622800000|100%| S|CS|TAMS 0x0000000622400000| PB 0x0000000622400000| Complete 
| 117|0x0000000622800000, 0x0000000622800000, 0x0000000622c00000|  0%| F|  |TAMS 0x0000000622800000| PB 0x0000000622800000| Untracked 
| 118|0x0000000622c00000, 0x0000000622c00000, 0x0000000623000000|  0%| F|  |TAMS 0x0000000622c00000| PB 0x0000000622c00000| Untracked 
| 119|0x0000000623000000, 0x0000000623000000, 0x0000000623400000|  0%| F|  |TAMS 0x0000000623000000| PB 0x0000000623000000| Untracked 
| 120|0x0000000623400000, 0x0000000623400000, 0x0000000623800000|  0%| F|  |TAMS 0x0000000623400000| PB 0x0000000623400000| Untracked 
| 121|0x0000000623800000, 0x0000000623800000, 0x0000000623c00000|  0%| F|  |TAMS 0x0000000623800000| PB 0x0000000623800000| Untracked 
| 122|0x0000000623c00000, 0x0000000623c00000, 0x0000000624000000|  0%| F|  |TAMS 0x0000000623c00000| PB 0x0000000623c00000| Untracked 
| 123|0x0000000624000000, 0x0000000624400000, 0x0000000624400000|100%| E|  |TAMS 0x0000000624000000| PB 0x0000000624000000| Complete 
| 124|0x0000000624400000, 0x0000000624800000, 0x0000000624800000|100%| E|CS|TAMS 0x0000000624400000| PB 0x0000000624400000| Complete 
| 125|0x0000000624800000, 0x0000000624c00000, 0x0000000624c00000|100%| E|CS|TAMS 0x0000000624800000| PB 0x0000000624800000| Complete 
| 126|0x0000000624c00000, 0x0000000625000000, 0x0000000625000000|100%| E|CS|TAMS 0x0000000624c00000| PB 0x0000000624c00000| Complete 

Card table byte_map: [0x0000027c2bc80000,0x0000027c2cc60000] _byte_map_base: 0x0000027c28c56000

Marking Bits: (CMBitMap*) 0x0000027c12b62ea0
 Bits: [0x0000027c2cc60000, 0x0000027c34b10000)

Polling page: 0x0000027c122c0000

Metaspace:

Usage:
  Non-class:     15.53 MB used.
      Class:      2.37 MB used.
       Both:     17.91 MB used.

Virtual space:
  Non-class space:       64.00 MB reserved,      15.75 MB ( 25%) committed,  1 nodes.
      Class space:        1.00 GB reserved,       2.56 MB ( <1%) committed,  1 nodes.
             Both:        1.06 GB reserved,      18.31 MB (  2%) committed. 

Chunk freelists:
   Non-Class:  64.00 KB
       Class:  13.45 MB
        Both:  13.51 MB

MaxMetaspaceSize: unlimited
CompressedClassSpaceSize: 1.00 GB
Initial GC threshold: 21.00 MB
Current GC threshold: 21.00 MB
CDS: on
 - commit_granule_bytes: 65536.
 - commit_granule_words: 8192.
 - virtual_space_node_default_size: 8388608.
 - enlarge_chunks_in_place: 1.
 - use_allocation_guard: 0.


Internal statistics:

num_allocs_failed_limit: 0.
num_arena_births: 494.
num_arena_deaths: 0.
num_vsnodes_births: 2.
num_vsnodes_deaths: 0.
num_space_committed: 293.
num_space_uncommitted: 0.
num_chunks_returned_to_freelist: 0.
num_chunks_taken_from_freelist: 990.
num_chunk_merges: 0.
num_chunk_splits: 642.
num_chunks_enlarged: 414.
num_inconsistent_stats: 0.

CodeHeap 'non-profiled nmethods': size=119168Kb used=1238Kb max_used=1238Kb free=117929Kb
 bounds [0x0000027c22d80000, 0x0000027c22ff0000, 0x0000027c2a1e0000]
CodeHeap 'profiled nmethods': size=119104Kb used=5078Kb max_used=5078Kb free=114025Kb
 bounds [0x0000027c1b1e0000, 0x0000027c1b6e0000, 0x0000027c22630000]
CodeHeap 'non-nmethods': size=7488Kb used=3497Kb max_used=3533Kb free=3990Kb
 bounds [0x0000027c22630000, 0x0000027c229b0000, 0x0000027c22d80000]
 total_blobs=3734 nmethods=2914 adapters=720
 compilation: enabled
              stopped_count=0, restarted_count=0
 full_count=0

Compilation events (20 events):
Event: 3.375 Thread 0x0000027c79222ea0 nmethod 2905 0x0000027c22eb3d10 code [0x0000027c22eb3ea0, 0x0000027c22eb3f68]
Event: 3.375 Thread 0x0000027c79222ea0 2908       1       com.sun.javafx.geom.transform.Affine3D::getMzt (5 bytes)
Event: 3.376 Thread 0x0000027c7918b7d0 nmethod 2907 0x0000027c22eb4010 code [0x0000027c22eb41a0, 0x0000027c22eb4268]
Event: 3.376 Thread 0x0000027c34df5810 nmethod 2906 0x0000027c22eb4310 code [0x0000027c22eb44a0, 0x0000027c22eb4568]
Event: 3.376 Thread 0x0000027c79222ea0 nmethod 2908 0x0000027c22eb4610 code [0x0000027c22eb47a0, 0x0000027c22eb4868]
Event: 3.376 Thread 0x0000027c34df5810 2911       1       com.sun.prism.impl.BaseTexture::getLinearFiltering (5 bytes)
Event: 3.376 Thread 0x0000027c7918b7d0 2912       1       com.sun.scenario.effect.FilterContext::getReferent (5 bytes)
Event: 3.376 Thread 0x0000027c79222ea0 2913       1       com.sun.scenario.effect.ImageData::getUntransformedImage (5 bytes)
Event: 3.376 Thread 0x0000027c34df5810 nmethod 2911 0x0000027c22eb4910 code [0x0000027c22eb4aa0, 0x0000027c22eb4b70]
Event: 3.376 Thread 0x0000027c7918b7d0 nmethod 2912 0x0000027c22eb4c10 code [0x0000027c22eb4da0, 0x0000027c22eb4e70]
Event: 3.376 Thread 0x0000027c79222ea0 nmethod 2913 0x0000027c22eb4f10 code [0x0000027c22eb50a0, 0x0000027c22eb5170]
Event: 3.376 Thread 0x0000027c7918be70 nmethod 2894 0x0000027c1b6d0910 code [0x0000027c1b6d0e60, 0x0000027c1b6d3ca0]
Event: 3.379 Thread 0x0000027c34df5810 2914       3       java.lang.ref.ReferenceQueue::<init> (32 bytes)
Event: 3.379 Thread 0x0000027c34df5810 nmethod 2914 0x0000027c1b6d4c10 code [0x0000027c1b6d4e20, 0x0000027c1b6d56d8]
Event: 3.404 Thread 0x0000027c7918be70 2915       1       java.lang.Thread::isInterrupted (5 bytes)
Event: 3.405 Thread 0x0000027c7918be70 nmethod 2915 0x0000027c22eb5210 code [0x0000027c22eb53a0, 0x0000027c22eb5470]
Event: 3.421 Thread 0x0000027c7918b7d0 2916       1       com.sun.glass.ui.InvokeLaterDispatcher$Future::isDone (5 bytes)
Event: 3.421 Thread 0x0000027c7918b7d0 nmethod 2916 0x0000027c22eb5510 code [0x0000027c22eb56a0, 0x0000027c22eb5770]
Event: 3.440 Thread 0x0000027c34df5810 2917       1       java.util.EventObject::getSource (5 bytes)
Event: 3.440 Thread 0x0000027c34df5810 nmethod 2917 0x0000027c22eb5810 code [0x0000027c22eb59a0, 0x0000027c22eb5a70]

GC Heap History (4 events):
Event: 0.331 GC heap before
{Heap before GC invocations=0 (full 0):
 garbage-first heap   total 520192K, used 24576K [0x0000000605400000, 0x0000000800000000)
  region size 4096K, 6 young (24576K), 0 survivors (0K)
 Metaspace       used 6276K, committed 6528K, reserved 1114112K
  class space    used 669K, committed 768K, reserved 1048576K
}
Event: 0.334 GC heap after
{Heap after GC invocations=1 (full 0):
 garbage-first heap   total 520192K, used 3810K [0x0000000605400000, 0x0000000800000000)
  region size 4096K, 1 young (4096K), 1 survivors (4096K)
 Metaspace       used 6276K, committed 6528K, reserved 1114112K
  class space    used 669K, committed 768K, reserved 1048576K
}
Event: 1.029 GC heap before
{Heap before GC invocations=1 (full 0):
 garbage-first heap   total 520192K, used 36578K [0x0000000605400000, 0x0000000800000000)
  region size 4096K, 10 young (40960K), 1 survivors (4096K)
 Metaspace       used 15564K, committed 15936K, reserved 1114112K
  class space    used 1985K, committed 2112K, reserved 1048576K
}
Event: 1.043 GC heap after
{Heap after GC invocations=2 (full 0):
 garbage-first heap   total 520192K, used 7476K [0x0000000605400000, 0x0000000800000000)
  region size 4096K, 2 young (8192K), 2 survivors (8192K)
 Metaspace       used 15564K, committed 15936K, reserved 1114112K
  class space    used 1985K, committed 2112K, reserved 1048576K
}

Dll operation events (20 events):
Event: 0.262 Loaded shared library C:\Users\e093379\.openjfx\cache\21+31\amd64\api-ms-win-crt-heap-l1-1-0.dll
Event: 0.263 Loaded shared library C:\Users\e093379\.openjfx\cache\21+31\amd64\api-ms-win-crt-locale-l1-1-0.dll
Event: 0.265 Loaded shared library C:\Users\e093379\.openjfx\cache\21+31\amd64\api-ms-win-crt-math-l1-1-0.dll
Event: 0.266 Loaded shared library C:\Users\e093379\.openjfx\cache\21+31\amd64\api-ms-win-crt-multibyte-l1-1-0.dll
Event: 0.268 Loaded shared library C:\Users\e093379\.openjfx\cache\21+31\amd64\api-ms-win-crt-private-l1-1-0.dll
Event: 0.269 Loaded shared library C:\Users\e093379\.openjfx\cache\21+31\amd64\api-ms-win-crt-process-l1-1-0.dll
Event: 0.270 Loaded shared library C:\Users\e093379\.openjfx\cache\21+31\amd64\api-ms-win-crt-runtime-l1-1-0.dll
Event: 0.271 Loaded shared library C:\Users\e093379\.openjfx\cache\21+31\amd64\api-ms-win-crt-stdio-l1-1-0.dll
Event: 0.273 Loaded shared library C:\Users\e093379\.openjfx\cache\21+31\amd64\api-ms-win-crt-string-l1-1-0.dll
Event: 0.274 Loaded shared library C:\Users\e093379\.openjfx\cache\21+31\amd64\api-ms-win-crt-time-l1-1-0.dll
Event: 0.276 Loaded shared library C:\Users\e093379\.openjfx\cache\21+31\amd64\api-ms-win-crt-utility-l1-1-0.dll
Event: 0.286 Loaded shared library C:\Users\e093379\.openjfx\cache\21+31\amd64\ucrtbase.dll
Event: 0.288 Loaded shared library C:\Users\e093379\.openjfx\cache\21+31\amd64\vcruntime140.dll
Event: 0.289 Loaded shared library C:\Users\e093379\.openjfx\cache\21+31\amd64\vcruntime140_1.dll
Event: 0.295 Loaded shared library C:\Users\e093379\.openjfx\cache\21+31\amd64\msvcp140.dll
Event: 0.297 Loaded shared library C:\Users\e093379\.openjfx\cache\21+31\amd64\msvcp140_1.dll
Event: 0.300 Loaded shared library C:\Users\e093379\.openjfx\cache\21+31\amd64\msvcp140_2.dll
Event: 0.342 Loaded shared library C:\Users\e093379\.openjfx\cache\21+31\amd64\prism_d3d.dll
Event: 0.526 Loaded shared library C:\Users\e093379\.openjfx\cache\21+31\amd64\glass.dll
Event: 0.859 Loaded shared library C:\Users\e093379\.openjfx\cache\21+31\amd64\javafx_font.dll

Deoptimization events (20 events):
Event: 2.078 Thread 0x0000027c020e8da0 Uncommon trap: trap_request=0xffffffde fr.pc=0x0000027c22e46988 relative=0x0000000000000468
Event: 2.078 Thread 0x0000027c020e8da0 Uncommon trap: reason=class_check action=maybe_recompile pc=0x0000027c22e46988 method=javafx.css.CssLexer.readChar()I @ 4 c2
Event: 2.078 Thread 0x0000027c020e8da0 DEOPT PACKING pc=0x0000027c22e46988 sp=0x000000f80bdfbdb0
Event: 2.078 Thread 0x0000027c020e8da0 DEOPT UNPACKING pc=0x0000027c226846a2 sp=0x000000f80bdfbd78 mode 2
Event: 2.078 Thread 0x0000027c020e8da0 Uncommon trap: trap_request=0xffffff45 fr.pc=0x0000027c22e4e138 relative=0x0000000000003558
Event: 2.078 Thread 0x0000027c020e8da0 Uncommon trap: reason=unstable_if action=reinterpret pc=0x0000027c22e4e138 method=javafx.css.CssLexer.getToken()Lcom/sun/javafx/css/parser/Token; @ 205 c2
Event: 2.078 Thread 0x0000027c020e8da0 DEOPT PACKING pc=0x0000027c22e4e138 sp=0x000000f80bdfbc30
Event: 2.078 Thread 0x0000027c020e8da0 DEOPT UNPACKING pc=0x0000027c226846a2 sp=0x000000f80bdfbc28 mode 2
Event: 2.078 Thread 0x0000027c020e8da0 Uncommon trap: trap_request=0xffffffde fr.pc=0x0000027c22e46988 relative=0x0000000000000468
Event: 2.078 Thread 0x0000027c020e8da0 Uncommon trap: reason=class_check action=maybe_recompile pc=0x0000027c22e46988 method=javafx.css.CssLexer.readChar()I @ 4 c2
Event: 2.078 Thread 0x0000027c020e8da0 DEOPT PACKING pc=0x0000027c22e46988 sp=0x000000f80bdfbbf0
Event: 2.078 Thread 0x0000027c020e8da0 DEOPT UNPACKING pc=0x0000027c226846a2 sp=0x000000f80bdfbbb8 mode 2
Event: 2.078 Thread 0x0000027c020e8da0 Uncommon trap: trap_request=0xffffffde fr.pc=0x0000027c22e46988 relative=0x0000000000000468
Event: 2.078 Thread 0x0000027c020e8da0 Uncommon trap: reason=class_check action=maybe_recompile pc=0x0000027c22e46988 method=javafx.css.CssLexer.readChar()I @ 4 c2
Event: 2.078 Thread 0x0000027c020e8da0 DEOPT PACKING pc=0x0000027c22e46988 sp=0x000000f80bdfbab0
Event: 2.078 Thread 0x0000027c020e8da0 DEOPT UNPACKING pc=0x0000027c226846a2 sp=0x000000f80bdfba78 mode 2
Event: 2.078 Thread 0x0000027c020e8da0 Uncommon trap: trap_request=0xffffffde fr.pc=0x0000027c22e46988 relative=0x0000000000000468
Event: 2.078 Thread 0x0000027c020e8da0 Uncommon trap: reason=class_check action=maybe_recompile pc=0x0000027c22e46988 method=javafx.css.CssLexer.readChar()I @ 4 c2
Event: 2.078 Thread 0x0000027c020e8da0 DEOPT PACKING pc=0x0000027c22e46988 sp=0x000000f80bdfbbe0
Event: 2.078 Thread 0x0000027c020e8da0 DEOPT UNPACKING pc=0x0000027c226846a2 sp=0x000000f80bdfbba8 mode 2

Classes loaded (20 events):
Event: 1.178 Loading class java/util/EnumMap$ValueIterator
Event: 1.178 Loading class java/util/EnumMap$EnumMapIterator
Event: 1.178 Loading class java/util/EnumMap$EnumMapIterator done
Event: 1.178 Loading class java/util/EnumMap$ValueIterator done
Event: 1.180 Loading class java/util/concurrent/locks/ReentrantReadWriteLock$Sync$HoldCounter
Event: 1.180 Loading class java/util/concurrent/locks/ReentrantReadWriteLock$Sync$HoldCounter done
Event: 1.192 Loading class java/lang/FdLibm$Hypot
Event: 1.192 Loading class java/lang/FdLibm$Hypot done
Event: 1.192 Loading class java/lang/FdLibm
Event: 1.192 Loading class java/lang/FdLibm done
Event: 1.197 Loading class java/nio/ShortBuffer
Event: 1.197 Loading class java/nio/ShortBuffer done
Event: 1.197 Loading class java/nio/DoubleBuffer
Event: 1.197 Loading class java/nio/DoubleBuffer done
Event: 1.197 Loading class java/nio/DirectFloatBufferU
Event: 1.197 Loading class java/nio/DirectFloatBufferU done
Event: 2.029 Loading class java/util/concurrent/ConcurrentLinkedQueue
Event: 2.030 Loading class java/util/concurrent/ConcurrentLinkedQueue done
Event: 2.030 Loading class java/util/concurrent/ConcurrentLinkedQueue$Node
Event: 2.030 Loading class java/util/concurrent/ConcurrentLinkedQueue$Node done

Classes unloaded (0 events):
No events

Classes redefined (0 events):
No events

Internal exceptions (20 events):
Event: 0.820 Thread 0x0000027c020e8da0 Exception <a 'java/lang/NullPointerException'{0x00000006243c8ec0}> (0x00000006243c8ec0) 
thrown [s\src\hotspot\share\interpreter\linkResolver.cpp, line 1372]
Event: 0.848 Thread 0x0000027c020e8da0 Exception <a 'java/lang/ClassNotFoundException'{0x0000000623f86240}: com/sun/glass/ui/win/themes> (0x0000000623f86240) 
thrown [s\src\hotspot\share\prims\jni.cpp, line 539]
Event: 0.849 Thread 0x0000027c020e8da0 Exception <a 'java/lang/ClassNotFoundException'{0x0000000623f91968}: com/sun/glass/ui/win/themes_fr> (0x0000000623f91968) 
thrown [s\src\hotspot\share\prims\jni.cpp, line 539]
Event: 0.849 Thread 0x0000027c020e8da0 Exception <a 'java/lang/ClassNotFoundException'{0x0000000623f99a50}: com/sun/glass/ui/win/themes_fr_FR> (0x0000000623f99a50) 
thrown [s\src\hotspot\share\prims\jni.cpp, line 539]
Event: 0.872 Thread 0x0000027c7ef21160 Exception <a 'java/lang/NoSuchMethodError'{0x0000000623afce08}: 'long java.lang.invoke.DirectMethodHandle$Holder.invokeVirtual(java.lang.Object, java.lang.Object)'> (0x0000000623afce08) 
thrown [s\src\hotspot\share\interpreter\linkResolver.cpp, line 773]
Event: 0.872 Thread 0x0000027c7ef21160 Exception <a 'java/lang/NoSuchMethodError'{0x0000000623b003f8}: 'long java.lang.invoke.DelegatingMethodHandle$Holder.reinvoke_L(java.lang.Object, java.lang.Object)'> (0x0000000623b003f8) 
thrown [s\src\hotspot\share\interpreter\linkResolver.cpp, line 773]
Event: 0.908 Thread 0x0000027c020e8da0 Exception <a 'java/lang/NoSuchMethodError'{0x000000062329f538}: 'void java.lang.invoke.Invokers$Holder.invokeExact_MT(java.lang.Object, java.lang.Object, java.lang.Object, java.lang.Object)'> (0x000000062329f538) 
thrown [s\src\hotspot\share\interpreter\linkResolver.cpp, line 773]
Event: 0.908 Thread 0x0000027c020e8da0 Exception <a 'java/lang/NoSuchMethodError'{0x00000006232a3700}: 'void java.lang.invoke.DirectMethodHandle$Holder.invokeSpecial(java.lang.Object, java.lang.Object, double)'> (0x00000006232a3700) 
thrown [s\src\hotspot\share\interpreter\linkResolver.cpp, line 773]
Event: 0.909 Thread 0x0000027c020e8da0 Exception <a 'java/lang/NoSuchMethodError'{0x00000006232adfa0}: 'double java.lang.invoke.DelegatingMethodHandle$Holder.reinvoke_L(java.lang.Object, java.lang.Object, int)'> (0x00000006232adfa0) 
thrown [s\src\hotspot\share\interpreter\linkResolver.cpp, line 773]
Event: 0.910 Thread 0x0000027c020e8da0 Exception <a 'java/lang/NoSuchMethodError'{0x00000006232bfc08}: 'java.lang.Object java.lang.invoke.DirectMethodHandle$Holder.invokeStatic(java.lang.Object, java.lang.Object, java.lang.Object, java.lang.Object, int)'> (0x00000006232bfc08) 
thrown [s\src\hotspot\share\interpreter\linkResolver.cpp, line 773]
Event: 0.911 Thread 0x0000027c020e8da0 Exception <a 'java/lang/NoSuchMethodError'{0x00000006232cae08}: 'void java.lang.invoke.DelegatingMethodHandle$Holder.reinvoke_L(java.lang.Object, java.lang.Object, double)'> (0x00000006232cae08) 
thrown [s\src\hotspot\share\interpreter\linkResolver.cpp, line 773]
Event: 0.938 Thread 0x0000027c020e8da0 Exception <a 'java/io/FileNotFoundException'{0x0000000622e0f9e0}> (0x0000000622e0f9e0) 
thrown [s\src\hotspot\share\prims\jni.cpp, line 520]
Event: 1.102 Thread 0x0000027c020e8da0 Exception <a 'java/lang/IncompatibleClassChangeError'{0x0000000624b49608}: Found class java.lang.Object, but interface was expected> (0x0000000624b49608) 
thrown [s\src\hotspot\share\interpreter\linkResolver.cpp, line 840]
Event: 1.127 Thread 0x0000027c020e8da0 Exception <a 'java/lang/NoSuchMethodError'{0x000000062454dcc0}: 'int java.lang.invoke.DirectMethodHandle$Holder.invokeSpecial(java.lang.Object, java.lang.Object, int)'> (0x000000062454dcc0) 
thrown [s\src\hotspot\share\interpreter\linkResolver.cpp, line 773]
Event: 1.128 Thread 0x0000027c020e8da0 Exception <a 'java/lang/NoSuchMethodError'{0x00000006245550d8}: 'int java.lang.invoke.DirectMethodHandle$Holder.invokeSpecial(java.lang.Object, java.lang.Object, java.lang.Object, int)'> (0x00000006245550d8) 
thrown [s\src\hotspot\share\interpreter\linkResolver.cpp, line 773]
Event: 1.138 Thread 0x0000027c020e8da0 Exception <a 'java/lang/NoSuchMethodError'{0x00000006245c12f8}: 'java.lang.Object java.lang.invoke.DirectMethodHandle$Holder.newInvokeSpecial(java.lang.Object, java.lang.Object, int)'> (0x00000006245c12f8) 
thrown [s\src\hotspot\share\interpreter\linkResolver.cpp, line 773]
Event: 1.191 Thread 0x0000027c7e994ed0 Exception <a 'java/lang/NoSuchMethodError'{0x00000006247fac48}: 'java.lang.Object java.lang.invoke.DirectMethodHandle$Holder.invokeStaticInit(java.lang.Object, int)'> (0x00000006247fac48) 
thrown [s\src\hotspot\share\interpreter\linkResolver.cpp, line 773]
Event: 2.030 Thread 0x0000027c020e8da0 Exception <a 'java/lang/NoSuchMethodError'{0x00000006242801d0}: 'long java.lang.invoke.DirectMethodHandle$Holder.invokeStatic(java.lang.Object, java.lang.Object, java.lang.Object)'> (0x00000006242801d0) 
thrown [s\src\hotspot\share\interpreter\linkResolver.cpp, line 773]
Event: 2.030 Thread 0x0000027c020e8da0 Exception <a 'java/lang/NoSuchMethodError'{0x00000006242835b0}: 'long java.lang.invoke.DirectMethodHandle$Holder.invokeStaticInit(java.lang.Object, java.lang.Object, java.lang.Object)'> (0x00000006242835b0) 
thrown [s\src\hotspot\share\interpreter\linkResolver.cpp, line 773]
Event: 2.031 Thread 0x0000027c020e8da0 Exception <a 'java/lang/NoSuchMethodError'{0x0000000624297c40}: 'java.lang.Object java.lang.invoke.DirectMethodHandle$Holder.newInvokeSpecial(java.lang.Object, java.lang.Object, long)'> (0x0000000624297c40) 
thrown [s\src\hotspot\share\interpreter\linkResolver.cpp, line 773]

ZGC Phase Switch (0 events):
No events

VM Operations (20 events):
Event: 0.211 Executing VM operation: HandshakeAllThreads (Deoptimize) done
Event: 0.262 Executing VM operation: ICBufferFull
Event: 0.262 Executing VM operation: ICBufferFull done
Event: 0.331 Executing VM operation: G1CollectForAllocation (G1 Evacuation Pause)
Event: 0.334 Executing VM operation: G1CollectForAllocation (G1 Evacuation Pause) done
Event: 0.350 Executing VM operation: HandshakeAllThreads (Deoptimize)
Event: 0.350 Executing VM operation: HandshakeAllThreads (Deoptimize) done
Event: 0.407 Executing VM operation: HandshakeAllThreads (Deoptimize)
Event: 0.407 Executing VM operation: HandshakeAllThreads (Deoptimize) done
Event: 0.521 Executing VM operation: HandshakeAllThreads (Deoptimize)
Event: 0.521 Executing VM operation: HandshakeAllThreads (Deoptimize) done
Event: 0.862 Executing VM operation: HandshakeAllThreads (Deoptimize)
Event: 0.862 Executing VM operation: HandshakeAllThreads (Deoptimize) done
Event: 0.895 Executing VM operation: ICBufferFull
Event: 0.895 Executing VM operation: ICBufferFull done
Event: 1.029 Executing VM operation: G1CollectForAllocation (G1 Evacuation Pause)
Event: 1.043 Executing VM operation: G1CollectForAllocation (G1 Evacuation Pause) done
Event: 2.959 Executing VM operation: ICBufferFull
Event: 2.959 Executing VM operation: ICBufferFull done
Event: 3.453 Executing VM operation: Exit

Memory protections (0 events):
No events

Nmethod flushes (0 events):
No events

Events (20 events):
Event: 0.528 Thread 0x0000027c12afc780 Thread added: 0x0000027c020ea150
Event: 0.529 Thread 0x0000027c12afc780 Thread added: 0x0000027c020e8da0
Event: 0.751 Thread 0x0000027c79408480 Thread exited: 0x0000027c79408480
Event: 0.751 Thread 0x0000027c79201b60 Thread exited: 0x0000027c79201b60
Event: 0.752 Thread 0x0000027c79200ab0 Thread exited: 0x0000027c79200ab0
Event: 0.752 Thread 0x0000027c79222800 Thread exited: 0x0000027c79222800
Event: 0.768 Thread 0x0000027c12afc780 Thread added: 0x0000027c021b4a70
Event: 0.781 Thread 0x0000027c021b5790 Thread added: 0x0000027c021b5790
Event: 0.867 Thread 0x0000027c79222ea0 Thread added: 0x0000027c02ca13c0
Event: 0.867 Thread 0x0000027c79222ea0 Thread added: 0x0000027c029f8e50
Event: 0.892 Thread 0x0000027c029f8e50 Thread added: 0x0000027c0298c740
Event: 1.098 Thread 0x0000027c020e8da0 Thread added: 0x0000027c021b5e20
Event: 1.467 Thread 0x0000027c0298c740 Thread exited: 0x0000027c0298c740
Event: 1.467 Thread 0x0000027c029f8e50 Thread exited: 0x0000027c029f8e50
Event: 1.489 Thread 0x0000027c02ca13c0 Thread exited: 0x0000027c02ca13c0
Event: 3.452 Thread 0x0000027c020e8da0 Thread added: 0x0000027c021b64b0
Event: 3.452 Thread 0x0000027c020e8da0 Thread added: 0x0000027c021b3030
Event: 3.453 Thread 0x0000027c021b64b0 Thread exited: 0x0000027c021b64b0
Event: 3.453 Thread 0x0000027c021b3030 Thread exited: 0x0000027c021b3030
Event: 3.453 Thread 0x0000027c020e8da0 Before exit entered


Dynamic libraries:
0x00007ff7a9f10000 - 0x00007ff7a9f1e000 	C:\Users\e093379\.jdks\corretto-21.0.6\bin\java.exe
0x00007ff937170000 - 0x00007ff937387000 	C:\WINDOWS\SYSTEM32\ntdll.dll
0x00007ff9357d0000 - 0x00007ff935894000 	C:\WINDOWS\System32\KERNEL32.DLL
0x00007ff9349f0000 - 0x00007ff934dc3000 	C:\WINDOWS\System32\KERNELBASE.dll
0x00007ff934500000 - 0x00007ff934611000 	C:\WINDOWS\System32\ucrtbase.dll
0x00007ff92ebd0000 - 0x00007ff92ebeb000 	C:\Users\e093379\.jdks\corretto-21.0.6\bin\VCRUNTIME140.dll
0x00007ff92e9e0000 - 0x00007ff92e9f8000 	C:\Users\e093379\.jdks\corretto-21.0.6\bin\jli.dll
0x00007ff935990000 - 0x00007ff935b41000 	C:\WINDOWS\System32\USER32.dll
0x00007ff92a6a0000 - 0x00007ff92a93b000 	C:\WINDOWS\WinSxS\amd64_microsoft.windows.common-controls_6595b64144ccf1df_6.0.22621.5262_none_2712bde373830908\COMCTL32.dll
0x00007ff934e80000 - 0x00007ff934f27000 	C:\WINDOWS\System32\msvcrt.dll
0x00007ff934dd0000 - 0x00007ff934df6000 	C:\WINDOWS\System32\win32u.dll
0x00007ff936b80000 - 0x00007ff936ba9000 	C:\WINDOWS\System32\GDI32.dll
0x00007ff934260000 - 0x00007ff934382000 	C:\WINDOWS\System32\gdi32full.dll
0x00007ff934950000 - 0x00007ff9349ea000 	C:\WINDOWS\System32\msvcp_win.dll
0x00007ff935760000 - 0x00007ff935791000 	C:\WINDOWS\System32\IMM32.DLL
0x00007ff92e9d0000 - 0x00007ff92e9dc000 	C:\Users\e093379\.jdks\corretto-21.0.6\bin\vcruntime140_1.dll
0x00007ff8fd9b0000 - 0x00007ff8fda3d000 	C:\Users\e093379\.jdks\corretto-21.0.6\bin\msvcp140.dll
0x00007ff869620000 - 0x00007ff86a3bf000 	C:\Users\e093379\.jdks\corretto-21.0.6\bin\server\jvm.dll
0x00007ff935050000 - 0x00007ff935101000 	C:\WINDOWS\System32\ADVAPI32.dll
0x00007ff935ba0000 - 0x00007ff935c47000 	C:\WINDOWS\System32\sechost.dll
0x00007ff934920000 - 0x00007ff934948000 	C:\WINDOWS\System32\bcrypt.dll
0x00007ff9353f0000 - 0x00007ff935504000 	C:\WINDOWS\System32\RPCRT4.dll
0x00007ff935510000 - 0x00007ff935581000 	C:\WINDOWS\System32\WS2_32.dll
0x00007ff932fd0000 - 0x00007ff93301d000 	C:\WINDOWS\SYSTEM32\POWRPROF.dll
0x00007ff92b250000 - 0x00007ff92b25a000 	C:\WINDOWS\SYSTEM32\VERSION.dll
0x00007ff928390000 - 0x00007ff9283c4000 	C:\WINDOWS\SYSTEM32\WINMM.dll
0x00007ff932fb0000 - 0x00007ff932fc3000 	C:\WINDOWS\SYSTEM32\UMPDC.dll
0x00007ff933270000 - 0x00007ff933288000 	C:\WINDOWS\SYSTEM32\kernel.appcore.dll
0x00007ff91d2a0000 - 0x00007ff91d2aa000 	C:\Users\e093379\.jdks\corretto-21.0.6\bin\jimage.dll
0x00007ff9318c0000 - 0x00007ff931af2000 	C:\WINDOWS\SYSTEM32\DBGHELP.DLL
0x00007ff936d90000 - 0x00007ff937123000 	C:\WINDOWS\System32\combase.dll
0x00007ff9358a0000 - 0x00007ff935977000 	C:\WINDOWS\System32\OLEAUT32.dll
0x00007ff92a0e0000 - 0x00007ff92a112000 	C:\WINDOWS\SYSTEM32\dbgcore.DLL
0x00007ff9347e0000 - 0x00007ff93485b000 	C:\WINDOWS\System32\bcryptPrimitives.dll
0x00007ff92eba0000 - 0x00007ff92ebae000 	C:\Users\e093379\.jdks\corretto-21.0.6\bin\instrument.dll
0x00007ff91d280000 - 0x00007ff91d29f000 	C:\Users\e093379\.jdks\corretto-21.0.6\bin\java.dll
0x00007ff936130000 - 0x00007ff9369cd000 	C:\WINDOWS\System32\SHELL32.dll
0x00007ff9346a0000 - 0x00007ff9347df000 	C:\WINDOWS\System32\wintypes.dll
0x00007ff931fe0000 - 0x00007ff9328fd000 	C:\WINDOWS\SYSTEM32\windows.storage.dll
0x00007ff935110000 - 0x00007ff93521b000 	C:\WINDOWS\System32\SHCORE.dll
0x00007ff936bb0000 - 0x00007ff936c16000 	C:\WINDOWS\System32\shlwapi.dll
0x00007ff934190000 - 0x00007ff9341bb000 	C:\WINDOWS\SYSTEM32\profapi.dll
0x00007ff8ce8f0000 - 0x00007ff8ce9c7000 	C:\Users\e093379\.jdks\corretto-21.0.6\bin\jsvml.dll
0x00007ff918d70000 - 0x00007ff918d80000 	C:\Users\e093379\.jdks\corretto-21.0.6\bin\net.dll
0x00007ff933290000 - 0x00007ff9333bc000 	C:\WINDOWS\SYSTEM32\WINHTTP.dll
0x00007ff933810000 - 0x00007ff93387a000 	C:\WINDOWS\system32\mswsock.dll
0x00007ff912390000 - 0x00007ff9123a6000 	C:\Users\e093379\.jdks\corretto-21.0.6\bin\nio.dll
0x00007ff911990000 - 0x00007ff9119a8000 	C:\Users\e093379\.jdks\corretto-21.0.6\bin\zip.dll
0x00007ff90fd00000 - 0x00007ff90fd1a000 	C:\Users\e093379\AppData\Local\JetBrains\IntelliJ IDEA 2024.3.1\bin\breakgen64.dll
0x00007ff932a50000 - 0x00007ff932b48000 	C:\WINDOWS\SYSTEM32\DNSAPI.dll
0x00007ff932a20000 - 0x00007ff932a4d000 	C:\WINDOWS\SYSTEM32\IPHLPAPI.DLL
0x00007ff935980000 - 0x00007ff935989000 	C:\WINDOWS\System32\NSI.dll
0x00007ff92c4c0000 - 0x00007ff92c4ca000 	C:\Windows\System32\rasadhlp.dll
0x00007ff92d9f0000 - 0x00007ff92da73000 	C:\WINDOWS\System32\fwpuclnt.dll
0x0000027c12a40000 - 0x0000027c12a43000 	C:\Users\e093379\.openjfx\cache\21+31\amd64\api-ms-win-core-console-l1-1-0.dll
0x00007ff92eb90000 - 0x00007ff92eb99000 	C:\Users\e093379\.jdks\corretto-21.0.6\bin\management.dll
0x0000027c12a50000 - 0x0000027c12a53000 	C:\Users\e093379\.openjfx\cache\21+31\amd64\api-ms-win-core-console-l1-2-0.dll
0x0000027c12a60000 - 0x0000027c12a63000 	C:\Users\e093379\.openjfx\cache\21+31\amd64\api-ms-win-core-datetime-l1-1-0.dll
0x0000027c12a70000 - 0x0000027c12a73000 	C:\Users\e093379\.openjfx\cache\21+31\amd64\api-ms-win-core-debug-l1-1-0.dll
0x0000027c12a80000 - 0x0000027c12a83000 	C:\Users\e093379\.openjfx\cache\21+31\amd64\api-ms-win-core-errorhandling-l1-1-0.dll
0x0000027c12a90000 - 0x0000027c12a94000 	C:\Users\e093379\.openjfx\cache\21+31\amd64\api-ms-win-core-file-l1-1-0.dll
0x0000027c12aa0000 - 0x0000027c12aa3000 	C:\Users\e093379\.openjfx\cache\21+31\amd64\api-ms-win-core-file-l1-2-0.dll
0x00007ff912760000 - 0x00007ff91276b000 	C:\Users\e093379\.jdks\corretto-21.0.6\bin\management_ext.dll
0x00007ff936c20000 - 0x00007ff936c28000 	C:\WINDOWS\System32\PSAPI.DLL
0x0000027c12ab0000 - 0x0000027c12ab3000 	C:\Users\e093379\.openjfx\cache\21+31\amd64\api-ms-win-core-file-l2-1-0.dll
0x0000027c37f10000 - 0x0000027c37f13000 	C:\Users\e093379\.openjfx\cache\21+31\amd64\api-ms-win-core-handle-l1-1-0.dll
0x0000027c37f20000 - 0x0000027c37f23000 	C:\Users\e093379\.openjfx\cache\21+31\amd64\api-ms-win-core-heap-l1-1-0.dll
0x0000027c37f30000 - 0x0000027c37f33000 	C:\Users\e093379\.openjfx\cache\21+31\amd64\api-ms-win-core-interlocked-l1-1-0.dll
0x0000027c37f40000 - 0x0000027c37f43000 	C:\Users\e093379\.openjfx\cache\21+31\amd64\api-ms-win-core-libraryloader-l1-1-0.dll
0x0000027c37f50000 - 0x0000027c37f53000 	C:\Users\e093379\.openjfx\cache\21+31\amd64\api-ms-win-core-localization-l1-2-0.dll
0x0000027c37f60000 - 0x0000027c37f63000 	C:\Users\e093379\.openjfx\cache\21+31\amd64\api-ms-win-core-memory-l1-1-0.dll
0x0000027c37f70000 - 0x0000027c37f73000 	C:\Users\e093379\.openjfx\cache\21+31\amd64\api-ms-win-core-namedpipe-l1-1-0.dll
0x0000027c37f80000 - 0x0000027c37f83000 	C:\Users\e093379\.openjfx\cache\21+31\amd64\api-ms-win-core-processenvironment-l1-1-0.dll
0x0000027c37f90000 - 0x0000027c37f93000 	C:\Users\e093379\.openjfx\cache\21+31\amd64\api-ms-win-core-processthreads-l1-1-0.dll
0x0000027c37fa0000 - 0x0000027c37fa3000 	C:\Users\e093379\.openjfx\cache\21+31\amd64\api-ms-win-core-processthreads-l1-1-1.dll
0x0000027c37fb0000 - 0x0000027c37fb3000 	C:\Users\e093379\.openjfx\cache\21+31\amd64\api-ms-win-core-profile-l1-1-0.dll
0x0000027c37fc0000 - 0x0000027c37fc3000 	C:\Users\e093379\.openjfx\cache\21+31\amd64\api-ms-win-core-rtlsupport-l1-1-0.dll
0x0000027c37fd0000 - 0x0000027c37fd3000 	C:\Users\e093379\.openjfx\cache\21+31\amd64\api-ms-win-core-string-l1-1-0.dll
0x0000027c37fe0000 - 0x0000027c37fe3000 	C:\Users\e093379\.openjfx\cache\21+31\amd64\api-ms-win-core-synch-l1-1-0.dll
0x0000027c37ff0000 - 0x0000027c37ff3000 	C:\Users\e093379\.openjfx\cache\21+31\amd64\api-ms-win-core-synch-l1-2-0.dll
0x0000027c79f40000 - 0x0000027c79f43000 	C:\Users\e093379\.openjfx\cache\21+31\amd64\api-ms-win-core-sysinfo-l1-1-0.dll
0x0000027c79f50000 - 0x0000027c79f53000 	C:\Users\e093379\.openjfx\cache\21+31\amd64\api-ms-win-core-timezone-l1-1-0.dll
0x0000027c79f60000 - 0x0000027c79f63000 	C:\Users\e093379\.openjfx\cache\21+31\amd64\api-ms-win-core-util-l1-1-0.dll
0x0000027c79f70000 - 0x0000027c79f73000 	C:\Users\e093379\.openjfx\cache\21+31\amd64\api-ms-win-crt-conio-l1-1-0.dll
0x0000027c79f80000 - 0x0000027c79f84000 	C:\Users\e093379\.openjfx\cache\21+31\amd64\api-ms-win-crt-convert-l1-1-0.dll
0x0000027c79f90000 - 0x0000027c79f93000 	C:\Users\e093379\.openjfx\cache\21+31\amd64\api-ms-win-crt-environment-l1-1-0.dll
0x0000027c79fa0000 - 0x0000027c79fa3000 	C:\Users\e093379\.openjfx\cache\21+31\amd64\api-ms-win-crt-filesystem-l1-1-0.dll
0x0000027c79fb0000 - 0x0000027c79fb3000 	C:\Users\e093379\.openjfx\cache\21+31\amd64\api-ms-win-crt-heap-l1-1-0.dll
0x0000027c79fc0000 - 0x0000027c79fc3000 	C:\Users\e093379\.openjfx\cache\21+31\amd64\api-ms-win-crt-locale-l1-1-0.dll
0x0000027c79fd0000 - 0x0000027c79fd5000 	C:\Users\e093379\.openjfx\cache\21+31\amd64\api-ms-win-crt-math-l1-1-0.dll
0x0000027c79fe0000 - 0x0000027c79fe5000 	C:\Users\e093379\.openjfx\cache\21+31\amd64\api-ms-win-crt-multibyte-l1-1-0.dll
0x0000027c79ff0000 - 0x0000027c7a000000 	C:\Users\e093379\.openjfx\cache\21+31\amd64\api-ms-win-crt-private-l1-1-0.dll
0x0000027c7efd0000 - 0x0000027c7efd3000 	C:\Users\e093379\.openjfx\cache\21+31\amd64\api-ms-win-crt-process-l1-1-0.dll
0x0000027c7efe0000 - 0x0000027c7efe4000 	C:\Users\e093379\.openjfx\cache\21+31\amd64\api-ms-win-crt-runtime-l1-1-0.dll
0x0000027c7eff0000 - 0x0000027c7eff4000 	C:\Users\e093379\.openjfx\cache\21+31\amd64\api-ms-win-crt-stdio-l1-1-0.dll
0x0000027c7f000000 - 0x0000027c7f004000 	C:\Users\e093379\.openjfx\cache\21+31\amd64\api-ms-win-crt-string-l1-1-0.dll
0x0000027c7f010000 - 0x0000027c7f013000 	C:\Users\e093379\.openjfx\cache\21+31\amd64\api-ms-win-crt-time-l1-1-0.dll
0x0000027c7f020000 - 0x0000027c7f023000 	C:\Users\e093379\.openjfx\cache\21+31\amd64\api-ms-win-crt-utility-l1-1-0.dll
0x00007ff872100000 - 0x00007ff8721fc000 	C:\Users\e093379\.openjfx\cache\21+31\amd64\ucrtbase.dll
0x00007ff90c480000 - 0x00007ff90c49b000 	C:\Users\e093379\.openjfx\cache\21+31\amd64\vcruntime140.dll
0x00007ff90fcf0000 - 0x00007ff90fcfc000 	C:\Users\e093379\.openjfx\cache\21+31\amd64\vcruntime140_1.dll
0x00007ff874cd0000 - 0x00007ff874d5e000 	C:\Users\e093379\.openjfx\cache\21+31\amd64\msvcp140.dll
0x00007ff9369d0000 - 0x00007ff936b71000 	C:\WINDOWS\System32\ole32.dll
0x00007ff90f710000 - 0x00007ff90f719000 	C:\Users\e093379\.openjfx\cache\21+31\amd64\msvcp140_1.dll
0x00007ff900440000 - 0x00007ff90046f000 	C:\Users\e093379\.openjfx\cache\21+31\amd64\msvcp140_2.dll
0x00007ff9003b0000 - 0x00007ff9003df000 	C:\Users\e093379\.openjfx\cache\21+31\amd64\prism_d3d.dll
0x00007ff8f6390000 - 0x00007ff8f6538000 	C:\WINDOWS\system32\d3d9.dll
0x00007ff9307f0000 - 0x00007ff93081e000 	C:\WINDOWS\SYSTEM32\dwmapi.dll
0x00007ff930ee0000 - 0x00007ff930f17000 	C:\WINDOWS\SYSTEM32\dxcore.dll
0x00007ff9306e0000 - 0x00007ff930793000 	C:\WINDOWS\system32\uxtheme.dll
0x00007ff933f50000 - 0x00007ff933f9e000 	C:\WINDOWS\SYSTEM32\cfgmgr32.dll
0x00007ff933b10000 - 0x00007ff933b2b000 	C:\WINDOWS\SYSTEM32\CRYPTSP.dll
0x00007ff9331d0000 - 0x00007ff933207000 	C:\WINDOWS\system32\rsaenh.dll
0x00007ff9338b0000 - 0x00007ff9338d8000 	C:\WINDOWS\SYSTEM32\USERENV.dll
0x00007ff934390000 - 0x00007ff9344f7000 	C:\WINDOWS\System32\CRYPT32.dll
0x00007ff933af0000 - 0x00007ff933afc000 	C:\WINDOWS\SYSTEM32\CRYPTBASE.dll
0x00007ff92e750000 - 0x00007ff92e799000 	C:\WINDOWS\SYSTEM32\directxdatabasehelper.dll
0x00007ff909b20000 - 0x00007ff909b37000 	C:\WINDOWS\system32\napinsp.dll
0x00007ff9097f0000 - 0x00007ff90980b000 	C:\WINDOWS\system32\pnrpnsp.dll
0x00007ff9097d0000 - 0x00007ff9097e1000 	C:\WINDOWS\System32\winrnr.dll
0x00007ff9097b0000 - 0x00007ff9097cf000 	C:\WINDOWS\system32\wshbth.dll
0x00007ff909780000 - 0x00007ff9097a1000 	C:\WINDOWS\system32\nlansp_c.dll
0x00007ff933b60000 - 0x00007ff933b72000 	C:\WINDOWS\SYSTEM32\msasn1.dll
0x00007ff9240c0000 - 0x00007ff9240f2000 	C:\WINDOWS\SYSTEM32\cryptnet.dll
0x00007ff934620000 - 0x00007ff93469c000 	C:\WINDOWS\System32\wintrust.dll
0x00007ff935340000 - 0x00007ff93535f000 	C:\WINDOWS\System32\imagehlp.dll
0x00007ff912050000 - 0x00007ff9120a0000 	C:\WINDOWS\SYSTEM32\pdh.dll
0x00007ff8fd520000 - 0x00007ff8fd562000 	C:\Users\e093379\.openjfx\cache\21+31\amd64\glass.dll

dbghelp: loaded successfully - version: 4.0.5 - missing functions: none
symbol engine: initialized successfully - sym options: 0x614 - pdb path: .;C:\Users\e093379\.jdks\corretto-21.0.6\bin;C:\WINDOWS\SYSTEM32;C:\WINDOWS\WinSxS\amd64_microsoft.windows.common-controls_6595b64144ccf1df_6.0.22621.5262_none_2712bde373830908;C:\Users\e093379\.jdks\corretto-21.0.6\bin\server;C:\Users\e093379\AppData\Local\JetBrains\IntelliJ IDEA 2024.3.1\bin;C:\Users\e093379\.openjfx\cache\21+31\amd64;C:\WINDOWS\System32\DriverStore\FileRepository\nvltwi.inf_amd64_dd75fef7bca2758e;C:\Windows\Microsoft.NET\Framework64\v4.0.30319;C:\WINDOWS\System32\DriverStore\FileRepository\iigd_dch.inf_amd64_89d4d93fe5389cc3;C:\Program Files\Common Files\Microsoft Shared\Ink

VM Arguments:
jvm_args: -javaagent:C:\Users\e093379\AppData\Local\JetBrains\IntelliJ IDEA 2024.3.1\lib\idea_rt.jar=53239:C:\Users\e093379\AppData\Local\JetBrains\IntelliJ IDEA 2024.3.1\bin -Dfile.encoding=UTF-8 -Dsun.stdout.encoding=UTF-8 -Dsun.stderr.encoding=UTF-8 --module-path=C:\.m2\repository\org\openjfx\javafx-controls\21\javafx-controls-21-win.jar;C:\.m2\repository\org\openjfx\javafx-base\21\javafx-base-21-win.jar;C:\Users\e093379\Desktop\Project_IHM\Project_IHM1\target\classes;C:\.m2\repository\org\openjfx\javafx-fxml\21\javafx-fxml-21-win.jar;C:\.m2\repository\org\openjfx\javafx-graphics\21\javafx-graphics-21-win.jar -Djdk.module.main=com.example.project_ihm 
java_command: com.example.project_ihm/com.example.project_ihm.Main
java_class_path (initial): C:\.m2\repository\org\openjfx\javafx-controls\21\javafx-controls-21.jar;C:\.m2\repository\org\openjfx\javafx-graphics\21\javafx-graphics-21.jar;C:\.m2\repository\org\openjfx\javafx-base\21\javafx-base-21.jar;C:\.m2\repository\org\openjfx\javafx-fxml\21\javafx-fxml-21.jar
Launcher Type: SUN_STANDARD

[Global flags]
     intx CICompilerCount                          = 12                                        {product} {ergonomic}
     uint ConcGCThreads                            = 4                                         {product} {ergonomic}
     uint G1ConcRefinementThreads                  = 15                                        {product} {ergonomic}
   size_t G1HeapRegionSize                         = 4194304                                   {product} {ergonomic}
    uintx GCDrainStackTargetSize                   = 64                                        {product} {ergonomic}
   size_t InitialHeapSize                          = 532676608                                 {product} {ergonomic}
   size_t MarkStackSize                            = 4194304                                   {product} {ergonomic}
   size_t MaxHeapSize                              = 8501854208                                {product} {ergonomic}
   size_t MaxNewSize                               = 5100273664                                {product} {ergonomic}
   size_t MinHeapDeltaBytes                        = 4194304                                   {product} {ergonomic}
   size_t MinHeapSize                              = 8388608                                   {product} {ergonomic}
    uintx NonNMethodCodeHeapSize                   = 7602480                                {pd product} {ergonomic}
    uintx NonProfiledCodeHeapSize                  = 122027880                              {pd product} {ergonomic}
    uintx ProfiledCodeHeapSize                     = 122027880                              {pd product} {ergonomic}
    uintx ReservedCodeCacheSize                    = 251658240                              {pd product} {ergonomic}
     bool SegmentedCodeCache                       = true                                      {product} {ergonomic}
   size_t SoftMaxHeapSize                          = 8501854208                             {manageable} {ergonomic}
     bool UseCompressedOops                        = true                           {product lp64_product} {ergonomic}
     bool UseG1GC                                  = true                                      {product} {ergonomic}
     bool UseLargePagesIndividualAllocation        = false                                  {pd product} {ergonomic}

Logging:
Log output configuration:
 #0: stdout all=off uptime,level,tags foldmultilines=false
 #1: stderr all=off uptime,level,tags foldmultilines=false

Environment Variables:
JAVA_HOME=C:\DLocal\SE\microsoft-jdk-21.0.4+7
PATH=C:\WINDOWS\system32;C:\WINDOWS;C:\WINDOWS\System32\Wbem;C:\WINDOWS\System32\WindowsPowerShell\v1.0\;C:\WINDOWS\System32\OpenSSH\;C:\Program Files\SafeNet\Authentication\SAC\x64;C:\Program Files\SafeNet\Authentication\SAC\x32;C:\Program Files\Git\cmd;C:\Program Files\CMake\bin;C:\Program Files (x86)\PuTTY\;C:\Program Files\TortoiseGit\bin;C:\Program Files (x86)\Windows Kits\10\Windows Performance Toolkit\;C:\Program Files\nodejs\;C:\ProgramData\chocolatey\bin;C:\Program Files\Docker\Docker\resources\bin;c:\Users\e093379\AppData\Local\Programs\cursor\resources\app\bin;C:\Program Files\PowerShell\7\;C:\Users\e093379\AppData\Local\Microsoft\WindowsApps;C:\Users\e093379\AppData\Local\Microsoft\WinGet\Packages\Ninja-build.Ninja_Microsoft.Winget.Source_8wekyb3d8bbwe;C:\Users\e093379\AppData\Local\Programs\oh-my-posh\bin;C:\Users\e093379\AppData\Local\JetBrains\IntelliJ IDEA 2024.3.1\bin;;C:\Users\e093379\AppData\Local\Programs\Microsoft VS Code\bin;C:\Users\e093379\AppData\Roaming\npm;C:\Program Files\Vagrant\embedded\mingw64\bin
USERNAME=E093379
OS=Windows_NT
PROCESSOR_IDENTIFIER=Intel64 Family 6 Model 186 Stepping 2, GenuineIntel
TMP=C:\Users\e093379\AppData\Local\Temp
TEMP=C:\Users\e093379\AppData\Local\Temp




Periodic native trim disabled

---------------  S Y S T E M  ---------------

OS:
 Windows 11 , 64 bit Build 22621 (10.0.22621.5262)
OS uptime: 1 days 22:40 hours
Hyper-V role detected

CPU: total 20 (initial active 20) (10 cores per cpu, 2 threads per core) family 6 model 186 stepping 2 microcode 0x410e, cx8, cmov, fxsr, ht, mmx, 3dnowpref, sse, sse2, sse3, ssse3, sse4.1, sse4.2, popcnt, lzcnt, tsc, tscinvbit, avx, avx2, aes, erms, clmul, bmi1, bmi2, adx, sha, fma, vzeroupper, clflush, clflushopt, clwb, hv, serialize, rdtscp, rdpid, fsrm, f16c, cet_ibt, cet_ss
Processor Information for processor 0
  Max Mhz: 2500, Current Mhz: 2500, Mhz Limit: 2500
Processor Information for processor 1
  Max Mhz: 2500, Current Mhz: 2500, Mhz Limit: 2500
Processor Information for processor 2
  Max Mhz: 2500, Current Mhz: 2500, Mhz Limit: 2500
Processor Information for processor 3
  Max Mhz: 2500, Current Mhz: 2500, Mhz Limit: 2500
Processor Information for processor 4
  Max Mhz: 2500, Current Mhz: 2500, Mhz Limit: 2500
Processor Information for processor 5
  Max Mhz: 2500, Current Mhz: 2500, Mhz Limit: 2500
Processor Information for processor 6
  Max Mhz: 2500, Current Mhz: 2500, Mhz Limit: 2500
Processor Information for processor 7
  Max Mhz: 2500, Current Mhz: 2500, Mhz Limit: 2500
Processor Information for processor 8
  Max Mhz: 2500, Current Mhz: 2500, Mhz Limit: 2500
Processor Information for processor 9
  Max Mhz: 2500, Current Mhz: 2500, Mhz Limit: 2500
Processor Information for processor 10
  Max Mhz: 2500, Current Mhz: 2500, Mhz Limit: 2500
Processor Information for processor 11
  Max Mhz: 2500, Current Mhz: 2500, Mhz Limit: 2500
Processor Information for processor 12
  Max Mhz: 2500, Current Mhz: 1800, Mhz Limit: 1800
Processor Information for processor 13
  Max Mhz: 2500, Current Mhz: 1800, Mhz Limit: 1800
Processor Information for processor 14
  Max Mhz: 2500, Current Mhz: 1800, Mhz Limit: 1800
Processor Information for processor 15
  Max Mhz: 2500, Current Mhz: 1800, Mhz Limit: 1800
Processor Information for processor 16
  Max Mhz: 2500, Current Mhz: 1800, Mhz Limit: 1800
Processor Information for processor 17
  Max Mhz: 2500, Current Mhz: 1800, Mhz Limit: 1800
Processor Information for processor 18
  Max Mhz: 2500, Current Mhz: 1800, Mhz Limit: 1800
Processor Information for processor 19
  Max Mhz: 2500, Current Mhz: 1800, Mhz Limit: 1800

Memory: 4k page, system-wide physical 32424M (11801M free)
TotalPageFile size 37288M (AvailPageFile size 7264M)
current process WorkingSet (physical memory assigned to process): 241M, peak: 276M
current process commit charge ("private bytes"): 778M, peak: 835M

vm_info: OpenJDK 64-Bit Server VM (21.0.6+7-LTS) for windows-amd64 JRE (21.0.6+7-LTS), built on 2025-01-07T23:42:01Z by "Administrator" with MS VC++ 16.10 / 16.11 (VS2019)

END.
