#
# A fatal error has been detected by the Java Runtime Environment:
#
#  EXCEPTION_ACCESS_VIOLATION (0xc0000005) at pc=0x00007ffd08de6587, pid=21032, tid=30556
#
# JRE version: OpenJDK Runtime Environment Corretto-21.0.6.7.1 (21.0.6+7) (build 21.0.6+7-LTS)
# Java VM: OpenJDK 64-Bit Server VM Corretto-21.0.6.7.1 (21.0.6+7-LTS, mixed mode, sharing, tiered, compressed oops, compressed class ptrs, g1 gc, windows-amd64)
# Problematic frame:
# C  [glass.dll+0x26587]
#
# No core dump will be written. Minidumps are not enabled by default on client versions of Windows
#
# If you would like to submit a bug report, please visit:
#   https://github.com/corretto/corretto-21/issues/
#

---------------  S U M M A R Y ------------

Command Line: -javaagent:C:\Users\e093379\AppData\Local\JetBrains\IntelliJ IDEA 2024.3.1\lib\idea_rt.jar=56315:C:\Users\e093379\AppData\Local\JetBrains\IntelliJ IDEA 2024.3.1\bin -Dfile.encoding=UTF-8 -Dsun.stdout.encoding=UTF-8 -Dsun.stderr.encoding=UTF-8 --module-path=C:\.m2\repository\org\openjfx\javafx-graphics\21\javafx-graphics-21-win.jar;C:\.m2\repository\org\openjfx\javafx-base\21\javafx-base-21-win.jar;C:\Users\e093379\Desktop\Project_IHM\target\classes;C:\.m2\repository\org\openjfx\javafx-controls\21\javafx-controls-21-win.jar;C:\.m2\repository\org\openjfx\javafx-fxml\21\javafx-fxml-21-win.jar -Djdk.module.main=com.example.project_ihm com.example.project_ihm/com.example.project_ihm.Main

Host: 13th Gen Intel(R) Core(TM) i7-13800H, 20 cores, 31G,  Windows 11 , 64 bit Build 22621 (10.0.22621.5262)
Time: Sat Jun  7 20:05:09 2025 Paris, Madrid (heure duild 22621 (10.0.22621.5262) elapsed time: 6.099622 seconds (0d 0h 0m 6s)

---------------  T H R E A D  ---------------

Current thread (0x0000025e7fea6150):  VMThread "VM Thread"          [id=30556, stack(0x000000872cc00000,0x000000872cd00000) (1024K)]

Stack: [0x000000872cc00000,0x000000872cd00000],  sp=0x000000872ccfef50,  free space=1019k
Native frames: (J=compiled Java code, j=interpreted, Vv=VM code, C=native code)
C  [glass.dll+0x26587]


siginfo: EXCEPTION_ACCESS_VIOLATION (0xc0000005), reading address 0x0000000000000000


Registers:
RAX=0x0000000000000000, RBX=0x0000025e7feae882, RCX=0x0000025e7fea6150, RDX=0x000000872ccfef50
RSP=0x000000872ccfef50, RBP=0x0000025e61987718, RSI=0x000000872ccff058, RDI=0x0000025e619876f0
R8 =0x0000000000010002, R9 =0x0000025e619876f0, R10=0x85f13e9656da4870, R11=0x000000872ccfeee0
R12=0x00007ffd08de3ed0, R13=0x00007ffc5e8b61c0, R14=0x0000f6b0f1e7db7c, R15=0x0000025e619876f0
RIP=0x00007ffd08de6587, EFLAGS=0x0000000000010206

XMM[0]=0x0000000000000000 0x0000000000000000
XMM[1]=0x0000000000000000 0x000000872ccfdc00
XMM[2]=0x0000000000000000 0x0000000000000000
XMM[3]=0x0000000000000000 0x0000000000000000
XMM[4]=0x0000000000000000 0x0000000000000000
XMM[5]=0x0000000000000000 0x0000000000000000
XMM[6]=0x0000000000000000 0x0000000000000000
XMM[7]=0x0000000000000000 0x404e000000000000
XMM[8]=0x0000000000000000 0x0000000000000000
XMM[9]=0x0000000000000000 0x0000000000000000
XMM[10]=0x0000000000000000 0x0000000000000000
XMM[11]=0x0000000000000000 0x0000000000000000
XMM[12]=0x0000000000000000 0x0000000000000000
XMM[13]=0x0000000000000000 0x0000000000000000
XMM[14]=0x0000000000000000 0x0000000000000000
XMM[15]=0x0000000000000000 0x0000000000000000
  MXCSR=0x00001fa0


Register to memory mapping:

RAX=0x0 is null
RBX=0x0000025e7feae882 is a global jni handle
RCX=0x0000025e7fea6150 points into unknown readable memory: 0x00007ffc5e6b4ca0 | a0 4c 6b 5e fc 7f 00 00
RDX=0x000000872ccfef50 points into unknown readable memory: 0x0000000000000000 | 00 00 00 00 00 00 00 00
RSP=0x000000872ccfef50 points into unknown readable memory: 0x0000000000000000 | 00 00 00 00 00 00 00 00
RBP=0x0000025e61987718 points into unknown readable memory: 0x0000f6b0f1e7db7c | 7c db e7 f1 b0 f6 00 00
RSI=0x000000872ccff058 points into unknown readable memory: 0x000000872ccff040 | 40 f0 cf 2c 87 00 00 00
RDI=0x0000025e619876f0 points into unknown readable memory: 0x8000f14f216a38e2 | e2 38 6a 21 4f f1 00 80
R8 =0x0000000000010002 is an unknown value
R9 =0x0000025e619876f0 points into unknown readable memory: 0x8000f14f216a38e2 | e2 38 6a 21 4f f1 00 80
R10=0x85f13e9656da4870 is an unknown value
R11=0x000000872ccfeee0 points into unknown readable memory: 0x0000025e619876f0 | f0 76 98 61 5e 02 00 00
R12=0x00007ffd08de3ed0 glass.dll
R13=0x00007ffc5e8b61c0 jvm.dll
R14=0x0000f6b0f1e7db7c is an unknown value
R15=0x0000025e619876f0 points into unknown readable memory: 0x8000f14f216a38e2 | e2 38 6a 21 4f f1 00 80

Top of Stack: (sp=0x000000872ccfef50)
0x000000872ccfef50:   0000000000000000 000000872ccff058
0x000000872ccfef60:   00007ffc5e8b61c0 00007ffd08de3ed0
0x000000872ccfef70:   0000025e619876f8 00007ffd2f753a93
0x000000872ccfef80:   0000025e619876f0 0000025e00000000
0x000000872ccfef90:   0000025e61987718 000000872ccff058
0x000000872ccfefa0:   fffffffffffffffe 0000000000000000
0x000000872ccfefb0:   0000000000000001 00007ffd08dc0000
0x000000872ccfefc0:   000000872ccff048 00007ffd2f72042e
0x000000872ccfefd0:   0000000000000000 000000872ccff058
0x000000872ccfefe0:   000000872ccff340 0000000000000001
0x000000872ccfeff0:   0000000000000001 00007ffd2f71dddd
0x000000872ccff000:   0000000000000000 00007ffd08de36c9
0x000000872ccff010:   0000000000000000 000000872ccff048
0x000000872ccff020:   fffffffffffffffe 0000000000000000
0x000000872ccff030:   0000000000000000 00007ffd08de3d5d
0x000000872ccff040:   00007ffd08dfa008 00007ffc00000002
0x000000872ccff050:   0000000000000002 000000872ccff040
0x000000872ccff060:   0000000000000000 00007ffd31e58b13
0x000000872ccff070:   0000000000000000 00007ffd08de3e82
0x000000872ccff080:   0000000000000001 000000007ffe0385
0x000000872ccff090:   000000872ccff340 0000000000000001
0x000000872ccff0a0:   0000000000000001 00007ffd2352fe77
0x000000872ccff0b0:   00007ffc00000001 0000000000000001
0x000000872ccff0c0:   00007ffd08dc0000 000000007ffe0384
0x000000872ccff0d0:   0000000000000000 00007ffd31e58baf
0x000000872ccff0e0:   00007ffd08dc0000 0000000000000000
0x000000872ccff0f0:   0000000000000001 000000007ffe0385
0x000000872ccff100:   00007ffd31f67920 00007ffcdbb1e214
0x000000872ccff110:   00004842681ee000 00007ffcda080000
0x000000872ccff120:   00007ffd08de3ed0 0000000000000000
0x000000872ccff130:   0000000000000000 000000872c097000
0x000000872ccff140:   0000025e617c9b20 00007ffd31e815b6 

Instructions: (pc=0x00007ffd08de6587)
0x00007ffd08de6487:   8b 4d 58 e8 8d cf ff ff 48 8b 4d 60 e8 84 cf ff
0x00007ffd08de6497:   ff 48 8b 95 80 00 00 00 48 8b 8d 18 01 00 00 e8
0x00007ffd08de64a7:   76 c4 ff ff 33 d2 33 c9 e8 cc e1 ff ff 90 48 89
0x00007ffd08de64b7:   54 24 10 55 48 83 ec 20 48 8b ea 48 b8 00 00 00
0x00007ffd08de64c7:   00 00 00 00 00 48 83 c4 20 5d c3 cc 40 55 48 8b
0x00007ffd08de64d7:   ea 48 8b 01 33 c9 81 38 05 00 00 c0 0f 94 c1 8b
0x00007ffd08de64e7:   c1 5d c3 cc 40 55 48 83 ec 20 48 8b ea 8a 4d 40
0x00007ffd08de64f7:   48 83 c4 20 5d e9 73 d3 ff ff cc 40 55 48 83 ec
0x00007ffd08de6507:   20 48 8b ea 8a 4d 20 e8 61 d3 ff ff 90 48 83 c4
0x00007ffd08de6517:   20 5d c3 cc 40 55 48 83 ec 20 48 8b ea 48 83 c4
0x00007ffd08de6527:   20 5d e9 c2 d1 ff ff cc 40 55 48 83 ec 30 48 8b
0x00007ffd08de6537:   ea 48 8b 01 8b 10 48 89 4c 24 28 89 54 24 20 4c
0x00007ffd08de6547:   8d 0d 63 d6 ff ff 4c 8b 45 70 8b 55 68 48 8b 4d
0x00007ffd08de6557:   60 e8 03 d1 ff ff 90 48 83 c4 30 5d c3 cc cc cc
0x00007ffd08de6567:   cc cc cc cc cc cc cc cc cc 40 53 48 83 ec 20 48
0x00007ffd08de6577:   8b 1d 8b 34 01 00 48 85 db 74 16 e8 89 8f ff ff
0x00007ffd08de6587:   4c 8b 00 48 8b d3 48 8b c8 41 ff 90 b0 00 00 00
0x00007ffd08de6597:   90 48 83 c4 20 5b c3 cc cc 40 53 48 83 ec 20 48
0x00007ffd08de65a7:   8b 1d fb 35 01 00 48 85 db 74 57 b8 ff ff ff ff
0x00007ffd08de65b7:   f0 0f c1 43 10 83 f8 01 75 3d 48 85 db 74 38 48
0x00007ffd08de65c7:   8b 0b 48 85 c9 74 0d ff 15 d4 0c 00 00 48 c7 03
0x00007ffd08de65d7:   00 00 00 00 48 8b 4b 08 48 85 c9 74 0d e8 33 ce
0x00007ffd08de65e7:   ff ff 48 c7 43 08 00 00 00 00 ba 18 00 00 00 48
0x00007ffd08de65f7:   8b cb e8 1e ce ff ff 48 c7 05 9f 35 01 00 00 00
0x00007ffd08de6607:   00 00 48 83 c4 20 5b c3 cc 40 53 48 83 ec 20 48
0x00007ffd08de6617:   8b 1d 6b 35 01 00 48 85 db 74 57 b8 ff ff ff ff
0x00007ffd08de6627:   f0 0f c1 43 10 83 f8 01 75 3d 48 85 db 74 38 48
0x00007ffd08de6637:   8b 0b 48 85 c9 74 0d ff 15 64 0c 00 00 48 c7 03
0x00007ffd08de6647:   00 00 00 00 48 8b 4b 08 48 85 c9 74 0d e8 c3 cd
0x00007ffd08de6657:   ff ff 48 c7 43 08 00 00 00 00 ba 18 00 00 00 48
0x00007ffd08de6667:   8b cb e8 ae cd ff ff 48 c7 05 0f 35 01 00 00 00
0x00007ffd08de6677:   00 00 48 83 c4 20 5b c3 cc 40 53 48 83 ec 20 48 


Stack slot to memory mapping:

stack at sp + 0 slots: 0x0 is null
stack at sp + 1 slots: 0x000000872ccff058 points into unknown readable memory: 0x000000872ccff040 | 40 f0 cf 2c 87 00 00 00
stack at sp + 2 slots: 0x00007ffc5e8b61c0 jvm.dll
stack at sp + 3 slots: 0x00007ffd08de3ed0 glass.dll
stack at sp + 4 slots: 0x0000025e619876f8 points into unknown readable memory: 0x0000f6b0f1e7db7c | 7c db e7 f1 b0 f6 00 00
stack at sp + 5 slots: 0x00007ffd2f753a93 ucrtbase.dll
stack at sp + 6 slots: 0x0000025e619876f0 points into unknown readable memory: 0x8000f14f216a38e2 | e2 38 6a 21 4f f1 00 80
stack at sp + 7 slots: 0x0000025e00000000 points into unknown readable memory: 0x0000000000000009 | 09 00 00 00 00 00 00 00

VM_Operation (0x000000872daf9c90): Exit, mode: safepoint, requested by thread 0x0000025e618d7540


---------------  P R O C E S S  ---------------

Threads class SMR info:
_java_thread_list=0x0000025e6fc17e60, length=25, elements={
0x0000025e7581a530, 0x0000025e1ab71e30, 0x0000025e1ab74c00, 0x0000025e1ab75980,
0x0000025e1ab78510, 0x0000025e1ab79090, 0x0000025e1ab7a500, 0x0000025e1ab7b280,
0x0000025e1ab89ec0, 0x0000025e1abe1e00, 0x0000025e1acd2b70, 0x0000025e1ad62ca0,
0x0000025e1ad63340, 0x0000025e60d9ab00, 0x0000025e60d398c0, 0x0000025e60ba7b80,
0x0000025e61068b90, 0x0000025e602f1d30, 0x0000025e61a23830, 0x0000025e61a256c0,
0x0000025e6193bd90, 0x0000025e618d7540, 0x0000025e60df7f40, 0x0000025e60dfad30,
0x0000025e60df85d0
}

Java Threads: ( => current thread )
  0x0000025e7581a530 JavaThread "main"                              [_thread_blocked, id=34964, stack(0x000000872c500000,0x000000872c600000) (1024K)]
  0x0000025e1ab71e30 JavaThread "Reference Handler"          daemon [_thread_blocked, id=25244, stack(0x000000872cd00000,0x000000872ce00000) (1024K)]
  0x0000025e1ab74c00 JavaThread "Finalizer"                  daemon [_thread_blocked, id=5480, stack(0x000000872ce00000,0x000000872cf00000) (1024K)]
  0x0000025e1ab75980 JavaThread "Signal Dispatcher"          daemon [_thread_blocked, id=34404, stack(0x000000872cf00000,0x000000872d000000) (1024K)]
  0x0000025e1ab78510 JavaThread "Attach Listener"            daemon [_thread_blocked, id=33576, stack(0x000000872d000000,0x000000872d100000) (1024K)]
  0x0000025e1ab79090 JavaThread "Service Thread"             daemon [_thread_blocked, id=35188, stack(0x000000872d100000,0x000000872d200000) (1024K)]
  0x0000025e1ab7a500 JavaThread "Monitor Deflation Thread"   daemon [_thread_blocked, id=27188, stack(0x000000872d200000,0x000000872d300000) (1024K)]
  0x0000025e1ab7b280 JavaThread "C2 CompilerThread0"         daemon [_thread_blocked, id=23944, stack(0x000000872d300000,0x000000872d400000) (1024K)]
  0x0000025e1ab89ec0 JavaThread "C1 CompilerThread0"         daemon [_thread_blocked, id=26916, stack(0x000000872d400000,0x000000872d500000) (1024K)]
  0x0000025e1abe1e00 JavaThread "C1 CompilerThread1"         daemon [_thread_blocked, id=26520, stack(0x000000872d500000,0x000000872d600000) (1024K)]
  0x0000025e1acd2b70 JavaThread "Common-Cleaner"             daemon [_thread_blocked, id=1308, stack(0x000000872d600000,0x000000872d700000) (1024K)]
  0x0000025e1ad62ca0 JavaThread "C1 CompilerThread2"         daemon [_thread_blocked, id=20644, stack(0x000000872d700000,0x000000872d800000) (1024K)]
  0x0000025e1ad63340 JavaThread "C1 CompilerThread3"         daemon [_thread_blocked, id=35192, stack(0x000000872d800000,0x000000872d900000) (1024K)]
  0x0000025e60d9ab00 JavaThread "Monitor Ctrl-Break"         daemon [_thread_in_native, id=35296, stack(0x000000872dd00000,0x000000872de00000) (1024K)]
  0x0000025e60d398c0 JavaThread "Notification Thread"        daemon [_thread_blocked, id=27956, stack(0x000000872de00000,0x000000872df00000) (1024K)]
  0x0000025e60ba7b80 JavaThread "QuantumRenderer-0"          daemon [_thread_blocked, id=18064, stack(0x000000872df00000,0x000000872e000000) (1024K)]
  0x0000025e61068b90 JavaThread "RMI TCP Accept-0"           daemon [_thread_in_native, id=30116, stack(0x000000872eb00000,0x000000872ec00000) (1024K)]
  0x0000025e602f1d30 JavaThread "RMI TCP Connection(1)-192.168.1.70" daemon [_thread_blocked, id=32396, stack(0x000000872ec00000,0x000000872ed00000) (1024K)]
  0x0000025e61a23830 JavaThread "RMI Scheduler(0)"           daemon [_thread_blocked, id=1824, stack(0x000000872ed00000,0x000000872ee00000) (1024K)]
  0x0000025e61a256c0 JavaThread "JMX server connection timeout 46" daemon [_thread_blocked, id=33712, stack(0x000000872ee00000,0x000000872ef00000) (1024K)]
  0x0000025e6193bd90 JavaThread "InvokeLaterDispatcher"      daemon [_thread_blocked, id=31628, stack(0x000000872d900000,0x000000872da00000) (1024K)]
  0x0000025e618d7540 JavaThread "JavaFX Application Thread"         [_thread_blocked, id=29380, stack(0x000000872da00000,0x000000872db00000) (1024K)]
  0x0000025e60df7f40 JavaThread "JavaFX-Launcher"                   [_thread_blocked, id=25976, stack(0x000000872f500000,0x000000872f600000) (1024K)]
  0x0000025e60dfad30 JavaThread "Thread-2"                   daemon [_thread_in_native, id=25580, stack(0x000000872f400000,0x000000872f500000) (1024K)]
  0x0000025e60df85d0 JavaThread "Prism Font Disposer"        daemon [_thread_blocked, id=29192, stack(0x000000872ff00000,0x0000008730000000) (1024K)]
Total: 25

Other Threads:
=>0x0000025e7fea6150 VMThread "VM Thread"                           [id=30556, stack(0x000000872cc00000,0x000000872cd00000) (1024K)]
  0x0000025e758c12e0 WorkerThread "GC Thread#0"                     [id=27784, stack(0x000000872c600000,0x000000872c700000) (1024K)]
  0x0000025e618deef0 WorkerThread "GC Thread#1"                     [id=32356, stack(0x000000872e000000,0x000000872e100000) (1024K)]
  0x0000025e60b2a830 WorkerThread "GC Thread#2"                     [id=29556, stack(0x000000872e100000,0x000000872e200000) (1024K)]
  0x0000025e616114a0 WorkerThread "GC Thread#3"                     [id=33316, stack(0x000000872e200000,0x000000872e300000) (1024K)]
  0x0000025e60ee44c0 WorkerThread "GC Thread#4"                     [id=23076, stack(0x000000872e300000,0x000000872e400000) (1024K)]
  0x0000025e60c356f0 WorkerThread "GC Thread#5"                     [id=33684, stack(0x000000872e400000,0x000000872e500000) (1024K)]
  0x0000025e61e6ac40 WorkerThread "GC Thread#6"                     [id=22272, stack(0x000000872e500000,0x000000872e600000) (1024K)]
  0x0000025e61e6afe0 WorkerThread "GC Thread#7"                     [id=31100, stack(0x000000872e600000,0x000000872e700000) (1024K)]
  0x0000025e61e6b800 WorkerThread "GC Thread#8"                     [id=24800, stack(0x000000872e700000,0x000000872e800000) (1024K)]
  0x0000025e61e6bba0 WorkerThread "GC Thread#9"                     [id=34304, stack(0x000000872e800000,0x000000872e900000) (1024K)]
  0x0000025e60baaaf0 WorkerThread "GC Thread#10"                    [id=6584, stack(0x000000872e900000,0x000000872ea00000) (1024K)]
  0x0000025e60baae90 WorkerThread "GC Thread#11"                    [id=26440, stack(0x000000872ea00000,0x000000872eb00000) (1024K)]
  0x0000025e614d2f60 WorkerThread "GC Thread#12"                    [id=29728, stack(0x000000872fa00000,0x000000872fb00000) (1024K)]
  0x0000025e614d3300 WorkerThread "GC Thread#13"                    [id=13732, stack(0x000000872fe00000,0x000000872ff00000) (1024K)]
  0x0000025e758d4020 ConcurrentGCThread "G1 Main Marker"            terminated
  0x0000025e758d4b20 WorkerThread "G1 Conc#0"                       [id=33148, stack(0x000000872c800000,0x000000872c900000) (1024K)]
  0x0000025e7fd60c90 ConcurrentGCThread "G1 Refine#0"               terminated
  0x0000025e7fd61610 ConcurrentGCThread "G1 Service"                terminated
Total: 19

Threads with active compile tasks:
Total: 0

VM state: at safepoint (shutting down)

VM Mutex/Monitor currently owned by a thread:  ([mutex/lock_event])
[0x00007ffc5e88e320] Threads_lock - owner thread: 0x0000025e7fea6150
[0x00007ffc5e88e420] Heap_lock - owner thread: 0x0000025e618d7540

Heap address: 0x0000000605400000, size: 8108 MB, Compressed Oops mode: Zero based, Oop shift amount: 3

CDS archive(s) mapped at: [0x0000025e1b000000-0x0000025e1bc80000-0x0000025e1bc80000), size 13107200, SharedBaseAddress: 0x0000025e1b000000, ArchiveRelocationMode: 1.
Compressed class space mapped at: 0x0000025e1c000000-0x0000025e5c000000, reserved size: 1073741824
Narrow klass base: 0x0000025e1b000000, Narrow klass shift: 0, Narrow klass range: 0x100000000

GC Precious Log:
 CardTable entry size: 512
 Card Set container configuration: InlinePtr #cards 4 size 8 Array Of Cards #cards 32 size 80 Howl #buckets 8 coarsen threshold 7372 Howl Bitmap #cards 1024 size 144 coarsen threshold 921 Card regions per heap region 1 cards per card region 8192
 CPUs: 20 total, 20 available
 Memory: 32424M
 Large Page Support: Disabled
 NUMA Support: Disabled
 Compressed Oops: Enabled (Zero based)
 Heap Region Size: 4M
 Heap Min Capacity: 8M
 Heap Initial Capacity: 508M
 Heap Max Capacity: 8108M
 Pre-touch: Disabled
 Parallel Workers: 15
 Concurrent Workers: 4
 Concurrent Refinement Workers: 15
 Periodic GC: Disabled

Heap:
 garbage-first heap   total 520192K, used 19800K [0x0000000605400000, 0x0000000800000000)
  region size 4096K, 7 young (28672K), 2 survivors (8192K)
 Metaspace       used 18371K, committed 18816K, reserved 1114112K
  class space    used 2437K, committed 2624K, reserved 1048576K

Heap Regions: E=young(eden), S=young(survivor), O=old, HS=humongous(starts), HC=humongous(continues), CS=collection set, F=free, TAMS=top-at-mark-start, PB=parsable bottom
|   0|0x0000000605400000, 0x0000000605400000, 0x0000000605800000|  0%| F|  |TAMS 0x0000000605400000| PB 0x0000000605400000| Untracked 
|   1|0x0000000605800000, 0x0000000605800000, 0x0000000605c00000|  0%| F|  |TAMS 0x0000000605800000| PB 0x0000000605800000| Untracked 
|   2|0x0000000605c00000, 0x0000000605c00000, 0x0000000606000000|  0%| F|  |TAMS 0x0000000605c00000| PB 0x0000000605c00000| Untracked 
|   3|0x0000000606000000, 0x0000000606000000, 0x0000000606400000|  0%| F|  |TAMS 0x0000000606000000| PB 0x0000000606000000| Untracked 
|   4|0x0000000606400000, 0x0000000606400000, 0x0000000606800000|  0%| F|  |TAMS 0x0000000606400000| PB 0x0000000606400000| Untracked 
|   5|0x0000000606800000, 0x0000000606800000, 0x0000000606c00000|  0%| F|  |TAMS 0x0000000606800000| PB 0x0000000606800000| Untracked 
|   6|0x0000000606c00000, 0x0000000606c00000, 0x0000000607000000|  0%| F|  |TAMS 0x0000000606c00000| PB 0x0000000606c00000| Untracked 
|   7|0x0000000607000000, 0x0000000607000000, 0x0000000607400000|  0%| F|  |TAMS 0x0000000607000000| PB 0x0000000607000000| Untracked 
|   8|0x0000000607400000, 0x0000000607400000, 0x0000000607800000|  0%| F|  |TAMS 0x0000000607400000| PB 0x0000000607400000| Untracked 
|   9|0x0000000607800000, 0x0000000607800000, 0x0000000607c00000|  0%| F|  |TAMS 0x0000000607800000| PB 0x0000000607800000| Untracked 
|  10|0x0000000607c00000, 0x0000000607c00000, 0x0000000608000000|  0%| F|  |TAMS 0x0000000607c00000| PB 0x0000000607c00000| Untracked 
|  11|0x0000000608000000, 0x0000000608000000, 0x0000000608400000|  0%| F|  |TAMS 0x0000000608000000| PB 0x0000000608000000| Untracked 
|  12|0x0000000608400000, 0x0000000608400000, 0x0000000608800000|  0%| F|  |TAMS 0x0000000608400000| PB 0x0000000608400000| Untracked 
|  13|0x0000000608800000, 0x0000000608800000, 0x0000000608c00000|  0%| F|  |TAMS 0x0000000608800000| PB 0x0000000608800000| Untracked 
|  14|0x0000000608c00000, 0x0000000608c00000, 0x0000000609000000|  0%| F|  |TAMS 0x0000000608c00000| PB 0x0000000608c00000| Untracked 
|  15|0x0000000609000000, 0x0000000609000000, 0x0000000609400000|  0%| F|  |TAMS 0x0000000609000000| PB 0x0000000609000000| Untracked 
|  16|0x0000000609400000, 0x0000000609400000, 0x0000000609800000|  0%| F|  |TAMS 0x0000000609400000| PB 0x0000000609400000| Untracked 
|  17|0x0000000609800000, 0x0000000609800000, 0x0000000609c00000|  0%| F|  |TAMS 0x0000000609800000| PB 0x0000000609800000| Untracked 
|  18|0x0000000609c00000, 0x0000000609c00000, 0x000000060a000000|  0%| F|  |TAMS 0x0000000609c00000| PB 0x0000000609c00000| Untracked 
|  19|0x000000060a000000, 0x000000060a000000, 0x000000060a400000|  0%| F|  |TAMS 0x000000060a000000| PB 0x000000060a000000| Untracked 
|  20|0x000000060a400000, 0x000000060a400000, 0x000000060a800000|  0%| F|  |TAMS 0x000000060a400000| PB 0x000000060a400000| Untracked 
|  21|0x000000060a800000, 0x000000060a800000, 0x000000060ac00000|  0%| F|  |TAMS 0x000000060a800000| PB 0x000000060a800000| Untracked 
|  22|0x000000060ac00000, 0x000000060ac00000, 0x000000060b000000|  0%| F|  |TAMS 0x000000060ac00000| PB 0x000000060ac00000| Untracked 
|  23|0x000000060b000000, 0x000000060b000000, 0x000000060b400000|  0%| F|  |TAMS 0x000000060b000000| PB 0x000000060b000000| Untracked 
|  24|0x000000060b400000, 0x000000060b400000, 0x000000060b800000|  0%| F|  |TAMS 0x000000060b400000| PB 0x000000060b400000| Untracked 
|  25|0x000000060b800000, 0x000000060b800000, 0x000000060bc00000|  0%| F|  |TAMS 0x000000060b800000| PB 0x000000060b800000| Untracked 
|  26|0x000000060bc00000, 0x000000060bc00000, 0x000000060c000000|  0%| F|  |TAMS 0x000000060bc00000| PB 0x000000060bc00000| Untracked 
|  27|0x000000060c000000, 0x000000060c000000, 0x000000060c400000|  0%| F|  |TAMS 0x000000060c000000| PB 0x000000060c000000| Untracked 
|  28|0x000000060c400000, 0x000000060c400000, 0x000000060c800000|  0%| F|  |TAMS 0x000000060c400000| PB 0x000000060c400000| Untracked 
|  29|0x000000060c800000, 0x000000060c800000, 0x000000060cc00000|  0%| F|  |TAMS 0x000000060c800000| PB 0x000000060c800000| Untracked 
|  30|0x000000060cc00000, 0x000000060cc00000, 0x000000060d000000|  0%| F|  |TAMS 0x000000060cc00000| PB 0x000000060cc00000| Untracked 
|  31|0x000000060d000000, 0x000000060d000000, 0x000000060d400000|  0%| F|  |TAMS 0x000000060d000000| PB 0x000000060d000000| Untracked 
|  32|0x000000060d400000, 0x000000060d400000, 0x000000060d800000|  0%| F|  |TAMS 0x000000060d400000| PB 0x000000060d400000| Untracked 
|  33|0x000000060d800000, 0x000000060d800000, 0x000000060dc00000|  0%| F|  |TAMS 0x000000060d800000| PB 0x000000060d800000| Untracked 
|  34|0x000000060dc00000, 0x000000060dc00000, 0x000000060e000000|  0%| F|  |TAMS 0x000000060dc00000| PB 0x000000060dc00000| Untracked 
|  35|0x000000060e000000, 0x000000060e000000, 0x000000060e400000|  0%| F|  |TAMS 0x000000060e000000| PB 0x000000060e000000| Untracked 
|  36|0x000000060e400000, 0x000000060e400000, 0x000000060e800000|  0%| F|  |TAMS 0x000000060e400000| PB 0x000000060e400000| Untracked 
|  37|0x000000060e800000, 0x000000060e800000, 0x000000060ec00000|  0%| F|  |TAMS 0x000000060e800000| PB 0x000000060e800000| Untracked 
|  38|0x000000060ec00000, 0x000000060ec00000, 0x000000060f000000|  0%| F|  |TAMS 0x000000060ec00000| PB 0x000000060ec00000| Untracked 
|  39|0x000000060f000000, 0x000000060f000000, 0x000000060f400000|  0%| F|  |TAMS 0x000000060f000000| PB 0x000000060f000000| Untracked 
|  40|0x000000060f400000, 0x000000060f400000, 0x000000060f800000|  0%| F|  |TAMS 0x000000060f400000| PB 0x000000060f400000| Untracked 
|  41|0x000000060f800000, 0x000000060f800000, 0x000000060fc00000|  0%| F|  |TAMS 0x000000060f800000| PB 0x000000060f800000| Untracked 
|  42|0x000000060fc00000, 0x000000060fc00000, 0x0000000610000000|  0%| F|  |TAMS 0x000000060fc00000| PB 0x000000060fc00000| Untracked 
|  43|0x0000000610000000, 0x0000000610000000, 0x0000000610400000|  0%| F|  |TAMS 0x0000000610000000| PB 0x0000000610000000| Untracked 
|  44|0x0000000610400000, 0x0000000610400000, 0x0000000610800000|  0%| F|  |TAMS 0x0000000610400000| PB 0x0000000610400000| Untracked 
|  45|0x0000000610800000, 0x0000000610800000, 0x0000000610c00000|  0%| F|  |TAMS 0x0000000610800000| PB 0x0000000610800000| Untracked 
|  46|0x0000000610c00000, 0x0000000610c00000, 0x0000000611000000|  0%| F|  |TAMS 0x0000000610c00000| PB 0x0000000610c00000| Untracked 
|  47|0x0000000611000000, 0x0000000611000000, 0x0000000611400000|  0%| F|  |TAMS 0x0000000611000000| PB 0x0000000611000000| Untracked 
|  48|0x0000000611400000, 0x0000000611400000, 0x0000000611800000|  0%| F|  |TAMS 0x0000000611400000| PB 0x0000000611400000| Untracked 
|  49|0x0000000611800000, 0x0000000611800000, 0x0000000611c00000|  0%| F|  |TAMS 0x0000000611800000| PB 0x0000000611800000| Untracked 
|  50|0x0000000611c00000, 0x0000000611c00000, 0x0000000612000000|  0%| F|  |TAMS 0x0000000611c00000| PB 0x0000000611c00000| Untracked 
|  51|0x0000000612000000, 0x0000000612000000, 0x0000000612400000|  0%| F|  |TAMS 0x0000000612000000| PB 0x0000000612000000| Untracked 
|  52|0x0000000612400000, 0x0000000612400000, 0x0000000612800000|  0%| F|  |TAMS 0x0000000612400000| PB 0x0000000612400000| Untracked 
|  53|0x0000000612800000, 0x0000000612800000, 0x0000000612c00000|  0%| F|  |TAMS 0x0000000612800000| PB 0x0000000612800000| Untracked 
|  54|0x0000000612c00000, 0x0000000612c00000, 0x0000000613000000|  0%| F|  |TAMS 0x0000000612c00000| PB 0x0000000612c00000| Untracked 
|  55|0x0000000613000000, 0x0000000613000000, 0x0000000613400000|  0%| F|  |TAMS 0x0000000613000000| PB 0x0000000613000000| Untracked 
|  56|0x0000000613400000, 0x0000000613400000, 0x0000000613800000|  0%| F|  |TAMS 0x0000000613400000| PB 0x0000000613400000| Untracked 
|  57|0x0000000613800000, 0x0000000613800000, 0x0000000613c00000|  0%| F|  |TAMS 0x0000000613800000| PB 0x0000000613800000| Untracked 
|  58|0x0000000613c00000, 0x0000000613c00000, 0x0000000614000000|  0%| F|  |TAMS 0x0000000613c00000| PB 0x0000000613c00000| Untracked 
|  59|0x0000000614000000, 0x0000000614000000, 0x0000000614400000|  0%| F|  |TAMS 0x0000000614000000| PB 0x0000000614000000| Untracked 
|  60|0x0000000614400000, 0x0000000614400000, 0x0000000614800000|  0%| F|  |TAMS 0x0000000614400000| PB 0x0000000614400000| Untracked 
|  61|0x0000000614800000, 0x0000000614800000, 0x0000000614c00000|  0%| F|  |TAMS 0x0000000614800000| PB 0x0000000614800000| Untracked 
|  62|0x0000000614c00000, 0x0000000614c00000, 0x0000000615000000|  0%| F|  |TAMS 0x0000000614c00000| PB 0x0000000614c00000| Untracked 
|  63|0x0000000615000000, 0x0000000615000000, 0x0000000615400000|  0%| F|  |TAMS 0x0000000615000000| PB 0x0000000615000000| Untracked 
|  64|0x0000000615400000, 0x0000000615400000, 0x0000000615800000|  0%| F|  |TAMS 0x0000000615400000| PB 0x0000000615400000| Untracked 
|  65|0x0000000615800000, 0x0000000615800000, 0x0000000615c00000|  0%| F|  |TAMS 0x0000000615800000| PB 0x0000000615800000| Untracked 
|  66|0x0000000615c00000, 0x0000000615c00000, 0x0000000616000000|  0%| F|  |TAMS 0x0000000615c00000| PB 0x0000000615c00000| Untracked 
|  67|0x0000000616000000, 0x0000000616000000, 0x0000000616400000|  0%| F|  |TAMS 0x0000000616000000| PB 0x0000000616000000| Untracked 
|  68|0x0000000616400000, 0x0000000616400000, 0x0000000616800000|  0%| F|  |TAMS 0x0000000616400000| PB 0x0000000616400000| Untracked 
|  69|0x0000000616800000, 0x0000000616800000, 0x0000000616c00000|  0%| F|  |TAMS 0x0000000616800000| PB 0x0000000616800000| Untracked 
|  70|0x0000000616c00000, 0x0000000616c00000, 0x0000000617000000|  0%| F|  |TAMS 0x0000000616c00000| PB 0x0000000616c00000| Untracked 
|  71|0x0000000617000000, 0x0000000617000000, 0x0000000617400000|  0%| F|  |TAMS 0x0000000617000000| PB 0x0000000617000000| Untracked 
|  72|0x0000000617400000, 0x0000000617400000, 0x0000000617800000|  0%| F|  |TAMS 0x0000000617400000| PB 0x0000000617400000| Untracked 
|  73|0x0000000617800000, 0x0000000617800000, 0x0000000617c00000|  0%| F|  |TAMS 0x0000000617800000| PB 0x0000000617800000| Untracked 
|  74|0x0000000617c00000, 0x0000000617c00000, 0x0000000618000000|  0%| F|  |TAMS 0x0000000617c00000| PB 0x0000000617c00000| Untracked 
|  75|0x0000000618000000, 0x0000000618000000, 0x0000000618400000|  0%| F|  |TAMS 0x0000000618000000| PB 0x0000000618000000| Untracked 
|  76|0x0000000618400000, 0x0000000618400000, 0x0000000618800000|  0%| F|  |TAMS 0x0000000618400000| PB 0x0000000618400000| Untracked 
|  77|0x0000000618800000, 0x0000000618800000, 0x0000000618c00000|  0%| F|  |TAMS 0x0000000618800000| PB 0x0000000618800000| Untracked 
|  78|0x0000000618c00000, 0x0000000618c00000, 0x0000000619000000|  0%| F|  |TAMS 0x0000000618c00000| PB 0x0000000618c00000| Untracked 
|  79|0x0000000619000000, 0x0000000619000000, 0x0000000619400000|  0%| F|  |TAMS 0x0000000619000000| PB 0x0000000619000000| Untracked 
|  80|0x0000000619400000, 0x0000000619400000, 0x0000000619800000|  0%| F|  |TAMS 0x0000000619400000| PB 0x0000000619400000| Untracked 
|  81|0x0000000619800000, 0x0000000619800000, 0x0000000619c00000|  0%| F|  |TAMS 0x0000000619800000| PB 0x0000000619800000| Untracked 
|  82|0x0000000619c00000, 0x0000000619c00000, 0x000000061a000000|  0%| F|  |TAMS 0x0000000619c00000| PB 0x0000000619c00000| Untracked 
|  83|0x000000061a000000, 0x000000061a000000, 0x000000061a400000|  0%| F|  |TAMS 0x000000061a000000| PB 0x000000061a000000| Untracked 
|  84|0x000000061a400000, 0x000000061a400000, 0x000000061a800000|  0%| F|  |TAMS 0x000000061a400000| PB 0x000000061a400000| Untracked 
|  85|0x000000061a800000, 0x000000061a800000, 0x000000061ac00000|  0%| F|  |TAMS 0x000000061a800000| PB 0x000000061a800000| Untracked 
|  86|0x000000061ac00000, 0x000000061ac00000, 0x000000061b000000|  0%| F|  |TAMS 0x000000061ac00000| PB 0x000000061ac00000| Untracked 
|  87|0x000000061b000000, 0x000000061b000000, 0x000000061b400000|  0%| F|  |TAMS 0x000000061b000000| PB 0x000000061b000000| Untracked 
|  88|0x000000061b400000, 0x000000061b400000, 0x000000061b800000|  0%| F|  |TAMS 0x000000061b400000| PB 0x000000061b400000| Untracked 
|  89|0x000000061b800000, 0x000000061b800000, 0x000000061bc00000|  0%| F|  |TAMS 0x000000061b800000| PB 0x000000061b800000| Untracked 
|  90|0x000000061bc00000, 0x000000061bc00000, 0x000000061c000000|  0%| F|  |TAMS 0x000000061bc00000| PB 0x000000061bc00000| Untracked 
|  91|0x000000061c000000, 0x000000061c000000, 0x000000061c400000|  0%| F|  |TAMS 0x000000061c000000| PB 0x000000061c000000| Untracked 
|  92|0x000000061c400000, 0x000000061c400000, 0x000000061c800000|  0%| F|  |TAMS 0x000000061c400000| PB 0x000000061c400000| Untracked 
|  93|0x000000061c800000, 0x000000061c800000, 0x000000061cc00000|  0%| F|  |TAMS 0x000000061c800000| PB 0x000000061c800000| Untracked 
|  94|0x000000061cc00000, 0x000000061cc00000, 0x000000061d000000|  0%| F|  |TAMS 0x000000061cc00000| PB 0x000000061cc00000| Untracked 
|  95|0x000000061d000000, 0x000000061d000000, 0x000000061d400000|  0%| F|  |TAMS 0x000000061d000000| PB 0x000000061d000000| Untracked 
|  96|0x000000061d400000, 0x000000061d400000, 0x000000061d800000|  0%| F|  |TAMS 0x000000061d400000| PB 0x000000061d400000| Untracked 
|  97|0x000000061d800000, 0x000000061d800000, 0x000000061dc00000|  0%| F|  |TAMS 0x000000061d800000| PB 0x000000061d800000| Untracked 
|  98|0x000000061dc00000, 0x000000061dc00000, 0x000000061e000000|  0%| F|  |TAMS 0x000000061dc00000| PB 0x000000061dc00000| Untracked 
|  99|0x000000061e000000, 0x000000061e000000, 0x000000061e400000|  0%| F|  |TAMS 0x000000061e000000| PB 0x000000061e000000| Untracked 
| 100|0x000000061e400000, 0x000000061e400000, 0x000000061e800000|  0%| F|  |TAMS 0x000000061e400000| PB 0x000000061e400000| Untracked 
| 101|0x000000061e800000, 0x000000061e800000, 0x000000061ec00000|  0%| F|  |TAMS 0x000000061e800000| PB 0x000000061e800000| Untracked 
| 102|0x000000061ec00000, 0x000000061ec00000, 0x000000061f000000|  0%| F|  |TAMS 0x000000061ec00000| PB 0x000000061ec00000| Untracked 
| 103|0x000000061f000000, 0x000000061f000000, 0x000000061f400000|  0%| F|  |TAMS 0x000000061f000000| PB 0x000000061f000000| Untracked 
| 104|0x000000061f400000, 0x000000061f400000, 0x000000061f800000|  0%| F|  |TAMS 0x000000061f400000| PB 0x000000061f400000| Untracked 
| 105|0x000000061f800000, 0x000000061f800000, 0x000000061fc00000|  0%| F|  |TAMS 0x000000061f800000| PB 0x000000061f800000| Untracked 
| 106|0x000000061fc00000, 0x000000061fc00000, 0x0000000620000000|  0%| F|  |TAMS 0x000000061fc00000| PB 0x000000061fc00000| Untracked 
| 107|0x0000000620000000, 0x0000000620000000, 0x0000000620400000|  0%| F|  |TAMS 0x0000000620000000| PB 0x0000000620000000| Untracked 
| 108|0x0000000620400000, 0x0000000620400000, 0x0000000620800000|  0%| F|  |TAMS 0x0000000620400000| PB 0x0000000620400000| Untracked 
| 109|0x0000000620800000, 0x0000000620800000, 0x0000000620c00000|  0%| F|  |TAMS 0x0000000620800000| PB 0x0000000620800000| Untracked 
| 110|0x0000000620c00000, 0x0000000620c00000, 0x0000000621000000|  0%| F|  |TAMS 0x0000000620c00000| PB 0x0000000620c00000| Untracked 
| 111|0x0000000621000000, 0x0000000621000000, 0x0000000621400000|  0%| F|  |TAMS 0x0000000621000000| PB 0x0000000621000000| Untracked 
| 112|0x0000000621400000, 0x0000000621400000, 0x0000000621800000|  0%| F|  |TAMS 0x0000000621400000| PB 0x0000000621400000| Untracked 
| 113|0x0000000621800000, 0x0000000621800000, 0x0000000621c00000|  0%| F|  |TAMS 0x0000000621800000| PB 0x0000000621800000| Untracked 
| 114|0x0000000621c00000, 0x0000000621c00000, 0x0000000622000000|  0%| F|  |TAMS 0x0000000621c00000| PB 0x0000000621c00000| Untracked 
| 115|0x0000000622000000, 0x0000000622356310, 0x0000000622400000| 83%| S|CS|TAMS 0x0000000622000000| PB 0x0000000622000000| Complete 
| 116|0x0000000622400000, 0x0000000622800000, 0x0000000622800000|100%| S|CS|TAMS 0x0000000622400000| PB 0x0000000622400000| Complete 
| 117|0x0000000622800000, 0x0000000622800000, 0x0000000622c00000|  0%| F|  |TAMS 0x0000000622800000| PB 0x0000000622800000| Untracked 
| 118|0x0000000622c00000, 0x0000000622c00000, 0x0000000623000000|  0%| F|  |TAMS 0x0000000622c00000| PB 0x0000000622c00000| Untracked 
| 119|0x0000000623000000, 0x0000000623000000, 0x0000000623400000|  0%| F|  |TAMS 0x0000000623000000| PB 0x0000000623000000| Untracked 
| 120|0x0000000623400000, 0x0000000623400000, 0x0000000623800000|  0%| F|  |TAMS 0x0000000623400000| PB 0x0000000623400000| Untracked 
| 121|0x0000000623800000, 0x0000000623800000, 0x0000000623c00000|  0%| F|  |TAMS 0x0000000623800000| PB 0x0000000623800000| Untracked 
| 122|0x0000000623c00000, 0x0000000623ca9810, 0x0000000624000000| 16%| E|  |TAMS 0x0000000623c00000| PB 0x0000000623c00000| Complete 
| 123|0x0000000624000000, 0x0000000624400000, 0x0000000624400000|100%| E|CS|TAMS 0x0000000624000000| PB 0x0000000624000000| Complete 
| 124|0x0000000624400000, 0x0000000624800000, 0x0000000624800000|100%| E|  |TAMS 0x0000000624400000| PB 0x0000000624400000| Complete 
| 125|0x0000000624800000, 0x0000000624c00000, 0x0000000624c00000|100%| E|CS|TAMS 0x0000000624800000| PB 0x0000000624800000| Complete 
| 126|0x0000000624c00000, 0x0000000625000000, 0x0000000625000000|100%| E|CS|TAMS 0x0000000624c00000| PB 0x0000000624c00000| Complete 

Card table byte_map: [0x0000025e0f000000,0x0000025e0ffe0000] _byte_map_base: 0x0000025e0bfd6000

Marking Bits: (CMBitMap*) 0x0000025e758c19e0
 Bits: [0x0000025e0ffe0000, 0x0000025e17e90000)

Polling page: 0x0000025e73660000

Metaspace:

Usage:
  Non-class:     15.56 MB used.
      Class:      2.38 MB used.
       Both:     17.94 MB used.

Virtual space:
  Non-class space:       64.00 MB reserved,      15.81 MB ( 25%) committed,  1 nodes.
      Class space:        1.00 GB reserved,       2.56 MB ( <1%) committed,  1 nodes.
             Both:        1.06 GB reserved,      18.38 MB (  2%) committed. 

Chunk freelists:
   Non-Class:  15.85 MB
       Class:  13.45 MB
        Both:  29.30 MB

MaxMetaspaceSize: unlimited
CompressedClassSpaceSize: 1.00 GB
Initial GC threshold: 21.00 MB
Current GC threshold: 21.00 MB
CDS: on
 - commit_granule_bytes: 65536.
 - commit_granule_words: 8192.
 - virtual_space_node_default_size: 8388608.
 - enlarge_chunks_in_place: 1.
 - use_allocation_guard: 0.


Internal statistics:

num_allocs_failed_limit: 0.
num_arena_births: 508.
num_arena_deaths: 0.
num_vsnodes_births: 2.
num_vsnodes_deaths: 0.
num_space_committed: 294.
num_space_uncommitted: 0.
num_chunks_returned_to_freelist: 0.
num_chunks_taken_from_freelist: 992.
num_chunk_merges: 0.
num_chunk_splits: 658.
num_chunks_enlarged: 430.
num_inconsistent_stats: 0.

CodeHeap 'non-profiled nmethods': size=119168Kb used=1122Kb max_used=1122Kb free=118045Kb
 bounds [0x0000025e07ba0000, 0x0000025e07e10000, 0x0000025e0f000000]
CodeHeap 'profiled nmethods': size=119104Kb used=4933Kb max_used=4933Kb free=114170Kb
 bounds [0x0000025e00000000, 0x0000025e004e0000, 0x0000025e07450000]
CodeHeap 'non-nmethods': size=7488Kb used=3498Kb max_used=3534Kb free=3989Kb
 bounds [0x0000025e07450000, 0x0000025e077d0000, 0x0000025e07ba0000]
 total_blobs=3653 nmethods=2829 adapters=725
 compilation: enabled
              stopped_count=0, restarted_count=0
 full_count=0

Compilation events (20 events):
Event: 5.597 Thread 0x0000025e1ad62ca0 2828       3       com.sun.prism.impl.BaseGraphics::validateTransformAndPaint (71 bytes)
Event: 5.598 Thread 0x0000025e1ab89ec0 2829       1       com.sun.prism.impl.BaseTexture::getLinearFiltering (5 bytes)
Event: 5.598 Thread 0x0000025e1ab89ec0 nmethod 2829 0x0000025e07cb7310 code [0x0000025e07cb74a0, 0x0000025e07cb7570]
Event: 5.598 Thread 0x0000025e1ad62ca0 nmethod 2828 0x0000025e004cfc10 code [0x0000025e004cfde0, 0x0000025e004d0350]
Event: 5.600 Thread 0x0000025e1ad62ca0 2832       1       com.sun.scenario.effect.FilterContext::getReferent (5 bytes)
Event: 5.600 Thread 0x0000025e1abe1e00 2833       1       com.sun.scenario.effect.ImageData::getUntransformedImage (5 bytes)
Event: 5.600 Thread 0x0000025e1ab89ec0 2834       3       com.sun.javafx.UnmodifiableArrayList::get (7 bytes)
Event: 5.601 Thread 0x0000025e1ad62ca0 nmethod 2832 0x0000025e07cb7f90 code [0x0000025e07cb8120, 0x0000025e07cb81f0]
Event: 5.601 Thread 0x0000025e1abe1e00 nmethod 2833 0x0000025e07cb8290 code [0x0000025e07cb8420, 0x0000025e07cb84f0]
Event: 5.601 Thread 0x0000025e1ad62ca0 2835       1       com.sun.javafx.sg.prism.NGNode::getClipNode (5 bytes)
Event: 5.601 Thread 0x0000025e1ab89ec0 nmethod 2834 0x0000025e004d0490 code [0x0000025e004d0640, 0x0000025e004d0780]
Event: 5.601 Thread 0x0000025e1ad62ca0 nmethod 2835 0x0000025e07cb8590 code [0x0000025e07cb8720, 0x0000025e07cb87f0]
Event: 5.674 Thread 0x0000025e1abe1e00 2836       3       java.util.WeakHashMap::isEmpty (13 bytes)
Event: 5.675 Thread 0x0000025e1abe1e00 nmethod 2836 0x0000025e004d0890 code [0x0000025e004d0a40, 0x0000025e004d0cf8]
Event: 5.679 Thread 0x0000025e1ad63340 2837       1       com.sun.javafx.scene.SceneEventDispatcher::getFirstDispatcher (5 bytes)
Event: 5.679 Thread 0x0000025e1ad63340 nmethod 2837 0x0000025e07cb8890 code [0x0000025e07cb8a20, 0x0000025e07cb8af0]
Event: 5.700 Thread 0x0000025e1ad62ca0 2839       3       java.util.WeakHashMap$EntryIterator::next (5 bytes)
Event: 5.700 Thread 0x0000025e1ad63340 2838       3       java.util.WeakHashMap$EntryIterator::next (5 bytes)
Event: 5.700 Thread 0x0000025e1ad62ca0 nmethod 2839 0x0000025e004d0e10 code [0x0000025e004d0fc0, 0x0000025e004d1180]
Event: 5.700 Thread 0x0000025e1ad63340 nmethod 2838 0x0000025e004d1210 code [0x0000025e004d13c0, 0x0000025e004d15f0]

GC Heap History (4 events):
Event: 0.873 GC heap before
{Heap before GC invocations=0 (full 0):
 garbage-first heap   total 520192K, used 24576K [0x0000000605400000, 0x0000000800000000)
  region size 4096K, 6 young (24576K), 0 survivors (0K)
 Metaspace       used 5941K, committed 6144K, reserved 1114112K
  class space    used 637K, committed 704K, reserved 1048576K
}
Event: 0.882 GC heap after
{Heap after GC invocations=1 (full 0):
 garbage-first heap   total 520192K, used 3686K [0x0000000605400000, 0x0000000800000000)
  region size 4096K, 1 young (4096K), 1 survivors (4096K)
 Metaspace       used 5941K, committed 6144K, reserved 1114112K
  class space    used 637K, committed 704K, reserved 1048576K
}
Event: 2.901 GC heap before
{Heap before GC invocations=1 (full 0):
 garbage-first heap   total 520192K, used 36454K [0x0000000605400000, 0x0000000800000000)
  region size 4096K, 10 young (40960K), 1 survivors (4096K)
 Metaspace       used 15457K, committed 15808K, reserved 1114112K
  class space    used 1977K, committed 2112K, reserved 1048576K
}
Event: 2.910 GC heap after
{Heap after GC invocations=2 (full 0):
 garbage-first heap   total 520192K, used 7512K [0x0000000605400000, 0x0000000800000000)
  region size 4096K, 2 young (8192K), 2 survivors (8192K)
 Metaspace       used 15457K, committed 15808K, reserved 1114112K
  class space    used 1977K, committed 2112K, reserved 1048576K
}

Dll operation events (20 events):
Event: 0.735 Loaded shared library C:\Users\e093379\.openjfx\cache\21+31\amd64\api-ms-win-crt-heap-l1-1-0.dll
Event: 0.738 Loaded shared library C:\Users\e093379\.openjfx\cache\21+31\amd64\api-ms-win-crt-locale-l1-1-0.dll
Event: 0.740 Loaded shared library C:\Users\e093379\.openjfx\cache\21+31\amd64\api-ms-win-crt-math-l1-1-0.dll
Event: 0.743 Loaded shared library C:\Users\e093379\.openjfx\cache\21+31\amd64\api-ms-win-crt-multibyte-l1-1-0.dll
Event: 0.746 Loaded shared library C:\Users\e093379\.openjfx\cache\21+31\amd64\api-ms-win-crt-private-l1-1-0.dll
Event: 0.749 Loaded shared library C:\Users\e093379\.openjfx\cache\21+31\amd64\api-ms-win-crt-process-l1-1-0.dll
Event: 0.751 Loaded shared library C:\Users\e093379\.openjfx\cache\21+31\amd64\api-ms-win-crt-runtime-l1-1-0.dll
Event: 0.754 Loaded shared library C:\Users\e093379\.openjfx\cache\21+31\amd64\api-ms-win-crt-stdio-l1-1-0.dll
Event: 0.757 Loaded shared library C:\Users\e093379\.openjfx\cache\21+31\amd64\api-ms-win-crt-string-l1-1-0.dll
Event: 0.760 Loaded shared library C:\Users\e093379\.openjfx\cache\21+31\amd64\api-ms-win-crt-time-l1-1-0.dll
Event: 0.762 Loaded shared library C:\Users\e093379\.openjfx\cache\21+31\amd64\api-ms-win-crt-utility-l1-1-0.dll
Event: 0.778 Loaded shared library C:\Users\e093379\.openjfx\cache\21+31\amd64\ucrtbase.dll
Event: 0.782 Loaded shared library C:\Users\e093379\.openjfx\cache\21+31\amd64\vcruntime140.dll
Event: 0.785 Loaded shared library C:\Users\e093379\.openjfx\cache\21+31\amd64\vcruntime140_1.dll
Event: 0.796 Loaded shared library C:\Users\e093379\.openjfx\cache\21+31\amd64\msvcp140.dll
Event: 0.799 Loaded shared library C:\Users\e093379\.openjfx\cache\21+31\amd64\msvcp140_1.dll
Event: 0.804 Loaded shared library C:\Users\e093379\.openjfx\cache\21+31\amd64\msvcp140_2.dll
Event: 0.907 Loaded shared library C:\Users\e093379\.openjfx\cache\21+31\amd64\prism_d3d.dll
Event: 1.705 Loaded shared library C:\Users\e093379\.openjfx\cache\21+31\amd64\glass.dll
Event: 2.461 Loaded shared library C:\Users\e093379\.openjfx\cache\21+31\amd64\javafx_font.dll

Deoptimization events (20 events):
Event: 4.210 Thread 0x0000025e618d7540 Uncommon trap: trap_request=0xffffffde fr.pc=0x0000025e07c592cc relative=0x000000000000050c
Event: 4.210 Thread 0x0000025e618d7540 Uncommon trap: reason=class_check action=maybe_recompile pc=0x0000025e07c592cc method=javafx.css.CssLexer.readChar()I @ 4 c2
Event: 4.210 Thread 0x0000025e618d7540 DEOPT PACKING pc=0x0000025e07c592cc sp=0x000000872dafbee0
Event: 4.210 Thread 0x0000025e618d7540 DEOPT UNPACKING pc=0x0000025e074a46a2 sp=0x000000872dafbec8 mode 2
Event: 4.210 Thread 0x0000025e618d7540 Uncommon trap: trap_request=0xffffffde fr.pc=0x0000025e07c592cc relative=0x000000000000050c
Event: 4.210 Thread 0x0000025e618d7540 Uncommon trap: reason=class_check action=maybe_recompile pc=0x0000025e07c592cc method=javafx.css.CssLexer.readChar()I @ 4 c2
Event: 4.211 Thread 0x0000025e618d7540 DEOPT PACKING pc=0x0000025e07c592cc sp=0x000000872dafbca0
Event: 4.211 Thread 0x0000025e618d7540 DEOPT UNPACKING pc=0x0000025e074a46a2 sp=0x000000872dafbc80 mode 2
Event: 4.211 Thread 0x0000025e618d7540 Uncommon trap: trap_request=0xffffffde fr.pc=0x0000025e07c592cc relative=0x000000000000050c
Event: 4.211 Thread 0x0000025e618d7540 Uncommon trap: reason=class_check action=maybe_recompile pc=0x0000025e07c592cc method=javafx.css.CssLexer.readChar()I @ 4 c2
Event: 4.211 Thread 0x0000025e618d7540 DEOPT PACKING pc=0x0000025e07c592cc sp=0x000000872dafbb70
Event: 4.211 Thread 0x0000025e618d7540 DEOPT UNPACKING pc=0x0000025e074a46a2 sp=0x000000872dafbb50 mode 2
Event: 4.211 Thread 0x0000025e618d7540 Uncommon trap: trap_request=0xffffffde fr.pc=0x0000025e07c592cc relative=0x000000000000050c
Event: 4.211 Thread 0x0000025e618d7540 Uncommon trap: reason=class_check action=maybe_recompile pc=0x0000025e07c592cc method=javafx.css.CssLexer.readChar()I @ 4 c2
Event: 4.211 Thread 0x0000025e618d7540 DEOPT PACKING pc=0x0000025e07c592cc sp=0x000000872dafbca0
Event: 4.211 Thread 0x0000025e618d7540 DEOPT UNPACKING pc=0x0000025e074a46a2 sp=0x000000872dafbc80 mode 2
Event: 4.276 Thread 0x0000025e618d7540 Uncommon trap: trap_request=0xffffff45 fr.pc=0x0000025e07babe74 relative=0x0000000000000054
Event: 4.277 Thread 0x0000025e618d7540 Uncommon trap: reason=unstable_if action=reinterpret pc=0x0000025e07babe74 method=java.lang.CharacterData.of(I)Ljava/lang/CharacterData; @ 4 c2
Event: 4.277 Thread 0x0000025e618d7540 DEOPT PACKING pc=0x0000025e07babe74 sp=0x000000872dafaf30
Event: 4.277 Thread 0x0000025e618d7540 DEOPT UNPACKING pc=0x0000025e074a46a2 sp=0x000000872dafaed0 mode 2

Classes loaded (20 events):
Event: 4.253 Loading class sun/util/logging/resources/logging
Event: 4.253 Loading class sun/util/logging/resources/logging done
Event: 4.254 Loading class sun/util/logging/resources/logging_fr
Event: 4.254 Loading class sun/util/logging/resources/logging_fr done
Event: 4.255 Loading class sun/util/logging/resources/logging_fr_FR
Event: 4.255 Loading class sun/util/logging/resources/logging_fr_FR done
Event: 4.255 Loading class sun/util/logging/resources/logging_fr_FR
Event: 4.255 Loading class sun/util/logging/resources/logging_fr_FR done
Event: 4.255 Loading class java/util/Formatter$DateTime
Event: 4.256 Loading class java/util/Formatter$DateTime done
Event: 4.257 Loading class java/time/ZonedDateTime$1
Event: 4.257 Loading class java/time/ZonedDateTime$1 done
Event: 4.263 Loading class sun/util/resources/LocaleData$CommonResourceBundleProvider
Event: 4.264 Loading class sun/util/resources/LocaleData$LocaleDataResourceBundleProvider
Event: 4.264 Loading class java/util/spi/ResourceBundleProvider
Event: 4.264 Loading class java/util/spi/ResourceBundleProvider done
Event: 4.264 Loading class sun/util/resources/LocaleData$LocaleDataResourceBundleProvider done
Event: 4.264 Loading class sun/util/resources/LocaleData$CommonResourceBundleProvider done
Event: 4.265 Loading class sun/util/resources/Bundles$2
Event: 4.265 Loading class sun/util/resources/Bundles$2 done

Classes unloaded (0 events):
No events

Classes redefined (0 events):
No events

Internal exceptions (20 events):
Event: 2.676 Thread 0x0000025e618d7540 Exception <a 'java/lang/NoSuchMethodError'{0x00000006231c3b78}: 'double java.lang.invoke.DelegatingMethodHandle$Holder.reinvoke_L(java.lang.Object, java.lang.Object, int)'> (0x00000006231c3b78) 
thrown [s\src\hotspot\share\interpreter\linkResolver.cpp, line 773]
Event: 2.677 Thread 0x0000025e618d7540 Exception <a 'java/lang/NoSuchMethodError'{0x00000006231d5808}: 'java.lang.Object java.lang.invoke.DirectMethodHandle$Holder.invokeStatic(java.lang.Object, java.lang.Object, java.lang.Object, java.lang.Object, int)'> (0x00000006231d5808) 
thrown [s\src\hotspot\share\interpreter\linkResolver.cpp, line 773]
Event: 2.679 Thread 0x0000025e618d7540 Exception <a 'java/lang/NoSuchMethodError'{0x00000006231e0a08}: 'void java.lang.invoke.DelegatingMethodHandle$Holder.reinvoke_L(java.lang.Object, java.lang.Object, double)'> (0x00000006231e0a08) 
thrown [s\src\hotspot\share\interpreter\linkResolver.cpp, line 773]
Event: 2.721 Thread 0x0000025e618d7540 Exception <a 'java/io/FileNotFoundException'{0x0000000622d17500}> (0x0000000622d17500) 
thrown [s\src\hotspot\share\prims\jni.cpp, line 520]
Event: 3.050 Thread 0x0000025e618d7540 Exception <a 'java/lang/IncompatibleClassChangeError'{0x0000000624abb078}: Found class java.lang.Object, but interface was expected> (0x0000000624abb078) 
thrown [s\src\hotspot\share\interpreter\linkResolver.cpp, line 840]
Event: 3.107 Thread 0x0000025e618d7540 Exception <a 'java/lang/NoSuchMethodError'{0x00000006244fad38}: 'int java.lang.invoke.DirectMethodHandle$Holder.invokeSpecial(java.lang.Object, java.lang.Object, int)'> (0x00000006244fad38) 
thrown [s\src\hotspot\share\interpreter\linkResolver.cpp, line 773]
Event: 3.107 Thread 0x0000025e618d7540 Exception <a 'java/lang/NoSuchMethodError'{0x0000000624502150}: 'int java.lang.invoke.DirectMethodHandle$Holder.invokeSpecial(java.lang.Object, java.lang.Object, java.lang.Object, int)'> (0x0000000624502150) 
thrown [s\src\hotspot\share\interpreter\linkResolver.cpp, line 773]
Event: 3.123 Thread 0x0000025e618d7540 Exception <a 'java/lang/NoSuchMethodError'{0x000000062456e0c8}: 'java.lang.Object java.lang.invoke.DirectMethodHandle$Holder.newInvokeSpecial(java.lang.Object, java.lang.Object, int)'> (0x000000062456e0c8) 
thrown [s\src\hotspot\share\interpreter\linkResolver.cpp, line 773]
Event: 3.230 Thread 0x0000025e60ba7b80 Exception <a 'java/lang/NoSuchMethodError'{0x00000006247c80a8}: 'java.lang.Object java.lang.invoke.DirectMethodHandle$Holder.invokeStaticInit(java.lang.Object, int)'> (0x00000006247c80a8) 
thrown [s\src\hotspot\share\interpreter\linkResolver.cpp, line 773]
Event: 3.730 Thread 0x0000025e602f1d30 Exception <a 'java/lang/NoSuchMethodError'{0x00000006241658b8}: 'long java.lang.invoke.DirectMethodHandle$Holder.invokeVirtual(java.lang.Object, java.lang.Object)'> (0x00000006241658b8) 
thrown [s\src\hotspot\share\interpreter\linkResolver.cpp, line 773]
Event: 3.730 Thread 0x0000025e602f1d30 Exception <a 'java/lang/NoSuchMethodError'{0x0000000624168e58}: 'long java.lang.invoke.DelegatingMethodHandle$Holder.reinvoke_L(java.lang.Object, java.lang.Object)'> (0x0000000624168e58) 
thrown [s\src\hotspot\share\interpreter\linkResolver.cpp, line 773]
Event: 4.134 Thread 0x0000025e618d7540 Exception <a 'java/lang/NoSuchMethodError'{0x0000000624283848}: 'java.lang.Object java.lang.invoke.DirectMethodHandle$Holder.newInvokeSpecial(java.lang.Object, java.lang.Object, int, int, int, int, int, java.lang.Object)'> (0x0000000624283848) 
thrown [s\src\hotspot\share\interpreter\linkResolver.cpp, line 773]
Event: 4.135 Thread 0x0000025e618d7540 Exception <a 'java/lang/NoSuchMethodError'{0x00000006242955b8}: 'java.lang.Object java.lang.invoke.DirectMethodHandle$Holder.newInvokeSpecial(java.lang.Object, java.lang.Object, java.lang.Object, int, int, int, int, int)'> (0x00000006242955b8) 
thrown [s\src\hotspot\share\interpreter\linkResolver.cpp, line 773]
Event: 4.135 Thread 0x0000025e618d7540 Exception <a 'java/lang/NoSuchMethodError'{0x000000062429c948}: 'java.lang.Object java.lang.invoke.Invokers$Holder.linkToTargetMethod(java.lang.Object, java.lang.Object, int, int, int, int, int, java.lang.Object)'> (0x000000062429c948) 
thrown [s\src\hotspot\share\interpreter\linkResolver.cpp, line 773]
Event: 4.140 Thread 0x0000025e618d7540 Exception <a 'java/lang/NoSuchMethodError'{0x00000006242be700}: 'long java.lang.invoke.DirectMethodHandle$Holder.invokeStatic(java.lang.Object, java.lang.Object, java.lang.Object)'> (0x00000006242be700) 
thrown [s\src\hotspot\share\interpreter\linkResolver.cpp, line 773]
Event: 4.140 Thread 0x0000025e618d7540 Exception <a 'java/lang/NoSuchMethodError'{0x00000006242c1ae0}: 'long java.lang.invoke.DirectMethodHandle$Holder.invokeStaticInit(java.lang.Object, java.lang.Object, java.lang.Object)'> (0x00000006242c1ae0) 
thrown [s\src\hotspot\share\interpreter\linkResolver.cpp, line 773]
Event: 4.141 Thread 0x0000025e618d7540 Exception <a 'java/lang/NoSuchMethodError'{0x00000006242d6170}: 'java.lang.Object java.lang.invoke.DirectMethodHandle$Holder.newInvokeSpecial(java.lang.Object, java.lang.Object, long)'> (0x00000006242d6170) 
thrown [s\src\hotspot\share\interpreter\linkResolver.cpp, line 773]
Event: 4.235 Thread 0x0000025e618d7540 Exception <a 'java/io/FileNotFoundException'{0x0000000624324930}> (0x0000000624324930) 
thrown [s\src\hotspot\share\prims\jni.cpp, line 520]
Event: 4.243 Thread 0x0000025e618d7540 Exception <a 'java/lang/NoSuchMethodError'{0x0000000624329a18}: 'java.lang.Object java.lang.invoke.DirectMethodHandle$Holder.invokeStatic(java.lang.Object, int, java.lang.Object)'> (0x0000000624329a18) 
thrown [s\src\hotspot\share\interpreter\linkResolver.cpp, line 773]
Event: 4.253 Thread 0x0000025e618d7540 Exception <a 'java/lang/ClassNotFoundException'{0x0000000624338f28}: sun/util/logging/resources/spi/loggingProvider> (0x0000000624338f28) 
thrown [s\src\hotspot\share\classfile\systemDictionary.cpp, line 312]

ZGC Phase Switch (0 events):
No events

VM Operations (20 events):
Event: 0.882 Executing VM operation: G1CollectForAllocation (G1 Evacuation Pause) done
Event: 1.108 Executing VM operation: HandshakeAllThreads (Deoptimize)
Event: 1.108 Executing VM operation: HandshakeAllThreads (Deoptimize) done
Event: 1.253 Executing VM operation: HandshakeAllThreads (Deoptimize)
Event: 1.254 Executing VM operation: HandshakeAllThreads (Deoptimize) done
Event: 1.694 Executing VM operation: HandshakeAllThreads (Deoptimize)
Event: 1.694 Executing VM operation: HandshakeAllThreads (Deoptimize) done
Event: 2.465 Executing VM operation: HandshakeAllThreads (Deoptimize)
Event: 2.465 Executing VM operation: HandshakeAllThreads (Deoptimize) done
Event: 2.465 Executing VM operation: Cleanup
Event: 2.465 Executing VM operation: Cleanup done
Event: 2.900 Executing VM operation: G1CollectForAllocation (G1 Evacuation Pause)
Event: 2.910 Executing VM operation: G1CollectForAllocation (G1 Evacuation Pause) done
Event: 3.910 Executing VM operation: Cleanup
Event: 3.911 Executing VM operation: Cleanup done
Event: 4.277 Executing VM operation: HandshakeAllThreads (Deoptimize)
Event: 4.278 Executing VM operation: HandshakeAllThreads (Deoptimize) done
Event: 5.279 Executing VM operation: Cleanup
Event: 5.279 Executing VM operation: Cleanup done
Event: 5.705 Executing VM operation: Exit

Memory protections (0 events):
No events

Nmethod flushes (0 events):
No events

Events (20 events):
Event: 2.271 Thread 0x0000025e7581a530 Thread added: 0x0000025e60df7f40
Event: 2.281 Thread 0x0000025e60dfad30 Thread added: 0x0000025e60dfad30
Event: 2.481 Thread 0x0000025e1abe1e00 Thread added: 0x0000025e61d48ad0
Event: 2.484 Thread 0x0000025e1abe1e00 Thread added: 0x0000025e61d46f90
Event: 2.490 Thread 0x0000025e1ad62ca0 Thread added: 0x0000025e61d47d30
Event: 2.514 Thread 0x0000025e1ad63340 Thread added: 0x0000025e61d468c0
Event: 2.627 Thread 0x0000025e1ab89ec0 Thread added: 0x0000025e61d47660
Event: 2.891 Thread 0x0000025e61d47660 Thread exited: 0x0000025e61d47660
Event: 3.043 Thread 0x0000025e618d7540 Thread added: 0x0000025e60df85d0
Event: 3.638 Thread 0x0000025e61d468c0 Thread exited: 0x0000025e61d468c0
Event: 3.638 Thread 0x0000025e61d47d30 Thread exited: 0x0000025e61d47d30
Event: 3.638 Thread 0x0000025e61d46f90 Thread exited: 0x0000025e61d46f90
Event: 3.638 Thread 0x0000025e61d48ad0 Thread exited: 0x0000025e61d48ad0
Event: 4.301 Thread 0x0000025e1ab89ec0 Thread added: 0x0000025e61d468c0
Event: 4.422 Thread 0x0000025e61d468c0 Thread exited: 0x0000025e61d468c0
Event: 5.703 Thread 0x0000025e618d7540 Thread added: 0x0000025e60df8c60
Event: 5.703 Thread 0x0000025e618d7540 Thread added: 0x0000025e60df78b0
Event: 5.704 Thread 0x0000025e60df8c60 Thread exited: 0x0000025e60df8c60
Event: 5.705 Thread 0x0000025e60df78b0 Thread exited: 0x0000025e60df78b0
Event: 5.705 Thread 0x0000025e618d7540 Before exit entered


Dynamic libraries:
0x00007ff6fb580000 - 0x00007ff6fb58e000 	C:\Users\e093379\.jdks\corretto-21.0.6\bin\java.exe
0x00007ffd31e30000 - 0x00007ffd32047000 	C:\WINDOWS\SYSTEM32\ntdll.dll
0x00007ffd2fac0000 - 0x00007ffd2fb84000 	C:\WINDOWS\System32\KERNEL32.DLL
0x00007ffd2f090000 - 0x00007ffd2f463000 	C:\WINDOWS\System32\KERNELBASE.dll
0x00007ffd2f700000 - 0x00007ffd2f811000 	C:\WINDOWS\System32\ucrtbase.dll
0x00007ffd2aab0000 - 0x00007ffd2aac8000 	C:\Users\e093379\.jdks\corretto-21.0.6\bin\jli.dll
0x00007ffd14700000 - 0x00007ffd1471b000 	C:\Users\e093379\.jdks\corretto-21.0.6\bin\VCRUNTIME140.dll
0x00007ffd2fc60000 - 0x00007ffd2fe11000 	C:\WINDOWS\System32\USER32.dll
0x00007ffd27270000 - 0x00007ffd2750b000 	C:\WINDOWS\WinSxS\amd64_microsoft.windows.common-controls_6595b64144ccf1df_6.0.22621.5262_none_2712bde373830908\COMCTL32.dll
0x00007ffd2ef20000 - 0x00007ffd2ef46000 	C:\WINDOWS\System32\win32u.dll
0x00007ffd31110000 - 0x00007ffd311b7000 	C:\WINDOWS\System32\msvcrt.dll
0x00007ffd30840000 - 0x00007ffd30869000 	C:\WINDOWS\System32\GDI32.dll
0x00007ffd2f990000 - 0x00007ffd2fab2000 	C:\WINDOWS\System32\gdi32full.dll
0x00007ffd2f5b0000 - 0x00007ffd2f64a000 	C:\WINDOWS\System32\msvcp_win.dll
0x00007ffd2fe20000 - 0x00007ffd2fe51000 	C:\WINDOWS\System32\IMM32.DLL
0x00007ffd2aaa0000 - 0x00007ffd2aaac000 	C:\Users\e093379\.jdks\corretto-21.0.6\bin\vcruntime140_1.dll
0x00007ffcfc1c0000 - 0x00007ffcfc24d000 	C:\Users\e093379\.jdks\corretto-21.0.6\bin\msvcp140.dll
0x00007ffc5dbd0000 - 0x00007ffc5e96f000 	C:\Users\e093379\.jdks\corretto-21.0.6\bin\server\jvm.dll
0x00007ffd319a0000 - 0x00007ffd31a51000 	C:\WINDOWS\System32\ADVAPI32.dll
0x00007ffd30790000 - 0x00007ffd30837000 	C:\WINDOWS\System32\sechost.dll
0x00007ffd2f6d0000 - 0x00007ffd2f6f8000 	C:\WINDOWS\System32\bcrypt.dll
0x00007ffd31ba0000 - 0x00007ffd31cb4000 	C:\WINDOWS\System32\RPCRT4.dll
0x00007ffd30700000 - 0x00007ffd30771000 	C:\WINDOWS\System32\WS2_32.dll
0x00007ffd24bb0000 - 0x00007ffd24be4000 	C:\WINDOWS\SYSTEM32\WINMM.dll
0x00007ffd24870000 - 0x00007ffd2487a000 	C:\WINDOWS\SYSTEM32\VERSION.dll
0x00007ffd2dc90000 - 0x00007ffd2dcdd000 	C:\WINDOWS\SYSTEM32\POWRPROF.dll
0x00007ffd2dc70000 - 0x00007ffd2dc83000 	C:\WINDOWS\SYSTEM32\UMPDC.dll
0x00007ffd2df30000 - 0x00007ffd2df48000 	C:\WINDOWS\SYSTEM32\kernel.appcore.dll
0x00007ffd2a500000 - 0x00007ffd2a50a000 	C:\Users\e093379\.jdks\corretto-21.0.6\bin\jimage.dll
0x00007ffd2c650000 - 0x00007ffd2c882000 	C:\WINDOWS\SYSTEM32\DBGHELP.DLL
0x00007ffd302e0000 - 0x00007ffd30673000 	C:\WINDOWS\System32\combase.dll
0x00007ffd31cc0000 - 0x00007ffd31d97000 	C:\WINDOWS\System32\OLEAUT32.dll
0x00007ffd24d50000 - 0x00007ffd24d82000 	C:\WINDOWS\SYSTEM32\dbgcore.DLL
0x00007ffd2f650000 - 0x00007ffd2f6cb000 	C:\WINDOWS\System32\bcryptPrimitives.dll
0x00007ffd2a560000 - 0x00007ffd2a56e000 	C:\Users\e093379\.jdks\corretto-21.0.6\bin\instrument.dll
0x00007ffd0dfd0000 - 0x00007ffd0dfef000 	C:\Users\e093379\.jdks\corretto-21.0.6\bin\java.dll
0x00007ffd30870000 - 0x00007ffd3110d000 	C:\WINDOWS\System32\SHELL32.dll
0x00007ffd2ef50000 - 0x00007ffd2f08f000 	C:\WINDOWS\System32\wintypes.dll
0x00007ffd2cb20000 - 0x00007ffd2d43d000 	C:\WINDOWS\SYSTEM32\windows.storage.dll
0x00007ffd31a90000 - 0x00007ffd31b9b000 	C:\WINDOWS\System32\SHCORE.dll
0x00007ffd2fef0000 - 0x00007ffd2ff56000 	C:\WINDOWS\System32\shlwapi.dll
0x00007ffd2ee50000 - 0x00007ffd2ee7b000 	C:\WINDOWS\SYSTEM32\profapi.dll
0x00007ffcf7ad0000 - 0x00007ffcf7ba7000 	C:\Users\e093379\.jdks\corretto-21.0.6\bin\jsvml.dll
0x00007ffd2a270000 - 0x00007ffd2a280000 	C:\Users\e093379\.jdks\corretto-21.0.6\bin\net.dll
0x00007ffd2df50000 - 0x00007ffd2e07c000 	C:\WINDOWS\SYSTEM32\WINHTTP.dll
0x00007ffd2e4d0000 - 0x00007ffd2e53a000 	C:\WINDOWS\system32\mswsock.dll
0x00007ffd0dfb0000 - 0x00007ffd0dfc6000 	C:\Users\e093379\.jdks\corretto-21.0.6\bin\nio.dll
0x00007ffd0dea0000 - 0x00007ffd0deb8000 	C:\Users\e093379\.jdks\corretto-21.0.6\bin\zip.dll
0x00007ffd01470000 - 0x00007ffd0148a000 	C:\Users\e093379\AppData\Local\JetBrains\IntelliJ IDEA 2024.3.1\bin\breakgen64.dll
0x00007ffd2d700000 - 0x00007ffd2d7f8000 	C:\WINDOWS\SYSTEM32\DNSAPI.dll
0x00007ffd2d6d0000 - 0x00007ffd2d6fd000 	C:\WINDOWS\SYSTEM32\IPHLPAPI.DLL
0x00007ffd306f0000 - 0x00007ffd306f9000 	C:\WINDOWS\System32\NSI.dll
0x00007ffd281f0000 - 0x00007ffd281fa000 	C:\Windows\System32\rasadhlp.dll
0x00007ffd29400000 - 0x00007ffd29483000 	C:\WINDOWS\System32\fwpuclnt.dll
0x00007ffd2a4c0000 - 0x00007ffd2a4c9000 	C:\Users\e093379\.jdks\corretto-21.0.6\bin\management.dll
0x00007ffd1b3c0000 - 0x00007ffd1b3cb000 	C:\Users\e093379\.jdks\corretto-21.0.6\bin\management_ext.dll
0x00007ffd31a60000 - 0x00007ffd31a68000 	C:\WINDOWS\System32\PSAPI.DLL
0x0000025e1af80000 - 0x0000025e1af83000 	C:\Users\e093379\.openjfx\cache\21+31\amd64\api-ms-win-core-console-l1-1-0.dll
0x0000025e1af90000 - 0x0000025e1af93000 	C:\Users\e093379\.openjfx\cache\21+31\amd64\api-ms-win-core-console-l1-2-0.dll
0x0000025e1afa0000 - 0x0000025e1afa3000 	C:\Users\e093379\.openjfx\cache\21+31\amd64\api-ms-win-core-datetime-l1-1-0.dll
0x0000025e1afb0000 - 0x0000025e1afb3000 	C:\Users\e093379\.openjfx\cache\21+31\amd64\api-ms-win-core-debug-l1-1-0.dll
0x0000025e1afc0000 - 0x0000025e1afc3000 	C:\Users\e093379\.openjfx\cache\21+31\amd64\api-ms-win-core-errorhandling-l1-1-0.dll
0x0000025e1afd0000 - 0x0000025e1afd4000 	C:\Users\e093379\.openjfx\cache\21+31\amd64\api-ms-win-core-file-l1-1-0.dll
0x0000025e1afe0000 - 0x0000025e1afe3000 	C:\Users\e093379\.openjfx\cache\21+31\amd64\api-ms-win-core-file-l1-2-0.dll
0x0000025e1aff0000 - 0x0000025e1aff3000 	C:\Users\e093379\.openjfx\cache\21+31\amd64\api-ms-win-core-file-l2-1-0.dll
0x0000025e62be0000 - 0x0000025e62be3000 	C:\Users\e093379\.openjfx\cache\21+31\amd64\api-ms-win-core-handle-l1-1-0.dll
0x0000025e62bf0000 - 0x0000025e62bf3000 	C:\Users\e093379\.openjfx\cache\21+31\amd64\api-ms-win-core-heap-l1-1-0.dll
0x0000025e62c00000 - 0x0000025e62c03000 	C:\Users\e093379\.openjfx\cache\21+31\amd64\api-ms-win-core-interlocked-l1-1-0.dll
0x0000025e62c10000 - 0x0000025e62c13000 	C:\Users\e093379\.openjfx\cache\21+31\amd64\api-ms-win-core-libraryloader-l1-1-0.dll
0x0000025e62c20000 - 0x0000025e62c23000 	C:\Users\e093379\.openjfx\cache\21+31\amd64\api-ms-win-core-localization-l1-2-0.dll
0x0000025e62c30000 - 0x0000025e62c33000 	C:\Users\e093379\.openjfx\cache\21+31\amd64\api-ms-win-core-memory-l1-1-0.dll
0x0000025e62c40000 - 0x0000025e62c43000 	C:\Users\e093379\.openjfx\cache\21+31\amd64\api-ms-win-core-namedpipe-l1-1-0.dll
0x0000025e62c50000 - 0x0000025e62c53000 	C:\Users\e093379\.openjfx\cache\21+31\amd64\api-ms-win-core-processenvironment-l1-1-0.dll
0x0000025e62c60000 - 0x0000025e62c63000 	C:\Users\e093379\.openjfx\cache\21+31\amd64\api-ms-win-core-processthreads-l1-1-0.dll
0x0000025e62c70000 - 0x0000025e62c73000 	C:\Users\e093379\.openjfx\cache\21+31\amd64\api-ms-win-core-processthreads-l1-1-1.dll
0x0000025e62c80000 - 0x0000025e62c83000 	C:\Users\e093379\.openjfx\cache\21+31\amd64\api-ms-win-core-profile-l1-1-0.dll
0x0000025e62c90000 - 0x0000025e62c93000 	C:\Users\e093379\.openjfx\cache\21+31\amd64\api-ms-win-core-rtlsupport-l1-1-0.dll
0x0000025e62ca0000 - 0x0000025e62ca3000 	C:\Users\e093379\.openjfx\cache\21+31\amd64\api-ms-win-core-string-l1-1-0.dll
0x0000025e62cb0000 - 0x0000025e62cb3000 	C:\Users\e093379\.openjfx\cache\21+31\amd64\api-ms-win-core-synch-l1-1-0.dll
0x0000025e62cc0000 - 0x0000025e62cc3000 	C:\Users\e093379\.openjfx\cache\21+31\amd64\api-ms-win-core-synch-l1-2-0.dll
0x0000025e62cd0000 - 0x0000025e62cd3000 	C:\Users\e093379\.openjfx\cache\21+31\amd64\api-ms-win-core-sysinfo-l1-1-0.dll
0x0000025e62ce0000 - 0x0000025e62ce3000 	C:\Users\e093379\.openjfx\cache\21+31\amd64\api-ms-win-core-timezone-l1-1-0.dll
0x0000025e62e10000 - 0x0000025e62e13000 	C:\Users\e093379\.openjfx\cache\21+31\amd64\api-ms-win-core-util-l1-1-0.dll
0x0000025e62e20000 - 0x0000025e62e23000 	C:\Users\e093379\.openjfx\cache\21+31\amd64\api-ms-win-crt-conio-l1-1-0.dll
0x0000025e62e30000 - 0x0000025e62e34000 	C:\Users\e093379\.openjfx\cache\21+31\amd64\api-ms-win-crt-convert-l1-1-0.dll
0x0000025e62e40000 - 0x0000025e62e43000 	C:\Users\e093379\.openjfx\cache\21+31\amd64\api-ms-win-crt-environment-l1-1-0.dll
0x0000025e62e50000 - 0x0000025e62e53000 	C:\Users\e093379\.openjfx\cache\21+31\amd64\api-ms-win-crt-filesystem-l1-1-0.dll
0x0000025e62e60000 - 0x0000025e62e63000 	C:\Users\e093379\.openjfx\cache\21+31\amd64\api-ms-win-crt-heap-l1-1-0.dll
0x0000025e62cf0000 - 0x0000025e62cf3000 	C:\Users\e093379\.openjfx\cache\21+31\amd64\api-ms-win-crt-locale-l1-1-0.dll
0x0000025e62fa0000 - 0x0000025e62fa5000 	C:\Users\e093379\.openjfx\cache\21+31\amd64\api-ms-win-crt-math-l1-1-0.dll
0x0000025e62fb0000 - 0x0000025e62fb5000 	C:\Users\e093379\.openjfx\cache\21+31\amd64\api-ms-win-crt-multibyte-l1-1-0.dll
0x0000025e62fc0000 - 0x0000025e62fd0000 	C:\Users\e093379\.openjfx\cache\21+31\amd64\api-ms-win-crt-private-l1-1-0.dll
0x0000025e62fd0000 - 0x0000025e62fd3000 	C:\Users\e093379\.openjfx\cache\21+31\amd64\api-ms-win-crt-process-l1-1-0.dll
0x0000025e62fe0000 - 0x0000025e62fe4000 	C:\Users\e093379\.openjfx\cache\21+31\amd64\api-ms-win-crt-runtime-l1-1-0.dll
0x0000025e62ff0000 - 0x0000025e62ff4000 	C:\Users\e093379\.openjfx\cache\21+31\amd64\api-ms-win-crt-stdio-l1-1-0.dll
0x0000025e62d00000 - 0x0000025e62d04000 	C:\Users\e093379\.openjfx\cache\21+31\amd64\api-ms-win-crt-string-l1-1-0.dll
0x0000025e62d10000 - 0x0000025e62d13000 	C:\Users\e093379\.openjfx\cache\21+31\amd64\api-ms-win-crt-time-l1-1-0.dll
0x0000025e62d20000 - 0x0000025e62d23000 	C:\Users\e093379\.openjfx\cache\21+31\amd64\api-ms-win-crt-utility-l1-1-0.dll
0x00007ffcc9720000 - 0x00007ffcc981c000 	C:\Users\e093379\.openjfx\cache\21+31\amd64\ucrtbase.dll
0x00007ffcfee10000 - 0x00007ffcfee2b000 	C:\Users\e093379\.openjfx\cache\21+31\amd64\vcruntime140.dll
0x00007ffd14720000 - 0x00007ffd1472c000 	C:\Users\e093379\.openjfx\cache\21+31\amd64\vcruntime140_1.dll
0x00007ffcf70a0000 - 0x00007ffcf712e000 	C:\Users\e093379\.openjfx\cache\21+31\amd64\msvcp140.dll
0x00007ffd2ff60000 - 0x00007ffd30101000 	C:\WINDOWS\System32\ole32.dll
0x00007ffd0f550000 - 0x00007ffd0f559000 	C:\Users\e093379\.openjfx\cache\21+31\amd64\msvcp140_1.dll
0x00007ffcfc630000 - 0x00007ffcfc65f000 	C:\Users\e093379\.openjfx\cache\21+31\amd64\msvcp140_2.dll
0x00007ffcf7850000 - 0x00007ffcf787f000 	C:\Users\e093379\.openjfx\cache\21+31\amd64\prism_d3d.dll
0x00007ffce90c0000 - 0x00007ffce9268000 	C:\WINDOWS\system32\d3d9.dll
0x00007ffd2b4f0000 - 0x00007ffd2b51e000 	C:\WINDOWS\SYSTEM32\dwmapi.dll
0x00007ffd2bb80000 - 0x00007ffd2bbb7000 	C:\WINDOWS\SYSTEM32\dxcore.dll
0x00007ffd2b3b0000 - 0x00007ffd2b463000 	C:\WINDOWS\system32\uxtheme.dll
0x00007ffd2ec10000 - 0x00007ffd2ec5e000 	C:\WINDOWS\SYSTEM32\cfgmgr32.dll
0x00007ffd2f820000 - 0x00007ffd2f987000 	C:\WINDOWS\System32\CRYPT32.dll
0x00007ffd27750000 - 0x00007ffd27799000 	C:\WINDOWS\SYSTEM32\directxdatabasehelper.dll
0x00007ffd2e7d0000 - 0x00007ffd2e7eb000 	C:\WINDOWS\SYSTEM32\CRYPTSP.dll
0x00007ffd2de90000 - 0x00007ffd2dec7000 	C:\WINDOWS\system32\rsaenh.dll
0x00007ffd2e570000 - 0x00007ffd2e598000 	C:\WINDOWS\SYSTEM32\USERENV.dll
0x00007ffd2e7b0000 - 0x00007ffd2e7bc000 	C:\WINDOWS\SYSTEM32\CRYPTBASE.dll
0x00007ffd08980000 - 0x00007ffd08997000 	C:\WINDOWS\system32\napinsp.dll
0x00007ffd076d0000 - 0x00007ffd076eb000 	C:\WINDOWS\system32\pnrpnsp.dll
0x00007ffd028f0000 - 0x00007ffd02901000 	C:\WINDOWS\System32\winrnr.dll
0x00007ffd028d0000 - 0x00007ffd028ef000 	C:\WINDOWS\system32\wshbth.dll
0x00007ffd023e0000 - 0x00007ffd02401000 	C:\WINDOWS\system32\nlansp_c.dll
0x00007ffd0dd90000 - 0x00007ffd0dde0000 	C:\WINDOWS\SYSTEM32\pdh.dll
0x00007ffd2e820000 - 0x00007ffd2e832000 	C:\WINDOWS\SYSTEM32\msasn1.dll
0x00007ffd1afd0000 - 0x00007ffd1b002000 	C:\WINDOWS\SYSTEM32\cryptnet.dll
0x00007ffd2f470000 - 0x00007ffd2f4ec000 	C:\WINDOWS\System32\wintrust.dll
0x00007ffd2fc40000 - 0x00007ffd2fc5f000 	C:\WINDOWS\System32\imagehlp.dll
0x00007ffd08dc0000 - 0x00007ffd08e02000 	C:\Users\e093379\.openjfx\cache\21+31\amd64\glass.dll

dbghelp: loaded successfully - version: 4.0.5 - missing functions: none
symbol engine: initialized successfully - sym options: 0x614 - pdb path: .;C:\Users\e093379\.jdks\corretto-21.0.6\bin;C:\WINDOWS\SYSTEM32;C:\WINDOWS\WinSxS\amd64_microsoft.windows.common-controls_6595b64144ccf1df_6.0.22621.5262_none_2712bde373830908;C:\Users\e093379\.jdks\corretto-21.0.6\bin\server;C:\Users\e093379\AppData\Local\JetBrains\IntelliJ IDEA 2024.3.1\bin;C:\Users\e093379\.openjfx\cache\21+31\amd64;C:\WINDOWS\System32\DriverStore\FileRepository\nvltwi.inf_amd64_dd75fef7bca2758e;C:\WINDOWS\System32\DriverStore\FileRepository\iigd_dch.inf_amd64_89d4d93fe5389cc3;C:\Program Files\Common Files\Microsoft Shared\Ink;C:\Windows\Microsoft.NET\Framework64\v4.0.30319

VM Arguments:
jvm_args: -javaagent:C:\Users\e093379\AppData\Local\JetBrains\IntelliJ IDEA 2024.3.1\lib\idea_rt.jar=56315:C:\Users\e093379\AppData\Local\JetBrains\IntelliJ IDEA 2024.3.1\bin -Dfile.encoding=UTF-8 -Dsun.stdout.encoding=UTF-8 -Dsun.stderr.encoding=UTF-8 --module-path=C:\.m2\repository\org\openjfx\javafx-graphics\21\javafx-graphics-21-win.jar;C:\.m2\repository\org\openjfx\javafx-base\21\javafx-base-21-win.jar;C:\Users\e093379\Desktop\Project_IHM\target\classes;C:\.m2\repository\org\openjfx\javafx-controls\21\javafx-controls-21-win.jar;C:\.m2\repository\org\openjfx\javafx-fxml\21\javafx-fxml-21-win.jar -Djdk.module.main=com.example.project_ihm 
java_command: com.example.project_ihm/com.example.project_ihm.Main
java_class_path (initial): C:\.m2\repository\org\openjfx\javafx-controls\21\javafx-controls-21.jar;C:\.m2\repository\org\openjfx\javafx-graphics\21\javafx-graphics-21.jar;C:\.m2\repository\org\openjfx\javafx-base\21\javafx-base-21.jar;C:\.m2\repository\org\openjfx\javafx-fxml\21\javafx-fxml-21.jar
Launcher Type: SUN_STANDARD

[Global flags]
     intx CICompilerCount                          = 12                                        {product} {ergonomic}
     uint ConcGCThreads                            = 4                                         {product} {ergonomic}
     uint G1ConcRefinementThreads                  = 15                                        {product} {ergonomic}
   size_t G1HeapRegionSize                         = 4194304                                   {product} {ergonomic}
    uintx GCDrainStackTargetSize                   = 64                                        {product} {ergonomic}
   size_t InitialHeapSize                          = 532676608                                 {product} {ergonomic}
   size_t MarkStackSize                            = 4194304                                   {product} {ergonomic}
   size_t MaxHeapSize                              = 8501854208                                {product} {ergonomic}
   size_t MaxNewSize                               = 5100273664                                {product} {ergonomic}
   size_t MinHeapDeltaBytes                        = 4194304                                   {product} {ergonomic}
   size_t MinHeapSize                              = 8388608                                   {product} {ergonomic}
    uintx NonNMethodCodeHeapSize                   = 7602480                                {pd product} {ergonomic}
    uintx NonProfiledCodeHeapSize                  = 122027880                              {pd product} {ergonomic}
    uintx ProfiledCodeHeapSize                     = 122027880                              {pd product} {ergonomic}
    uintx ReservedCodeCacheSize                    = 251658240                              {pd product} {ergonomic}
     bool SegmentedCodeCache                       = true                                      {product} {ergonomic}
   size_t SoftMaxHeapSize                          = 8501854208                             {manageable} {ergonomic}
     bool UseCompressedOops                        = true                           {product lp64_product} {ergonomic}
     bool UseG1GC                                  = true                                      {product} {ergonomic}
     bool UseLargePagesIndividualAllocation        = false                                  {pd product} {ergonomic}

Logging:
Log output configuration:
 #0: stdout all=off uptime,level,tags foldmultilines=false
 #1: stderr all=off uptime,level,tags foldmultilines=false

Environment Variables:
JAVA_HOME=C:\DLocal\SE\microsoft-jdk-21.0.4+7
PATH=C:\WINDOWS\system32;C:\WINDOWS;C:\WINDOWS\System32\Wbem;C:\WINDOWS\System32\WindowsPowerShell\v1.0\;C:\WINDOWS\System32\OpenSSH\;C:\Program Files\SafeNet\Authentication\SAC\x64;C:\Program Files\SafeNet\Authentication\SAC\x32;C:\Program Files\Git\cmd;C:\Program Files\CMake\bin;C:\Program Files (x86)\PuTTY\;C:\Program Files\TortoiseGit\bin;C:\Program Files (x86)\Windows Kits\10\Windows Performance Toolkit\;C:\Program Files\nodejs\;C:\ProgramData\chocolatey\bin;C:\Program Files\Docker\Docker\resources\bin;c:\Users\e093379\AppData\Local\Programs\cursor\resources\app\bin;C:\Program Files\PowerShell\7\;C:\Users\e093379\AppData\Local\Microsoft\WindowsApps;C:\Users\e093379\AppData\Local\Microsoft\WinGet\Packages\Ninja-build.Ninja_Microsoft.Winget.Source_8wekyb3d8bbwe;C:\Users\e093379\AppData\Local\Programs\oh-my-posh\bin;C:\Users\e093379\AppData\Local\JetBrains\IntelliJ IDEA 2024.3.1\bin;;C:\Users\e093379\AppData\Local\Programs\Microsoft VS Code\bin;C:\Users\e093379\AppData\Roaming\npm;C:\Program Files\Vagrant\embedded\mingw64\bin
USERNAME=E093379
OS=Windows_NT
PROCESSOR_IDENTIFIER=Intel64 Family 6 Model 186 Stepping 2, GenuineIntel
TMP=C:\Users\e093379\AppData\Local\Temp
TEMP=C:\Users\e093379\AppData\Local\Temp




Periodic native trim disabled

---------------  S Y S T E M  ---------------

OS:
 Windows 11 , 64 bit Build 22621 (10.0.22621.5262)
OS uptime: 1 days 1:38 hours
Hyper-V role detected

CPU: total 20 (initial active 20) (10 cores per cpu, 2 threads per core) family 6 model 186 stepping 2 microcode 0x410e, cx8, cmov, fxsr, ht, mmx, 3dnowpref, sse, sse2, sse3, ssse3, sse4.1, sse4.2, popcnt, lzcnt, tsc, tscinvbit, avx, avx2, aes, erms, clmul, bmi1, bmi2, adx, sha, fma, vzeroupper, clflush, clflushopt, clwb, hv, serialize, rdtscp, rdpid, fsrm, f16c, cet_ibt, cet_ss
Processor Information for processor 0
  Max Mhz: 2500, Current Mhz: 2500, Mhz Limit: 2500
Processor Information for processor 1
  Max Mhz: 2500, Current Mhz: 2500, Mhz Limit: 2500
Processor Information for processor 2
  Max Mhz: 2500, Current Mhz: 2500, Mhz Limit: 2500
Processor Information for processor 3
  Max Mhz: 2500, Current Mhz: 2500, Mhz Limit: 2500
Processor Information for processor 4
  Max Mhz: 2500, Current Mhz: 2500, Mhz Limit: 2500
Processor Information for processor 5
  Max Mhz: 2500, Current Mhz: 2500, Mhz Limit: 2500
Processor Information for processor 6
  Max Mhz: 2500, Current Mhz: 2500, Mhz Limit: 2500
Processor Information for processor 7
  Max Mhz: 2500, Current Mhz: 2500, Mhz Limit: 2500
Processor Information for processor 8
  Max Mhz: 2500, Current Mhz: 2500, Mhz Limit: 2500
Processor Information for processor 9
  Max Mhz: 2500, Current Mhz: 2500, Mhz Limit: 2500
Processor Information for processor 10
  Max Mhz: 2500, Current Mhz: 2500, Mhz Limit: 2500
Processor Information for processor 11
  Max Mhz: 2500, Current Mhz: 2500, Mhz Limit: 2500
Processor Information for processor 12
  Max Mhz: 2500, Current Mhz: 1800, Mhz Limit: 1800
Processor Information for processor 13
  Max Mhz: 2500, Current Mhz: 1800, Mhz Limit: 1800
Processor Information for processor 14
  Max Mhz: 2500, Current Mhz: 1800, Mhz Limit: 1800
Processor Information for processor 15
  Max Mhz: 2500, Current Mhz: 1800, Mhz Limit: 1800
Processor Information for processor 16
  Max Mhz: 2500, Current Mhz: 1800, Mhz Limit: 1800
Processor Information for processor 17
  Max Mhz: 2500, Current Mhz: 1800, Mhz Limit: 1800
Processor Information for processor 18
  Max Mhz: 2500, Current Mhz: 1800, Mhz Limit: 1800
Processor Information for processor 19
  Max Mhz: 2500, Current Mhz: 1800, Mhz Limit: 1800

Memory: 4k page, system-wide physical 32424M (11356M free)
TotalPageFile size 37288M (AvailPageFile size 6224M)
current process WorkingSet (physical memory assigned to process): 248M, peak: 268M
current process commit charge ("private bytes"): 805M, peak: 827M

vm_info: OpenJDK 64-Bit Server VM (21.0.6+7-LTS) for windows-amd64 JRE (21.0.6+7-LTS), built on 2025-01-07T23:42:01Z by "Administrator" with MS VC++ 16.10 / 16.11 (VS2019)

END.
